/*C8*/SET SCHEMA PUBLIC
set database SQL regular names false
set database SQL syntax ora true
set database transaction control MVLocks
DISCONNECT
/*C10*/SET SCHEMA PUBLIC
DISCONNECT
/*C11*/SET SCHEMA PUBLIC
DELETE FROM AGENT WHERE ID=1
INSERT INTO AGENT VALUES(1,'ip_172.25.106.248','172.25.106.248',9090,1,1,1,0,1523204447697,1523219142636,'Server shutdown','f831b33ea10d50becc2ab2811e09498c',NULL,NULL)
COMMIT
/*C13*/SET SCHEMA PUBLIC
INSERT INTO SERVER_STATISTICS VALUES(1,1,1523220115690)
COMMIT
INSERT INTO SERVER_STATISTICS VALUES(2,0,1523220115690)
COMMIT
DELETE FROM USERS WHERE ID=1
INSERT INTO USERS VALUES(1,'username','XMAuSSqTwtJ64KCq:00255aba5b1e6cf08d16251124436946','josh','josh.quintus@gmail.com',1523220200851)
COMMIT
INSERT INTO AGENT VALUES(2,'ip_172.17.231.177','172.17.231.177',9090,0,1,0,0,1523220202670,1523220202670,NULL,'',NULL,NULL)
COMMIT
DELETE FROM AGENT WHERE ID=2
INSERT INTO AGENT VALUES(2,'ip_172.17.231.177','172.17.231.177',9090,0,1,0,0,1523220202670,1523220202670,NULL,'e1d217ad876f097c2d1d240b303effdd',NULL,NULL)
COMMIT
INSERT INTO AGENT_TYPE VALUES(2,0,'A','A','real-2',1)
COMMIT
DELETE FROM AGENT WHERE ID=2
INSERT INTO AGENT VALUES(2,'ip_172.17.231.177','172.17.231.177',9090,2,1,0,0,1523220202670,1523220202670,NULL,'e1d217ad876f097c2d1d240b303effdd',NULL,NULL)
COMMIT
DELETE FROM AGENT WHERE ID=2
INSERT INTO AGENT VALUES(2,'ip_172.17.231.177','172.17.231.177',9090,2,1,0,1,1523220202670,1523220202670,NULL,'e1d217ad876f097c2d1d240b303effdd',NULL,NULL)
COMMIT
DELETE FROM AGENT WHERE ID=2
INSERT INTO AGENT VALUES(2,'ip_172.17.231.177','172.17.231.177',9090,2,1,0,1,1523220202670,1523220203130,NULL,'e1d217ad876f097c2d1d240b303effdd',NULL,NULL)
COMMIT
DELETE FROM AGENT WHERE ID=2
INSERT INTO AGENT VALUES(2,'ip_172.17.231.177','172.17.231.177',9090,2,1,0,1,1523220202670,1523220205683,NULL,'e1d217ad876f097c2d1d240b303effdd',NULL,NULL)
COMMIT
DELETE FROM AGENT WHERE ID=2
INSERT INTO AGENT VALUES(2,'ip_172.17.231.177','172.17.231.177',9090,2,1,0,0,1523220202670,1523220205683,'Agent has unregistered (will upgrade)','e1d217ad876f097c2d1d240b303effdd',NULL,NULL)
COMMIT
DELETE FROM AGENT WHERE ID=2
INSERT INTO AGENT VALUES(2,'ip_172.17.231.177','172.17.231.177',9090,2,1,0,0,1523220202670,1523220205683,'Agent has unregistered (will upgrade)','e1d217ad876f097c2d1d240b303effdd',NULL,NULL)
COMMIT
DELETE FROM AGENT WHERE ID=2
INSERT INTO AGENT VALUES(2,'ip_172.17.231.177','172.17.231.177',9090,2,1,0,0,1523220202670,1523220205683,'Agent has unregistered (will upgrade)','e1d217ad876f097c2d1d240b303effdd',NULL,NULL)
COMMIT
DELETE FROM AGENT WHERE ID=2
INSERT INTO AGENT VALUES(2,'ip_172.17.231.177','172.17.231.177',9090,2,1,0,0,1523220202670,1523220205683,'Agent has unregistered (will upgrade)','e1d217ad876f097c2d1d240b303effdd',NULL,NULL)
COMMIT
INSERT INTO AGENT_TYPE_INFO VALUES(2,'Windows Server 2016, version 10.0',155,'2018-04-08 15:53:33.472000','2018-04-08 15:53:33.472000')
INSERT INTO AGENT_TYPE_RUNNER VALUES(2,'Ant')
INSERT INTO AGENT_TYPE_RUNNER VALUES(2,'simpleRunner')
INSERT INTO AGENT_TYPE_RUNNER VALUES(2,'cargo-deploy-runner')
INSERT INTO AGENT_TYPE_RUNNER VALUES(2,'dotnet-tools-dupfinder')
INSERT INTO AGENT_TYPE_RUNNER VALUES(2,'Duplicator')
INSERT INTO AGENT_TYPE_RUNNER VALUES(2,'ftp-deploy-runner')
INSERT INTO AGENT_TYPE_RUNNER VALUES(2,'FxCop')
INSERT INTO AGENT_TYPE_RUNNER VALUES(2,'gradle-runner')
INSERT INTO AGENT_TYPE_RUNNER VALUES(2,'dotnet-tools-inspectcode')
INSERT INTO AGENT_TYPE_RUNNER VALUES(2,'Inspection')
INSERT INTO AGENT_TYPE_RUNNER VALUES(2,'JPS')
INSERT INTO AGENT_TYPE_RUNNER VALUES(2,'Maven2')
INSERT INTO AGENT_TYPE_RUNNER VALUES(2,'rake-runner')
INSERT INTO AGENT_TYPE_RUNNER VALUES(2,'SBT')
INSERT INTO AGENT_TYPE_RUNNER VALUES(2,'smb-deploy-runner')
INSERT INTO AGENT_TYPE_RUNNER VALUES(2,'ssh-exec-runner')
INSERT INTO AGENT_TYPE_RUNNER VALUES(2,'ssh-deploy-runner')
INSERT INTO AGENT_TYPE_VCS VALUES(2,'tfs')
INSERT INTO AGENT_TYPE_VCS VALUES(2,'cvs')
INSERT INTO AGENT_TYPE_VCS VALUES(2,'jetbrains.git')
INSERT INTO AGENT_TYPE_VCS VALUES(2,'mercurial')
INSERT INTO AGENT_TYPE_VCS VALUES(2,'svn')
INSERT INTO AGENT_TYPE_VCS VALUES(2,'perforce')
INSERT INTO AGENT_TYPE_PARAM VALUES(2,'B','env.=C:','C:\BuildAgent\bin')
INSERT INTO AGENT_TYPE_PARAM VALUES(2,'B','env.=ExitCode','00000000')
INSERT INTO AGENT_TYPE_PARAM VALUES(2,'B','env.ALLUSERSPROFILE','C:\ProgramData')
INSERT INTO AGENT_TYPE_PARAM VALUES(2,'B','env.APPDATA','C:\Users\ContainerAdministrator\AppData\Roaming')
INSERT INTO AGENT_TYPE_PARAM VALUES(2,'B','env.COMPUTERNAME','D4D854C97FE2')
INSERT INTO AGENT_TYPE_PARAM VALUES(2,'B','env.CONFIG_FILE','C:/BuildAgent/conf/buildAgent.properties')
INSERT INTO AGENT_TYPE_PARAM VALUES(2,'B','env.ComSpec','C:\Windows\system32\cmd.exe')
INSERT INTO AGENT_TYPE_PARAM VALUES(2,'B','env.CommonProgramFiles','C:\Program Files\Common Files')
INSERT INTO AGENT_TYPE_PARAM VALUES(2,'B','env.CommonProgramFiles(x86)','C:\Program Files (x86)\Common Files')
INSERT INTO AGENT_TYPE_PARAM VALUES(2,'B','env.CommonProgramW6432','C:\Program Files\Common Files')
INSERT INTO AGENT_TYPE_PARAM VALUES(2,'B','env.DOTNET_CLI_TELEMETRY_OPTOUT','true')
INSERT INTO AGENT_TYPE_PARAM VALUES(2,'B','env.DOTNET_SKIP_FIRST_TIME_EXPERIENCE','true')
INSERT INTO AGENT_TYPE_PARAM VALUES(2,'B','env.FJ_JAVA_VERSION','1.8.0_151')
INSERT INTO AGENT_TYPE_PARAM VALUES(2,'B','env.FJ_MIN_UNSUPPORTED_JAVA_VERSION','9')
INSERT INTO AGENT_TYPE_PARAM VALUES(2,'B','env.JAVA_EXE','C:\Program Files\Java\Oracle\jre\bin\java.exe')
INSERT INTO AGENT_TYPE_PARAM VALUES(2,'B','env.JRE_18','C:\Program Files\Java\Oracle\jre')
INSERT INTO AGENT_TYPE_PARAM VALUES(2,'B','env.JRE_18_x64','C:\Program Files\Java\Oracle\jre')
INSERT INTO AGENT_TYPE_PARAM VALUES(2,'B','env.JRE_HOME','C:\Program Files\Java\Oracle\jre')
INSERT INTO AGENT_TYPE_PARAM VALUES(2,'B','env.LOCALAPPDATA','C:\Users\ContainerAdministrator\AppData\Local')
INSERT INTO AGENT_TYPE_PARAM VALUES(2,'B','env.NUGET_XMLDOC_MODE','skip')
INSERT INTO AGENT_TYPE_PARAM VALUES(2,'B','env.NUMBER_OF_PROCESSORS','2')
INSERT INTO AGENT_TYPE_PARAM VALUES(2,'B','env.OS','Windows_NT')
INSERT INTO AGENT_TYPE_PARAM VALUES(2,'B','env.PATHEXT','.COM;.EXE;.BAT;.CMD')
INSERT INTO AGENT_TYPE_PARAM VALUES(2,'B','env.PROCESSOR_ARCHITECTURE','AMD64')
INSERT INTO AGENT_TYPE_PARAM VALUES(2,'B','env.PROCESSOR_IDENTIFIER','Intel64 Family 6 Model 69 Stepping 1, GenuineIntel')
INSERT INTO AGENT_TYPE_PARAM VALUES(2,'B','env.PROCESSOR_LEVEL','6')
INSERT INTO AGENT_TYPE_PARAM VALUES(2,'B','env.PROCESSOR_REVISION','4501')
INSERT INTO AGENT_TYPE_PARAM VALUES(2,'B','env.PROMPT','$P$G')
INSERT INTO AGENT_TYPE_PARAM VALUES(2,'B','env.PSMODULEPATH','C:\Users\ContainerAdministrator\Documents\WindowsPowerShell\Modules;C:\Program Files\WindowsPowerShell\Modules;c:\windows\system32\windowspowershell\v1.0\Modules')
INSERT INTO AGENT_TYPE_PARAM VALUES(2,'B','env.PUBLIC','C:\Users\Public')
INSERT INTO AGENT_TYPE_PARAM VALUES(2,'B','env.Path','C:\Windows\system32;C:\Windows;C:\Windows\System32\Wbem;C:\Windows\System32\WindowsPowerShell\v1.0\;C:\Users\ContainerAdministrator\AppData\Local\Microsoft\WindowsApps;C:\Program Files\Java\Oracle\bin;C:\Program Files\Java\Oracle\jre\bin;;C:\Program Files\Git\cmd;C:\Program Files\Mercurial;C:\Program Files\dotnet;')
INSERT INTO AGENT_TYPE_PARAM VALUES(2,'B','env.ProgramData','C:\ProgramData')
INSERT INTO AGENT_TYPE_PARAM VALUES(2,'B','env.ProgramFiles','C:\Program Files')
INSERT INTO AGENT_TYPE_PARAM VALUES(2,'B','env.ProgramFiles(x86)','C:\Program Files (x86)')
INSERT INTO AGENT_TYPE_PARAM VALUES(2,'B','env.ProgramW6432','C:\Program Files')
INSERT INTO AGENT_TYPE_PARAM VALUES(2,'B','env.SERVER_URL','http://server:8111')
INSERT INTO AGENT_TYPE_PARAM VALUES(2,'B','env.SystemDrive','C:')
INSERT INTO AGENT_TYPE_PARAM VALUES(2,'B','env.SystemRoot','C:\Windows')
INSERT INTO AGENT_TYPE_PARAM VALUES(2,'B','env.TEAMCITY_AGENT_CONFIG_FILE','..\conf\buildAgent.properties')
INSERT INTO AGENT_TYPE_PARAM VALUES(2,'B','env.TEAMCITY_AGENT_CURRENT_DIR','C:\BuildAgent\bin')
INSERT INTO AGENT_TYPE_PARAM VALUES(2,'B','env.TEAMCITY_AGENT_JAVA_EXEC','C:\Program Files\Java\Oracle\jre\bin\java.exe')
INSERT INTO AGENT_TYPE_PARAM VALUES(2,'B','env.TEAMCITY_AGENT_LOG_DIR','../logs/')
INSERT INTO AGENT_TYPE_PARAM VALUES(2,'B','env.TEAMCITY_AGENT_MEM_OPTS_ACTUAL','-Xmx384m')
INSERT INTO AGENT_TYPE_PARAM VALUES(2,'B','env.TEAMCITY_AGENT_OPTS_ACTUAL',' -ea -Xmx384m -Dlog4j.configuration=file:../conf/teamcity-agent-log4j.xml -Dteamcity_logs=../logs/')
INSERT INTO AGENT_TYPE_PARAM VALUES(2,'B','env.TEAMCITY_CAPTURE_ENV','"C:\Program Files\Java\Oracle\jre\bin\java.exe" -jar "C:\BuildAgent\plugins\environment-fetcher\bin\env-fetcher.jar"')
INSERT INTO AGENT_TYPE_PARAM VALUES(2,'B','env.TEAMCITY_GIT_PATH','git.exe')
INSERT INTO AGENT_TYPE_PARAM VALUES(2,'B','env.TEAMCITY_LAUNCHER_CLASSPATH','..\launcher\lib\launcher.jar')
INSERT INTO AGENT_TYPE_PARAM VALUES(2,'B','env.TEAMCITY_LAUNCHER_OPTS_ACTUAL',' -ea')
INSERT INTO AGENT_TYPE_PARAM VALUES(2,'B','env.TEAMCITY_SERVER_MEM_OPTS','-Xmx2g -XX:ReservedCodeCacheSize=350m')
INSERT INTO AGENT_TYPE_PARAM VALUES(2,'B','env.TEMP','C:\Users\ContainerAdministrator\AppData\Local\Temp')
INSERT INTO AGENT_TYPE_PARAM VALUES(2,'B','env.TMP','C:\Users\ContainerAdministrator\AppData\Local\Temp')
INSERT INTO AGENT_TYPE_PARAM VALUES(2,'B','env.USERDOMAIN','User Manager')
INSERT INTO AGENT_TYPE_PARAM VALUES(2,'B','env.USERNAME','ContainerAdministrator')
INSERT INTO AGENT_TYPE_PARAM VALUES(2,'B','env.USERPROFILE','C:\Users\ContainerAdministrator')
INSERT INTO AGENT_TYPE_PARAM VALUES(2,'B','env.java_hint','C:\BuildAgent\bin\..\jre')
INSERT INTO AGENT_TYPE_PARAM VALUES(2,'B','env.windir','C:\Windows')
INSERT INTO AGENT_TYPE_PARAM VALUES(2,'B','system.agent.home.dir','C:\BuildAgent')
INSERT INTO AGENT_TYPE_PARAM VALUES(2,'B','system.agent.name','ip_172.17.231.177')
INSERT INTO AGENT_TYPE_PARAM VALUES(2,'B','system.agent.work.dir','C:\BuildAgent\work')
INSERT INTO AGENT_TYPE_PARAM VALUES(2,'B','system.teamcity.agent.cpuBenchmark','155')
INSERT INTO AGENT_TYPE_PARAM VALUES(2,'B','system.teamcity.build.tempDir','C:\BuildAgent\temp\buildTmp')
INSERT INTO AGENT_TYPE_PARAM VALUES(2,'B','system.teamcity.dotnet.nunitaddin','C:\BuildAgent\plugins\dotnetPlugin\bin\JetBrains.TeamCity.NUnitAddin-NUnit')
INSERT INTO AGENT_TYPE_PARAM VALUES(2,'B','system.teamcity.dotnet.nunitlauncher','C:\BuildAgent\plugins\dotnetPlugin\bin\JetBrains.BuildServer.NUnitLauncher.exe')
INSERT INTO AGENT_TYPE_PARAM VALUES(2,'B','system.teamcity.dotnet.nunitlauncher.msbuild.task','C:\BuildAgent\plugins\dotnetPlugin\bin\JetBrains.BuildServer.MSBuildLoggers.dll')
INSERT INTO AGENT_TYPE_PARAM VALUES(2,'B','system.teamcity.dotnet.nunitlauncher1.1','C:\BuildAgent\plugins\dotnetPlugin\bin\JetBrains.BuildServer.NUnitLauncher1.1.exe')
INSERT INTO AGENT_TYPE_PARAM VALUES(2,'B','system.teamcity.dotnet.nunitlauncher2.0','C:\BuildAgent\plugins\dotnetPlugin\bin\JetBrains.BuildServer.NUnitLauncher2.0.exe')
INSERT INTO AGENT_TYPE_PARAM VALUES(2,'B','system.teamcity.dotnet.nunitlauncher2.0.vsts','C:\BuildAgent\plugins\dotnetPlugin\bin\JetBrains.BuildServer.NUnitLauncher2.0.VSTS.exe')
INSERT INTO AGENT_TYPE_PARAM VALUES(2,'B','system.teamcity.dotnet.platform','C:\BuildAgent\plugins\dotnetPlugin\bin\JetBrains.TeamCity.PlatformProcessRunner.1.1.exe')
INSERT INTO AGENT_TYPE_PARAM VALUES(2,'C','teamcity.agent.hardware.cpuCount','2')
INSERT INTO AGENT_TYPE_PARAM VALUES(2,'C','teamcity.agent.hardware.memorySizeMb','1023')
INSERT INTO AGENT_TYPE_PARAM VALUES(2,'C','teamcity.agent.home.dir','C:\BuildAgent')
INSERT INTO AGENT_TYPE_PARAM VALUES(2,'C','teamcity.agent.hostname','d4d854c97fe2')
INSERT INTO AGENT_TYPE_PARAM VALUES(2,'C','teamcity.agent.jvm.file.encoding','Cp1252')
INSERT INTO AGENT_TYPE_PARAM VALUES(2,'C','teamcity.agent.jvm.file.separator','\')
INSERT INTO AGENT_TYPE_PARAM VALUES(2,'C','teamcity.agent.jvm.java.home','C:\Program Files\Java\Oracle\jre')
INSERT INTO AGENT_TYPE_PARAM VALUES(2,'C','teamcity.agent.jvm.os.arch','amd64')
INSERT INTO AGENT_TYPE_PARAM VALUES(2,'C','teamcity.agent.jvm.os.name','Windows Server 2016')
INSERT INTO AGENT_TYPE_PARAM VALUES(2,'C','teamcity.agent.jvm.os.version','10.0')
INSERT INTO AGENT_TYPE_PARAM VALUES(2,'C','teamcity.agent.jvm.path.separator',';')
INSERT INTO AGENT_TYPE_PARAM VALUES(2,'C','teamcity.agent.jvm.specification','1.8')
INSERT INTO AGENT_TYPE_PARAM VALUES(2,'C','teamcity.agent.jvm.user.country','US')
INSERT INTO AGENT_TYPE_PARAM VALUES(2,'C','teamcity.agent.jvm.user.home','C:\Users\ContainerAdministrator')
INSERT INTO AGENT_TYPE_PARAM VALUES(2,'C','teamcity.agent.jvm.user.language','en')
INSERT INTO AGENT_TYPE_PARAM VALUES(2,'C','teamcity.agent.jvm.user.name','ContainerAdministrator')
INSERT INTO AGENT_TYPE_PARAM VALUES(2,'C','teamcity.agent.jvm.user.timezone','GMT-05:00')
INSERT INTO AGENT_TYPE_PARAM VALUES(2,'C','teamcity.agent.jvm.version','1.8.0_151')
INSERT INTO AGENT_TYPE_PARAM VALUES(2,'C','teamcity.agent.launcher.version','47175')
INSERT INTO AGENT_TYPE_PARAM VALUES(2,'C','teamcity.agent.name','ip_172.17.231.177')
INSERT INTO AGENT_TYPE_PARAM VALUES(2,'C','teamcity.agent.os.arch.bits','64')
INSERT INTO AGENT_TYPE_PARAM VALUES(2,'C','teamcity.agent.ownPort','9090')
INSERT INTO AGENT_TYPE_PARAM VALUES(2,'C','teamcity.agent.tools.dir','C:\BuildAgent\tools')
INSERT INTO AGENT_TYPE_PARAM VALUES(2,'C','teamcity.agent.work.dir','C:\BuildAgent\work')
INSERT INTO AGENT_TYPE_PARAM VALUES(2,'C','teamcity.agent.work.dir.freeSpaceMb','19022')
INSERT INTO AGENT_TYPE_PARAM VALUES(2,'C','teamcity.dotCover.home','C:\BuildAgent\tools\dotCover')
INSERT INTO AGENT_TYPE_PARAM VALUES(2,'C','teamcity.dotnet.msbuild.extensions2.0','C:\BuildAgent\plugins\dotnetPlugin\bin\JetBrains.BuildServer.MSBuildLoggers.dll')
INSERT INTO AGENT_TYPE_PARAM VALUES(2,'C','teamcity.dotnet.msbuild.extensions4.0','C:\BuildAgent\plugins\dotnetPlugin\bin\JetBrains.BuildServer.MSBuildLoggers.4.0.dll')
INSERT INTO AGENT_TYPE_PARAM VALUES(2,'C','teamcity.serverUrl','http://server:8111')
INSERT INTO AGENT_TYPE_PARAM VALUES(2,'C','teamcity.tool.JetBrains.dotCover.CommandLineTools.bundled','C:\BuildAgent\tools\dotCover')
INSERT INTO AGENT_TYPE_PARAM VALUES(2,'C','teamcity.tool.ant-net-tasks','C:\BuildAgent\tools\ant-net-tasks')
INSERT INTO AGENT_TYPE_PARAM VALUES(2,'C','teamcity.tool.dotCover','C:\BuildAgent\tools\dotCover')
INSERT INTO AGENT_TYPE_PARAM VALUES(2,'C','teamcity.tool.gant','C:\BuildAgent\tools\gant')
INSERT INTO AGENT_TYPE_PARAM VALUES(2,'C','teamcity.tool.idea','C:\BuildAgent\tools\idea')
INSERT INTO AGENT_TYPE_PARAM VALUES(2,'C','teamcity.tool.jacoco','C:\BuildAgent\tools\jacoco')
INSERT INTO AGENT_TYPE_PARAM VALUES(2,'C','teamcity.tool.jetbrains.resharper-clt.bundled','C:\BuildAgent\plugins\dotnet-tools\clt-bin')
INSERT INTO AGENT_TYPE_PARAM VALUES(2,'C','teamcity.tool.jps','C:\BuildAgent\tools\jps')
INSERT INTO AGENT_TYPE_PARAM VALUES(2,'C','teamcity.tool.maven','C:\BuildAgent\tools\maven')
INSERT INTO AGENT_TYPE_PARAM VALUES(2,'C','teamcity.tool.maven3','C:\BuildAgent\tools\maven3')
INSERT INTO AGENT_TYPE_PARAM VALUES(2,'C','teamcity.tool.maven3_1','C:\BuildAgent\tools\maven3_1')
INSERT INTO AGENT_TYPE_PARAM VALUES(2,'C','teamcity.tool.maven3_2','C:\BuildAgent\tools\maven3_2')
INSERT INTO AGENT_TYPE_PARAM VALUES(2,'C','teamcity.tool.maven3_3','C:\BuildAgent\tools\maven3_3')
COMMIT
DELETE FROM AGENT WHERE ID=2
INSERT INTO AGENT VALUES(2,'ip_172.17.231.177','172.17.231.177',9090,2,1,0,1,1523220812762,1523220205683,NULL,'e1d217ad876f097c2d1d240b303effdd',NULL,NULL)
COMMIT
DELETE FROM AGENT WHERE ID=2
INSERT INTO AGENT VALUES(2,'ip_172.17.231.177','172.17.231.177',9090,2,1,0,1,1523220812762,1523220814672,NULL,'e1d217ad876f097c2d1d240b303effdd',NULL,NULL)
COMMIT
DELETE FROM AGENT_TYPE_INFO WHERE AGENT_TYPE_ID=2
INSERT INTO AGENT_TYPE_INFO VALUES(2,'Windows Server 2016, version 10.0',155,'2018-04-08 15:53:38.219000','2018-04-08 15:53:38.219000')
DELETE FROM AGENT_TYPE_PARAM WHERE AGENT_TYPE_ID=2 AND PARAM_KIND='B' AND PARAM_NAME='env.=C:'
DELETE FROM AGENT_TYPE_PARAM WHERE AGENT_TYPE_ID=2 AND PARAM_KIND='B' AND PARAM_NAME='env.=ExitCode'
DELETE FROM AGENT_TYPE_PARAM WHERE AGENT_TYPE_ID=2 AND PARAM_KIND='B' AND PARAM_NAME='env.ALLUSERSPROFILE'
DELETE FROM AGENT_TYPE_PARAM WHERE AGENT_TYPE_ID=2 AND PARAM_KIND='B' AND PARAM_NAME='env.APPDATA'
DELETE FROM AGENT_TYPE_PARAM WHERE AGENT_TYPE_ID=2 AND PARAM_KIND='B' AND PARAM_NAME='env.COMPUTERNAME'
DELETE FROM AGENT_TYPE_PARAM WHERE AGENT_TYPE_ID=2 AND PARAM_KIND='B' AND PARAM_NAME='env.CONFIG_FILE'
DELETE FROM AGENT_TYPE_PARAM WHERE AGENT_TYPE_ID=2 AND PARAM_KIND='B' AND PARAM_NAME='env.ComSpec'
DELETE FROM AGENT_TYPE_PARAM WHERE AGENT_TYPE_ID=2 AND PARAM_KIND='B' AND PARAM_NAME='env.CommonProgramFiles'
DELETE FROM AGENT_TYPE_PARAM WHERE AGENT_TYPE_ID=2 AND PARAM_KIND='B' AND PARAM_NAME='env.CommonProgramFiles(x86)'
DELETE FROM AGENT_TYPE_PARAM WHERE AGENT_TYPE_ID=2 AND PARAM_KIND='B' AND PARAM_NAME='env.CommonProgramW6432'
DELETE FROM AGENT_TYPE_PARAM WHERE AGENT_TYPE_ID=2 AND PARAM_KIND='B' AND PARAM_NAME='env.DOTNET_CLI_TELEMETRY_OPTOUT'
DELETE FROM AGENT_TYPE_PARAM WHERE AGENT_TYPE_ID=2 AND PARAM_KIND='B' AND PARAM_NAME='env.DOTNET_SKIP_FIRST_TIME_EXPERIENCE'
DELETE FROM AGENT_TYPE_PARAM WHERE AGENT_TYPE_ID=2 AND PARAM_KIND='B' AND PARAM_NAME='env.FJ_JAVA_VERSION'
DELETE FROM AGENT_TYPE_PARAM WHERE AGENT_TYPE_ID=2 AND PARAM_KIND='B' AND PARAM_NAME='env.FJ_MIN_UNSUPPORTED_JAVA_VERSION'
DELETE FROM AGENT_TYPE_PARAM WHERE AGENT_TYPE_ID=2 AND PARAM_KIND='B' AND PARAM_NAME='env.JAVA_EXE'
DELETE FROM AGENT_TYPE_PARAM WHERE AGENT_TYPE_ID=2 AND PARAM_KIND='B' AND PARAM_NAME='env.JRE_18'
DELETE FROM AGENT_TYPE_PARAM WHERE AGENT_TYPE_ID=2 AND PARAM_KIND='B' AND PARAM_NAME='env.JRE_18_x64'
DELETE FROM AGENT_TYPE_PARAM WHERE AGENT_TYPE_ID=2 AND PARAM_KIND='B' AND PARAM_NAME='env.JRE_HOME'
DELETE FROM AGENT_TYPE_PARAM WHERE AGENT_TYPE_ID=2 AND PARAM_KIND='B' AND PARAM_NAME='env.LOCALAPPDATA'
DELETE FROM AGENT_TYPE_PARAM WHERE AGENT_TYPE_ID=2 AND PARAM_KIND='B' AND PARAM_NAME='env.NUGET_XMLDOC_MODE'
DELETE FROM AGENT_TYPE_PARAM WHERE AGENT_TYPE_ID=2 AND PARAM_KIND='B' AND PARAM_NAME='env.NUMBER_OF_PROCESSORS'
DELETE FROM AGENT_TYPE_PARAM WHERE AGENT_TYPE_ID=2 AND PARAM_KIND='B' AND PARAM_NAME='env.OS'
DELETE FROM AGENT_TYPE_PARAM WHERE AGENT_TYPE_ID=2 AND PARAM_KIND='B' AND PARAM_NAME='env.PATHEXT'
DELETE FROM AGENT_TYPE_PARAM WHERE AGENT_TYPE_ID=2 AND PARAM_KIND='B' AND PARAM_NAME='env.PROCESSOR_ARCHITECTURE'
DELETE FROM AGENT_TYPE_PARAM WHERE AGENT_TYPE_ID=2 AND PARAM_KIND='B' AND PARAM_NAME='env.PROCESSOR_IDENTIFIER'
DELETE FROM AGENT_TYPE_PARAM WHERE AGENT_TYPE_ID=2 AND PARAM_KIND='B' AND PARAM_NAME='env.PROCESSOR_LEVEL'
DELETE FROM AGENT_TYPE_PARAM WHERE AGENT_TYPE_ID=2 AND PARAM_KIND='B' AND PARAM_NAME='env.PROCESSOR_REVISION'
DELETE FROM AGENT_TYPE_PARAM WHERE AGENT_TYPE_ID=2 AND PARAM_KIND='B' AND PARAM_NAME='env.PROMPT'
DELETE FROM AGENT_TYPE_PARAM WHERE AGENT_TYPE_ID=2 AND PARAM_KIND='B' AND PARAM_NAME='env.PSMODULEPATH'
DELETE FROM AGENT_TYPE_PARAM WHERE AGENT_TYPE_ID=2 AND PARAM_KIND='B' AND PARAM_NAME='env.PUBLIC'
DELETE FROM AGENT_TYPE_PARAM WHERE AGENT_TYPE_ID=2 AND PARAM_KIND='B' AND PARAM_NAME='env.Path'
DELETE FROM AGENT_TYPE_PARAM WHERE AGENT_TYPE_ID=2 AND PARAM_KIND='B' AND PARAM_NAME='env.ProgramData'
DELETE FROM AGENT_TYPE_PARAM WHERE AGENT_TYPE_ID=2 AND PARAM_KIND='B' AND PARAM_NAME='env.ProgramFiles'
DELETE FROM AGENT_TYPE_PARAM WHERE AGENT_TYPE_ID=2 AND PARAM_KIND='B' AND PARAM_NAME='env.ProgramFiles(x86)'
DELETE FROM AGENT_TYPE_PARAM WHERE AGENT_TYPE_ID=2 AND PARAM_KIND='B' AND PARAM_NAME='env.ProgramW6432'
DELETE FROM AGENT_TYPE_PARAM WHERE AGENT_TYPE_ID=2 AND PARAM_KIND='B' AND PARAM_NAME='env.SERVER_URL'
DELETE FROM AGENT_TYPE_PARAM WHERE AGENT_TYPE_ID=2 AND PARAM_KIND='B' AND PARAM_NAME='env.SystemDrive'
DELETE FROM AGENT_TYPE_PARAM WHERE AGENT_TYPE_ID=2 AND PARAM_KIND='B' AND PARAM_NAME='env.SystemRoot'
DELETE FROM AGENT_TYPE_PARAM WHERE AGENT_TYPE_ID=2 AND PARAM_KIND='B' AND PARAM_NAME='env.TEAMCITY_AGENT_CONFIG_FILE'
DELETE FROM AGENT_TYPE_PARAM WHERE AGENT_TYPE_ID=2 AND PARAM_KIND='B' AND PARAM_NAME='env.TEAMCITY_AGENT_CURRENT_DIR'
DELETE FROM AGENT_TYPE_PARAM WHERE AGENT_TYPE_ID=2 AND PARAM_KIND='B' AND PARAM_NAME='env.TEAMCITY_AGENT_JAVA_EXEC'
DELETE FROM AGENT_TYPE_PARAM WHERE AGENT_TYPE_ID=2 AND PARAM_KIND='B' AND PARAM_NAME='env.TEAMCITY_AGENT_LOG_DIR'
DELETE FROM AGENT_TYPE_PARAM WHERE AGENT_TYPE_ID=2 AND PARAM_KIND='B' AND PARAM_NAME='env.TEAMCITY_AGENT_MEM_OPTS_ACTUAL'
DELETE FROM AGENT_TYPE_PARAM WHERE AGENT_TYPE_ID=2 AND PARAM_KIND='B' AND PARAM_NAME='env.TEAMCITY_AGENT_OPTS_ACTUAL'
DELETE FROM AGENT_TYPE_PARAM WHERE AGENT_TYPE_ID=2 AND PARAM_KIND='B' AND PARAM_NAME='env.TEAMCITY_CAPTURE_ENV'
DELETE FROM AGENT_TYPE_PARAM WHERE AGENT_TYPE_ID=2 AND PARAM_KIND='B' AND PARAM_NAME='env.TEAMCITY_GIT_PATH'
DELETE FROM AGENT_TYPE_PARAM WHERE AGENT_TYPE_ID=2 AND PARAM_KIND='B' AND PARAM_NAME='env.TEAMCITY_LAUNCHER_CLASSPATH'
DELETE FROM AGENT_TYPE_PARAM WHERE AGENT_TYPE_ID=2 AND PARAM_KIND='B' AND PARAM_NAME='env.TEAMCITY_LAUNCHER_OPTS_ACTUAL'
DELETE FROM AGENT_TYPE_PARAM WHERE AGENT_TYPE_ID=2 AND PARAM_KIND='B' AND PARAM_NAME='env.TEAMCITY_SERVER_MEM_OPTS'
DELETE FROM AGENT_TYPE_PARAM WHERE AGENT_TYPE_ID=2 AND PARAM_KIND='B' AND PARAM_NAME='env.TEMP'
DELETE FROM AGENT_TYPE_PARAM WHERE AGENT_TYPE_ID=2 AND PARAM_KIND='B' AND PARAM_NAME='env.TMP'
DELETE FROM AGENT_TYPE_PARAM WHERE AGENT_TYPE_ID=2 AND PARAM_KIND='B' AND PARAM_NAME='env.USERDOMAIN'
DELETE FROM AGENT_TYPE_PARAM WHERE AGENT_TYPE_ID=2 AND PARAM_KIND='B' AND PARAM_NAME='env.USERNAME'
DELETE FROM AGENT_TYPE_PARAM WHERE AGENT_TYPE_ID=2 AND PARAM_KIND='B' AND PARAM_NAME='env.USERPROFILE'
DELETE FROM AGENT_TYPE_PARAM WHERE AGENT_TYPE_ID=2 AND PARAM_KIND='B' AND PARAM_NAME='env.java_hint'
DELETE FROM AGENT_TYPE_PARAM WHERE AGENT_TYPE_ID=2 AND PARAM_KIND='B' AND PARAM_NAME='env.windir'
DELETE FROM AGENT_TYPE_PARAM WHERE AGENT_TYPE_ID=2 AND PARAM_KIND='B' AND PARAM_NAME='system.agent.home.dir'
DELETE FROM AGENT_TYPE_PARAM WHERE AGENT_TYPE_ID=2 AND PARAM_KIND='B' AND PARAM_NAME='system.agent.name'
DELETE FROM AGENT_TYPE_PARAM WHERE AGENT_TYPE_ID=2 AND PARAM_KIND='B' AND PARAM_NAME='system.agent.work.dir'
DELETE FROM AGENT_TYPE_PARAM WHERE AGENT_TYPE_ID=2 AND PARAM_KIND='B' AND PARAM_NAME='system.teamcity.agent.cpuBenchmark'
DELETE FROM AGENT_TYPE_PARAM WHERE AGENT_TYPE_ID=2 AND PARAM_KIND='B' AND PARAM_NAME='system.teamcity.build.tempDir'
DELETE FROM AGENT_TYPE_PARAM WHERE AGENT_TYPE_ID=2 AND PARAM_KIND='B' AND PARAM_NAME='system.teamcity.dotnet.nunitaddin'
DELETE FROM AGENT_TYPE_PARAM WHERE AGENT_TYPE_ID=2 AND PARAM_KIND='B' AND PARAM_NAME='system.teamcity.dotnet.nunitlauncher'
DELETE FROM AGENT_TYPE_PARAM WHERE AGENT_TYPE_ID=2 AND PARAM_KIND='B' AND PARAM_NAME='system.teamcity.dotnet.nunitlauncher.msbuild.task'
DELETE FROM AGENT_TYPE_PARAM WHERE AGENT_TYPE_ID=2 AND PARAM_KIND='B' AND PARAM_NAME='system.teamcity.dotnet.nunitlauncher1.1'
DELETE FROM AGENT_TYPE_PARAM WHERE AGENT_TYPE_ID=2 AND PARAM_KIND='B' AND PARAM_NAME='system.teamcity.dotnet.nunitlauncher2.0'
DELETE FROM AGENT_TYPE_PARAM WHERE AGENT_TYPE_ID=2 AND PARAM_KIND='B' AND PARAM_NAME='system.teamcity.dotnet.nunitlauncher2.0.vsts'
DELETE FROM AGENT_TYPE_PARAM WHERE AGENT_TYPE_ID=2 AND PARAM_KIND='B' AND PARAM_NAME='system.teamcity.dotnet.platform'
DELETE FROM AGENT_TYPE_PARAM WHERE AGENT_TYPE_ID=2 AND PARAM_KIND='C' AND PARAM_NAME='teamcity.agent.hardware.cpuCount'
DELETE FROM AGENT_TYPE_PARAM WHERE AGENT_TYPE_ID=2 AND PARAM_KIND='C' AND PARAM_NAME='teamcity.agent.hardware.memorySizeMb'
DELETE FROM AGENT_TYPE_PARAM WHERE AGENT_TYPE_ID=2 AND PARAM_KIND='C' AND PARAM_NAME='teamcity.agent.home.dir'
DELETE FROM AGENT_TYPE_PARAM WHERE AGENT_TYPE_ID=2 AND PARAM_KIND='C' AND PARAM_NAME='teamcity.agent.hostname'
DELETE FROM AGENT_TYPE_PARAM WHERE AGENT_TYPE_ID=2 AND PARAM_KIND='C' AND PARAM_NAME='teamcity.agent.jvm.file.encoding'
DELETE FROM AGENT_TYPE_PARAM WHERE AGENT_TYPE_ID=2 AND PARAM_KIND='C' AND PARAM_NAME='teamcity.agent.jvm.file.separator'
DELETE FROM AGENT_TYPE_PARAM WHERE AGENT_TYPE_ID=2 AND PARAM_KIND='C' AND PARAM_NAME='teamcity.agent.jvm.java.home'
DELETE FROM AGENT_TYPE_PARAM WHERE AGENT_TYPE_ID=2 AND PARAM_KIND='C' AND PARAM_NAME='teamcity.agent.jvm.os.arch'
DELETE FROM AGENT_TYPE_PARAM WHERE AGENT_TYPE_ID=2 AND PARAM_KIND='C' AND PARAM_NAME='teamcity.agent.jvm.os.name'
DELETE FROM AGENT_TYPE_PARAM WHERE AGENT_TYPE_ID=2 AND PARAM_KIND='C' AND PARAM_NAME='teamcity.agent.jvm.os.version'
DELETE FROM AGENT_TYPE_PARAM WHERE AGENT_TYPE_ID=2 AND PARAM_KIND='C' AND PARAM_NAME='teamcity.agent.jvm.path.separator'
DELETE FROM AGENT_TYPE_PARAM WHERE AGENT_TYPE_ID=2 AND PARAM_KIND='C' AND PARAM_NAME='teamcity.agent.jvm.specification'
DELETE FROM AGENT_TYPE_PARAM WHERE AGENT_TYPE_ID=2 AND PARAM_KIND='C' AND PARAM_NAME='teamcity.agent.jvm.user.country'
DELETE FROM AGENT_TYPE_PARAM WHERE AGENT_TYPE_ID=2 AND PARAM_KIND='C' AND PARAM_NAME='teamcity.agent.jvm.user.home'
DELETE FROM AGENT_TYPE_PARAM WHERE AGENT_TYPE_ID=2 AND PARAM_KIND='C' AND PARAM_NAME='teamcity.agent.jvm.user.language'
DELETE FROM AGENT_TYPE_PARAM WHERE AGENT_TYPE_ID=2 AND PARAM_KIND='C' AND PARAM_NAME='teamcity.agent.jvm.user.name'
DELETE FROM AGENT_TYPE_PARAM WHERE AGENT_TYPE_ID=2 AND PARAM_KIND='C' AND PARAM_NAME='teamcity.agent.jvm.user.timezone'
DELETE FROM AGENT_TYPE_PARAM WHERE AGENT_TYPE_ID=2 AND PARAM_KIND='C' AND PARAM_NAME='teamcity.agent.jvm.version'
DELETE FROM AGENT_TYPE_PARAM WHERE AGENT_TYPE_ID=2 AND PARAM_KIND='C' AND PARAM_NAME='teamcity.agent.launcher.version'
DELETE FROM AGENT_TYPE_PARAM WHERE AGENT_TYPE_ID=2 AND PARAM_KIND='C' AND PARAM_NAME='teamcity.agent.name'
DELETE FROM AGENT_TYPE_PARAM WHERE AGENT_TYPE_ID=2 AND PARAM_KIND='C' AND PARAM_NAME='teamcity.agent.os.arch.bits'
DELETE FROM AGENT_TYPE_PARAM WHERE AGENT_TYPE_ID=2 AND PARAM_KIND='C' AND PARAM_NAME='teamcity.agent.ownPort'
DELETE FROM AGENT_TYPE_PARAM WHERE AGENT_TYPE_ID=2 AND PARAM_KIND='C' AND PARAM_NAME='teamcity.agent.tools.dir'
DELETE FROM AGENT_TYPE_PARAM WHERE AGENT_TYPE_ID=2 AND PARAM_KIND='C' AND PARAM_NAME='teamcity.agent.work.dir'
DELETE FROM AGENT_TYPE_PARAM WHERE AGENT_TYPE_ID=2 AND PARAM_KIND='C' AND PARAM_NAME='teamcity.agent.work.dir.freeSpaceMb'
DELETE FROM AGENT_TYPE_PARAM WHERE AGENT_TYPE_ID=2 AND PARAM_KIND='C' AND PARAM_NAME='teamcity.dotCover.home'
DELETE FROM AGENT_TYPE_PARAM WHERE AGENT_TYPE_ID=2 AND PARAM_KIND='C' AND PARAM_NAME='teamcity.dotnet.msbuild.extensions2.0'
DELETE FROM AGENT_TYPE_PARAM WHERE AGENT_TYPE_ID=2 AND PARAM_KIND='C' AND PARAM_NAME='teamcity.dotnet.msbuild.extensions4.0'
DELETE FROM AGENT_TYPE_PARAM WHERE AGENT_TYPE_ID=2 AND PARAM_KIND='C' AND PARAM_NAME='teamcity.serverUrl'
DELETE FROM AGENT_TYPE_PARAM WHERE AGENT_TYPE_ID=2 AND PARAM_KIND='C' AND PARAM_NAME='teamcity.tool.JetBrains.dotCover.CommandLineTools.bundled'
DELETE FROM AGENT_TYPE_PARAM WHERE AGENT_TYPE_ID=2 AND PARAM_KIND='C' AND PARAM_NAME='teamcity.tool.ant-net-tasks'
DELETE FROM AGENT_TYPE_PARAM WHERE AGENT_TYPE_ID=2 AND PARAM_KIND='C' AND PARAM_NAME='teamcity.tool.dotCover'
DELETE FROM AGENT_TYPE_PARAM WHERE AGENT_TYPE_ID=2 AND PARAM_KIND='C' AND PARAM_NAME='teamcity.tool.gant'
DELETE FROM AGENT_TYPE_PARAM WHERE AGENT_TYPE_ID=2 AND PARAM_KIND='C' AND PARAM_NAME='teamcity.tool.idea'
DELETE FROM AGENT_TYPE_PARAM WHERE AGENT_TYPE_ID=2 AND PARAM_KIND='C' AND PARAM_NAME='teamcity.tool.jacoco'
DELETE FROM AGENT_TYPE_PARAM WHERE AGENT_TYPE_ID=2 AND PARAM_KIND='C' AND PARAM_NAME='teamcity.tool.jetbrains.resharper-clt.bundled'
DELETE FROM AGENT_TYPE_PARAM WHERE AGENT_TYPE_ID=2 AND PARAM_KIND='C' AND PARAM_NAME='teamcity.tool.jps'
DELETE FROM AGENT_TYPE_PARAM WHERE AGENT_TYPE_ID=2 AND PARAM_KIND='C' AND PARAM_NAME='teamcity.tool.maven'
DELETE FROM AGENT_TYPE_PARAM WHERE AGENT_TYPE_ID=2 AND PARAM_KIND='C' AND PARAM_NAME='teamcity.tool.maven3'
DELETE FROM AGENT_TYPE_PARAM WHERE AGENT_TYPE_ID=2 AND PARAM_KIND='C' AND PARAM_NAME='teamcity.tool.maven3_1'
DELETE FROM AGENT_TYPE_PARAM WHERE AGENT_TYPE_ID=2 AND PARAM_KIND='C' AND PARAM_NAME='teamcity.tool.maven3_2'
DELETE FROM AGENT_TYPE_PARAM WHERE AGENT_TYPE_ID=2 AND PARAM_KIND='C' AND PARAM_NAME='teamcity.tool.maven3_3'
INSERT INTO AGENT_TYPE_PARAM VALUES(2,'B','env.=C:','C:\BuildAgent\bin')
INSERT INTO AGENT_TYPE_PARAM VALUES(2,'B','env.=ExitCode','00000000')
INSERT INTO AGENT_TYPE_PARAM VALUES(2,'B','env.ALLUSERSPROFILE','C:\ProgramData')
INSERT INTO AGENT_TYPE_PARAM VALUES(2,'B','env.APPDATA','C:\Users\ContainerAdministrator\AppData\Roaming')
INSERT INTO AGENT_TYPE_PARAM VALUES(2,'B','env.COMPUTERNAME','D4D854C97FE2')
INSERT INTO AGENT_TYPE_PARAM VALUES(2,'B','env.CONFIG_FILE','C:/BuildAgent/conf/buildAgent.properties')
INSERT INTO AGENT_TYPE_PARAM VALUES(2,'B','env.ComSpec','C:\Windows\system32\cmd.exe')
INSERT INTO AGENT_TYPE_PARAM VALUES(2,'B','env.CommonProgramFiles','C:\Program Files\Common Files')
INSERT INTO AGENT_TYPE_PARAM VALUES(2,'B','env.CommonProgramFiles(x86)','C:\Program Files (x86)\Common Files')
INSERT INTO AGENT_TYPE_PARAM VALUES(2,'B','env.CommonProgramW6432','C:\Program Files\Common Files')
INSERT INTO AGENT_TYPE_PARAM VALUES(2,'B','env.DOTNET_CLI_TELEMETRY_OPTOUT','true')
INSERT INTO AGENT_TYPE_PARAM VALUES(2,'B','env.DOTNET_SKIP_FIRST_TIME_EXPERIENCE','true')
INSERT INTO AGENT_TYPE_PARAM VALUES(2,'B','env.FJ_JAVA_VERSION','1.8.0_151')
INSERT INTO AGENT_TYPE_PARAM VALUES(2,'B','env.FJ_MIN_UNSUPPORTED_JAVA_VERSION','9')
INSERT INTO AGENT_TYPE_PARAM VALUES(2,'B','env.JAVA_EXE','C:\Program Files\Java\Oracle\jre\bin\java.exe')
INSERT INTO AGENT_TYPE_PARAM VALUES(2,'B','env.JRE_18','C:\Program Files\Java\Oracle\jre')
INSERT INTO AGENT_TYPE_PARAM VALUES(2,'B','env.JRE_18_x64','C:\Program Files\Java\Oracle\jre')
INSERT INTO AGENT_TYPE_PARAM VALUES(2,'B','env.JRE_HOME','C:\Program Files\Java\Oracle\jre')
INSERT INTO AGENT_TYPE_PARAM VALUES(2,'B','env.LOCALAPPDATA','C:\Users\ContainerAdministrator\AppData\Local')
INSERT INTO AGENT_TYPE_PARAM VALUES(2,'B','env.NUGET_XMLDOC_MODE','skip')
INSERT INTO AGENT_TYPE_PARAM VALUES(2,'B','env.NUMBER_OF_PROCESSORS','2')
INSERT INTO AGENT_TYPE_PARAM VALUES(2,'B','env.OS','Windows_NT')
INSERT INTO AGENT_TYPE_PARAM VALUES(2,'B','env.PATHEXT','.COM;.EXE;.BAT;.CMD')
INSERT INTO AGENT_TYPE_PARAM VALUES(2,'B','env.PROCESSOR_ARCHITECTURE','AMD64')
INSERT INTO AGENT_TYPE_PARAM VALUES(2,'B','env.PROCESSOR_IDENTIFIER','Intel64 Family 6 Model 69 Stepping 1, GenuineIntel')
INSERT INTO AGENT_TYPE_PARAM VALUES(2,'B','env.PROCESSOR_LEVEL','6')
INSERT INTO AGENT_TYPE_PARAM VALUES(2,'B','env.PROCESSOR_REVISION','4501')
INSERT INTO AGENT_TYPE_PARAM VALUES(2,'B','env.PROMPT','$P$G')
INSERT INTO AGENT_TYPE_PARAM VALUES(2,'B','env.PSMODULEPATH','C:\Users\ContainerAdministrator\Documents\WindowsPowerShell\Modules;C:\Program Files\WindowsPowerShell\Modules;c:\windows\system32\windowspowershell\v1.0\Modules')
INSERT INTO AGENT_TYPE_PARAM VALUES(2,'B','env.PUBLIC','C:\Users\Public')
INSERT INTO AGENT_TYPE_PARAM VALUES(2,'B','env.Path','C:\Windows\system32;C:\Windows;C:\Windows\System32\Wbem;C:\Windows\System32\WindowsPowerShell\v1.0\;C:\Users\ContainerAdministrator\AppData\Local\Microsoft\WindowsApps;C:\Program Files\Java\Oracle\bin;C:\Program Files\Java\Oracle\jre\bin;;C:\Program Files\Git\cmd;C:\Program Files\Mercurial;C:\Program Files\dotnet;')
INSERT INTO AGENT_TYPE_PARAM VALUES(2,'B','env.ProgramData','C:\ProgramData')
INSERT INTO AGENT_TYPE_PARAM VALUES(2,'B','env.ProgramFiles','C:\Program Files')
INSERT INTO AGENT_TYPE_PARAM VALUES(2,'B','env.ProgramFiles(x86)','C:\Program Files (x86)')
INSERT INTO AGENT_TYPE_PARAM VALUES(2,'B','env.ProgramW6432','C:\Program Files')
INSERT INTO AGENT_TYPE_PARAM VALUES(2,'B','env.SERVER_URL','http://server:8111')
INSERT INTO AGENT_TYPE_PARAM VALUES(2,'B','env.SystemDrive','C:')
INSERT INTO AGENT_TYPE_PARAM VALUES(2,'B','env.SystemRoot','C:\Windows')
INSERT INTO AGENT_TYPE_PARAM VALUES(2,'B','env.TEAMCITY_AGENT_CONFIG_FILE','..\conf\buildAgent.properties')
INSERT INTO AGENT_TYPE_PARAM VALUES(2,'B','env.TEAMCITY_AGENT_CURRENT_DIR','C:\BuildAgent\bin')
INSERT INTO AGENT_TYPE_PARAM VALUES(2,'B','env.TEAMCITY_AGENT_JAVA_EXEC','C:\Program Files\Java\Oracle\jre\bin\java.exe')
INSERT INTO AGENT_TYPE_PARAM VALUES(2,'B','env.TEAMCITY_AGENT_LOG_DIR','../logs/')
INSERT INTO AGENT_TYPE_PARAM VALUES(2,'B','env.TEAMCITY_AGENT_MEM_OPTS_ACTUAL','-Xmx384m')
INSERT INTO AGENT_TYPE_PARAM VALUES(2,'B','env.TEAMCITY_AGENT_OPTS_ACTUAL',' -ea -Xmx384m -Dlog4j.configuration=file:../conf/teamcity-agent-log4j.xml -Dteamcity_logs=../logs/')
INSERT INTO AGENT_TYPE_PARAM VALUES(2,'B','env.TEAMCITY_CAPTURE_ENV','"C:\Program Files\Java\Oracle\jre\bin\java.exe" -jar "C:\BuildAgent\plugins\environment-fetcher\bin\env-fetcher.jar"')
INSERT INTO AGENT_TYPE_PARAM VALUES(2,'B','env.TEAMCITY_GIT_PATH','git.exe')
INSERT INTO AGENT_TYPE_PARAM VALUES(2,'B','env.TEAMCITY_LAUNCHER_CLASSPATH','..\launcher\lib\launcher.jar')
INSERT INTO AGENT_TYPE_PARAM VALUES(2,'B','env.TEAMCITY_LAUNCHER_OPTS_ACTUAL',' -ea')
INSERT INTO AGENT_TYPE_PARAM VALUES(2,'B','env.TEAMCITY_SERVER_MEM_OPTS','-Xmx2g -XX:ReservedCodeCacheSize=350m')
INSERT INTO AGENT_TYPE_PARAM VALUES(2,'B','env.TEMP','C:\Users\ContainerAdministrator\AppData\Local\Temp')
INSERT INTO AGENT_TYPE_PARAM VALUES(2,'B','env.TMP','C:\Users\ContainerAdministrator\AppData\Local\Temp')
INSERT INTO AGENT_TYPE_PARAM VALUES(2,'B','env.USERDOMAIN','User Manager')
INSERT INTO AGENT_TYPE_PARAM VALUES(2,'B','env.USERNAME','ContainerAdministrator')
INSERT INTO AGENT_TYPE_PARAM VALUES(2,'B','env.USERPROFILE','C:\Users\ContainerAdministrator')
INSERT INTO AGENT_TYPE_PARAM VALUES(2,'B','env.java_hint','C:\BuildAgent\bin\..\jre')
INSERT INTO AGENT_TYPE_PARAM VALUES(2,'B','env.windir','C:\Windows')
INSERT INTO AGENT_TYPE_PARAM VALUES(2,'B','system.agent.home.dir','C:\BuildAgent')
INSERT INTO AGENT_TYPE_PARAM VALUES(2,'B','system.agent.name','ip_172.17.231.177')
INSERT INTO AGENT_TYPE_PARAM VALUES(2,'B','system.agent.work.dir','C:\BuildAgent\work')
INSERT INTO AGENT_TYPE_PARAM VALUES(2,'B','system.teamcity.agent.cpuBenchmark','155')
INSERT INTO AGENT_TYPE_PARAM VALUES(2,'B','system.teamcity.build.tempDir','C:\BuildAgent\temp\buildTmp')
INSERT INTO AGENT_TYPE_PARAM VALUES(2,'B','system.teamcity.dotnet.nunitaddin','C:\BuildAgent\plugins\dotnetPlugin\bin\JetBrains.TeamCity.NUnitAddin-NUnit')
INSERT INTO AGENT_TYPE_PARAM VALUES(2,'B','system.teamcity.dotnet.nunitlauncher','C:\BuildAgent\plugins\dotnetPlugin\bin\JetBrains.BuildServer.NUnitLauncher.exe')
INSERT INTO AGENT_TYPE_PARAM VALUES(2,'B','system.teamcity.dotnet.nunitlauncher.msbuild.task','C:\BuildAgent\plugins\dotnetPlugin\bin\JetBrains.BuildServer.MSBuildLoggers.dll')
INSERT INTO AGENT_TYPE_PARAM VALUES(2,'B','system.teamcity.dotnet.nunitlauncher1.1','C:\BuildAgent\plugins\dotnetPlugin\bin\JetBrains.BuildServer.NUnitLauncher1.1.exe')
INSERT INTO AGENT_TYPE_PARAM VALUES(2,'B','system.teamcity.dotnet.nunitlauncher2.0','C:\BuildAgent\plugins\dotnetPlugin\bin\JetBrains.BuildServer.NUnitLauncher2.0.exe')
INSERT INTO AGENT_TYPE_PARAM VALUES(2,'B','system.teamcity.dotnet.nunitlauncher2.0.vsts','C:\BuildAgent\plugins\dotnetPlugin\bin\JetBrains.BuildServer.NUnitLauncher2.0.VSTS.exe')
INSERT INTO AGENT_TYPE_PARAM VALUES(2,'B','system.teamcity.dotnet.platform','C:\BuildAgent\plugins\dotnetPlugin\bin\JetBrains.TeamCity.PlatformProcessRunner.1.1.exe')
INSERT INTO AGENT_TYPE_PARAM VALUES(2,'C','teamcity.agent.hardware.cpuCount','2')
INSERT INTO AGENT_TYPE_PARAM VALUES(2,'C','teamcity.agent.hardware.memorySizeMb','1023')
INSERT INTO AGENT_TYPE_PARAM VALUES(2,'C','teamcity.agent.home.dir','C:\BuildAgent')
INSERT INTO AGENT_TYPE_PARAM VALUES(2,'C','teamcity.agent.hostname','d4d854c97fe2')
INSERT INTO AGENT_TYPE_PARAM VALUES(2,'C','teamcity.agent.jvm.file.encoding','Cp1252')
INSERT INTO AGENT_TYPE_PARAM VALUES(2,'C','teamcity.agent.jvm.file.separator','\')
INSERT INTO AGENT_TYPE_PARAM VALUES(2,'C','teamcity.agent.jvm.java.home','C:\Program Files\Java\Oracle\jre')
INSERT INTO AGENT_TYPE_PARAM VALUES(2,'C','teamcity.agent.jvm.os.arch','amd64')
INSERT INTO AGENT_TYPE_PARAM VALUES(2,'C','teamcity.agent.jvm.os.name','Windows Server 2016')
INSERT INTO AGENT_TYPE_PARAM VALUES(2,'C','teamcity.agent.jvm.os.version','10.0')
INSERT INTO AGENT_TYPE_PARAM VALUES(2,'C','teamcity.agent.jvm.path.separator',';')
INSERT INTO AGENT_TYPE_PARAM VALUES(2,'C','teamcity.agent.jvm.specification','1.8')
INSERT INTO AGENT_TYPE_PARAM VALUES(2,'C','teamcity.agent.jvm.user.country','US')
INSERT INTO AGENT_TYPE_PARAM VALUES(2,'C','teamcity.agent.jvm.user.home','C:\Users\ContainerAdministrator')
INSERT INTO AGENT_TYPE_PARAM VALUES(2,'C','teamcity.agent.jvm.user.language','en')
INSERT INTO AGENT_TYPE_PARAM VALUES(2,'C','teamcity.agent.jvm.user.name','ContainerAdministrator')
INSERT INTO AGENT_TYPE_PARAM VALUES(2,'C','teamcity.agent.jvm.user.timezone','GMT-05:00')
INSERT INTO AGENT_TYPE_PARAM VALUES(2,'C','teamcity.agent.jvm.version','1.8.0_151')
INSERT INTO AGENT_TYPE_PARAM VALUES(2,'C','teamcity.agent.launcher.version','47175')
INSERT INTO AGENT_TYPE_PARAM VALUES(2,'C','teamcity.agent.name','ip_172.17.231.177')
INSERT INTO AGENT_TYPE_PARAM VALUES(2,'C','teamcity.agent.os.arch.bits','64')
INSERT INTO AGENT_TYPE_PARAM VALUES(2,'C','teamcity.agent.ownPort','9090')
INSERT INTO AGENT_TYPE_PARAM VALUES(2,'C','teamcity.agent.protocol','polling')
INSERT INTO AGENT_TYPE_PARAM VALUES(2,'C','teamcity.agent.tools.dir','C:\BuildAgent\tools')
INSERT INTO AGENT_TYPE_PARAM VALUES(2,'C','teamcity.agent.work.dir','C:\BuildAgent\work')
INSERT INTO AGENT_TYPE_PARAM VALUES(2,'C','teamcity.agent.work.dir.freeSpaceMb','19022')
INSERT INTO AGENT_TYPE_PARAM VALUES(2,'C','teamcity.dotCover.home','C:\BuildAgent\tools\dotCover')
INSERT INTO AGENT_TYPE_PARAM VALUES(2,'C','teamcity.dotnet.msbuild.extensions2.0','C:\BuildAgent\plugins\dotnetPlugin\bin\JetBrains.BuildServer.MSBuildLoggers.dll')
INSERT INTO AGENT_TYPE_PARAM VALUES(2,'C','teamcity.dotnet.msbuild.extensions4.0','C:\BuildAgent\plugins\dotnetPlugin\bin\JetBrains.BuildServer.MSBuildLoggers.4.0.dll')
INSERT INTO AGENT_TYPE_PARAM VALUES(2,'C','teamcity.serverUrl','http://server:8111')
INSERT INTO AGENT_TYPE_PARAM VALUES(2,'C','teamcity.tool.JetBrains.dotCover.CommandLineTools.bundled','C:\BuildAgent\tools\dotCover')
INSERT INTO AGENT_TYPE_PARAM VALUES(2,'C','teamcity.tool.ant-net-tasks','C:\BuildAgent\tools\ant-net-tasks')
INSERT INTO AGENT_TYPE_PARAM VALUES(2,'C','teamcity.tool.dotCover','C:\BuildAgent\tools\dotCover')
INSERT INTO AGENT_TYPE_PARAM VALUES(2,'C','teamcity.tool.gant','C:\BuildAgent\tools\gant')
INSERT INTO AGENT_TYPE_PARAM VALUES(2,'C','teamcity.tool.idea','C:\BuildAgent\tools\idea')
INSERT INTO AGENT_TYPE_PARAM VALUES(2,'C','teamcity.tool.jacoco','C:\BuildAgent\tools\jacoco')
INSERT INTO AGENT_TYPE_PARAM VALUES(2,'C','teamcity.tool.jetbrains.resharper-clt.bundled','C:\BuildAgent\plugins\dotnet-tools\clt-bin')
INSERT INTO AGENT_TYPE_PARAM VALUES(2,'C','teamcity.tool.jps','C:\BuildAgent\tools\jps')
INSERT INTO AGENT_TYPE_PARAM VALUES(2,'C','teamcity.tool.maven','C:\BuildAgent\tools\maven')
INSERT INTO AGENT_TYPE_PARAM VALUES(2,'C','teamcity.tool.maven3','C:\BuildAgent\tools\maven3')
INSERT INTO AGENT_TYPE_PARAM VALUES(2,'C','teamcity.tool.maven3_1','C:\BuildAgent\tools\maven3_1')
INSERT INTO AGENT_TYPE_PARAM VALUES(2,'C','teamcity.tool.maven3_2','C:\BuildAgent\tools\maven3_2')
INSERT INTO AGENT_TYPE_PARAM VALUES(2,'C','teamcity.tool.maven3_3','C:\BuildAgent\tools\maven3_3')
COMMIT
DELETE FROM AGENT WHERE ID=2
INSERT INTO AGENT VALUES(2,'ip_172.17.231.177','172.17.231.177',9090,2,1,0,1,1523220812762,1523221131323,NULL,'e1d217ad876f097c2d1d240b303effdd',NULL,NULL)
COMMIT
DELETE FROM AGENT WHERE ID=2
INSERT INTO AGENT VALUES(2,'ip_172.17.231.177','172.17.231.177',9090,2,1,0,1,1523220812762,1523221431946,NULL,'e1d217ad876f097c2d1d240b303effdd',NULL,NULL)
COMMIT
DELETE FROM AGENT WHERE ID=2
INSERT INTO AGENT VALUES(2,'ip_172.17.231.177','172.17.231.177',9090,2,1,0,1,1523220812762,1523221753558,NULL,'e1d217ad876f097c2d1d240b303effdd',NULL,NULL)
COMMIT
DELETE FROM AGENT WHERE ID=2
INSERT INTO AGENT VALUES(2,'ip_172.17.231.177','172.17.231.177',9090,2,1,0,1,1523220812762,1523222069038,NULL,'e1d217ad876f097c2d1d240b303effdd',NULL,NULL)
COMMIT
DELETE FROM AGENT WHERE ID=2
INSERT INTO AGENT VALUES(2,'ip_172.17.231.177','172.17.231.177',9090,2,1,0,1,1523220812762,1523222384680,NULL,'e1d217ad876f097c2d1d240b303effdd',NULL,NULL)
COMMIT
DELETE FROM AGENT WHERE ID=2
INSERT INTO AGENT VALUES(2,'ip_172.17.231.177','172.17.231.177',9090,2,1,0,1,1523220812762,1523222701231,NULL,'e1d217ad876f097c2d1d240b303effdd',NULL,NULL)
COMMIT
DELETE FROM AGENT WHERE ID=2
INSERT INTO AGENT VALUES(2,'ip_172.17.231.177','172.17.231.177',9090,2,1,1,1,1523220812762,1523222701231,NULL,'e1d217ad876f097c2d1d240b303effdd',NULL,NULL)
COMMIT
INSERT INTO COMMENTS VALUES(11,1,1523222993810,'')
COMMIT
INSERT INTO ACTION_HISTORY VALUES('2',11,11,NULL)
COMMIT
DELETE FROM AGENT WHERE ID=2
INSERT INTO AGENT VALUES(2,'ip_172.17.231.177','172.17.231.177',9090,2,1,1,1,1523220812762,1523223021200,NULL,'e1d217ad876f097c2d1d240b303effdd',NULL,NULL)
COMMIT
DELETE FROM AGENT WHERE ID=2
INSERT INTO AGENT VALUES(2,'ip_172.17.231.177','172.17.231.177',9090,2,1,1,1,1523220812762,1523223339287,NULL,'e1d217ad876f097c2d1d240b303effdd',NULL,NULL)
COMMIT
DELETE FROM AGENT WHERE ID=2
INSERT INTO AGENT VALUES(2,'ip_172.17.231.177','172.17.231.177',9090,2,1,1,1,1523220812762,1523223655738,NULL,'e1d217ad876f097c2d1d240b303effdd',NULL,NULL)
COMMIT
INSERT INTO SERVER_STATISTICS VALUES(1,2,1523223715556)
COMMIT
INSERT INTO SERVER_STATISTICS VALUES(2,0,1523223715556)
COMMIT
DELETE FROM AGENT WHERE ID=2
INSERT INTO AGENT VALUES(2,'ip_172.17.231.177','172.17.231.177',9090,2,1,1,1,1523220812762,1523223973282,NULL,'e1d217ad876f097c2d1d240b303effdd',NULL,NULL)
COMMIT
DELETE FROM AGENT WHERE ID=2
INSERT INTO AGENT VALUES(2,'ip_172.17.231.177','172.17.231.177',9090,2,1,1,0,1523220812762,1523223973282,'Cannot access agent','e1d217ad876f097c2d1d240b303effdd',NULL,NULL)
COMMIT
INSERT INTO SERVER_STATISTICS VALUES(1,2,1523237008350)
COMMIT
INSERT INTO SERVER_STATISTICS VALUES(2,0,1523237008350)
COMMIT
/*C11*/INSERT INTO SERVER_STATISTICS VALUES(1,2,1523237010216)
COMMIT
INSERT INTO SERVER_STATISTICS VALUES(2,0,1523237010216)
COMMIT
/*C13*/INSERT INTO SERVER_STATISTICS VALUES(1,2,1523237011626)
COMMIT
INSERT INTO SERVER_STATISTICS VALUES(2,0,1523237011626)
COMMIT
DELETE FROM USERS WHERE ID=1
INSERT INTO USERS VALUES(1,'username','XMAuSSqTwtJ64KCq:00255aba5b1e6cf08d16251124436946','josh','josh.quintus@gmail.com',1523237032001)
COMMIT
DELETE FROM AGENT WHERE ID=2
INSERT INTO AGENT VALUES(2,'ip_172.17.231.177','172.17.231.177',9090,2,1,1,0,1523220812762,1523223973282,'Cannot access agent','e1d217ad876f097c2d1d240b303effdd',NULL,NULL)
COMMIT
DELETE FROM AGENT WHERE ID=2
INSERT INTO AGENT VALUES(2,'ip_172.17.231.177','172.17.231.177',9090,2,1,1,0,1523220812762,1523223973282,'Cannot access agent','e1d217ad876f097c2d1d240b303effdd',NULL,NULL)
COMMIT
DELETE FROM AGENT WHERE ID=2
INSERT INTO AGENT VALUES(2,'ip_172.17.231.177','172.17.231.177',9090,2,1,1,0,1523220812762,1523223973282,'Cannot access agent','e1d217ad876f097c2d1d240b303effdd',NULL,NULL)
COMMIT
DELETE FROM AGENT_TYPE_INFO WHERE AGENT_TYPE_ID=2
INSERT INTO AGENT_TYPE_INFO VALUES(2,'Windows Server 2016, version 10.0',155,'2018-04-08 20:38:24.851000','2018-04-08 20:38:24.851000')
DELETE FROM AGENT_TYPE_PARAM WHERE AGENT_TYPE_ID=2 AND PARAM_KIND='B' AND PARAM_NAME='env.=C:'
DELETE FROM AGENT_TYPE_PARAM WHERE AGENT_TYPE_ID=2 AND PARAM_KIND='B' AND PARAM_NAME='env.=ExitCode'
DELETE FROM AGENT_TYPE_PARAM WHERE AGENT_TYPE_ID=2 AND PARAM_KIND='B' AND PARAM_NAME='env.ALLUSERSPROFILE'
DELETE FROM AGENT_TYPE_PARAM WHERE AGENT_TYPE_ID=2 AND PARAM_KIND='B' AND PARAM_NAME='env.APPDATA'
DELETE FROM AGENT_TYPE_PARAM WHERE AGENT_TYPE_ID=2 AND PARAM_KIND='B' AND PARAM_NAME='env.COMPUTERNAME'
DELETE FROM AGENT_TYPE_PARAM WHERE AGENT_TYPE_ID=2 AND PARAM_KIND='B' AND PARAM_NAME='env.CONFIG_FILE'
DELETE FROM AGENT_TYPE_PARAM WHERE AGENT_TYPE_ID=2 AND PARAM_KIND='B' AND PARAM_NAME='env.ComSpec'
DELETE FROM AGENT_TYPE_PARAM WHERE AGENT_TYPE_ID=2 AND PARAM_KIND='B' AND PARAM_NAME='env.CommonProgramFiles'
DELETE FROM AGENT_TYPE_PARAM WHERE AGENT_TYPE_ID=2 AND PARAM_KIND='B' AND PARAM_NAME='env.CommonProgramFiles(x86)'
DELETE FROM AGENT_TYPE_PARAM WHERE AGENT_TYPE_ID=2 AND PARAM_KIND='B' AND PARAM_NAME='env.CommonProgramW6432'
DELETE FROM AGENT_TYPE_PARAM WHERE AGENT_TYPE_ID=2 AND PARAM_KIND='B' AND PARAM_NAME='env.DOTNET_CLI_TELEMETRY_OPTOUT'
DELETE FROM AGENT_TYPE_PARAM WHERE AGENT_TYPE_ID=2 AND PARAM_KIND='B' AND PARAM_NAME='env.DOTNET_SKIP_FIRST_TIME_EXPERIENCE'
DELETE FROM AGENT_TYPE_PARAM WHERE AGENT_TYPE_ID=2 AND PARAM_KIND='B' AND PARAM_NAME='env.FJ_JAVA_VERSION'
DELETE FROM AGENT_TYPE_PARAM WHERE AGENT_TYPE_ID=2 AND PARAM_KIND='B' AND PARAM_NAME='env.FJ_MIN_UNSUPPORTED_JAVA_VERSION'
DELETE FROM AGENT_TYPE_PARAM WHERE AGENT_TYPE_ID=2 AND PARAM_KIND='B' AND PARAM_NAME='env.JAVA_EXE'
DELETE FROM AGENT_TYPE_PARAM WHERE AGENT_TYPE_ID=2 AND PARAM_KIND='B' AND PARAM_NAME='env.JRE_18'
DELETE FROM AGENT_TYPE_PARAM WHERE AGENT_TYPE_ID=2 AND PARAM_KIND='B' AND PARAM_NAME='env.JRE_18_x64'
DELETE FROM AGENT_TYPE_PARAM WHERE AGENT_TYPE_ID=2 AND PARAM_KIND='B' AND PARAM_NAME='env.JRE_HOME'
DELETE FROM AGENT_TYPE_PARAM WHERE AGENT_TYPE_ID=2 AND PARAM_KIND='B' AND PARAM_NAME='env.LOCALAPPDATA'
DELETE FROM AGENT_TYPE_PARAM WHERE AGENT_TYPE_ID=2 AND PARAM_KIND='B' AND PARAM_NAME='env.NUGET_XMLDOC_MODE'
DELETE FROM AGENT_TYPE_PARAM WHERE AGENT_TYPE_ID=2 AND PARAM_KIND='B' AND PARAM_NAME='env.NUMBER_OF_PROCESSORS'
DELETE FROM AGENT_TYPE_PARAM WHERE AGENT_TYPE_ID=2 AND PARAM_KIND='B' AND PARAM_NAME='env.OS'
DELETE FROM AGENT_TYPE_PARAM WHERE AGENT_TYPE_ID=2 AND PARAM_KIND='B' AND PARAM_NAME='env.PATHEXT'
DELETE FROM AGENT_TYPE_PARAM WHERE AGENT_TYPE_ID=2 AND PARAM_KIND='B' AND PARAM_NAME='env.PROCESSOR_ARCHITECTURE'
DELETE FROM AGENT_TYPE_PARAM WHERE AGENT_TYPE_ID=2 AND PARAM_KIND='B' AND PARAM_NAME='env.PROCESSOR_IDENTIFIER'
DELETE FROM AGENT_TYPE_PARAM WHERE AGENT_TYPE_ID=2 AND PARAM_KIND='B' AND PARAM_NAME='env.PROCESSOR_LEVEL'
DELETE FROM AGENT_TYPE_PARAM WHERE AGENT_TYPE_ID=2 AND PARAM_KIND='B' AND PARAM_NAME='env.PROCESSOR_REVISION'
DELETE FROM AGENT_TYPE_PARAM WHERE AGENT_TYPE_ID=2 AND PARAM_KIND='B' AND PARAM_NAME='env.PROMPT'
DELETE FROM AGENT_TYPE_PARAM WHERE AGENT_TYPE_ID=2 AND PARAM_KIND='B' AND PARAM_NAME='env.PSMODULEPATH'
DELETE FROM AGENT_TYPE_PARAM WHERE AGENT_TYPE_ID=2 AND PARAM_KIND='B' AND PARAM_NAME='env.PUBLIC'
DELETE FROM AGENT_TYPE_PARAM WHERE AGENT_TYPE_ID=2 AND PARAM_KIND='B' AND PARAM_NAME='env.Path'
DELETE FROM AGENT_TYPE_PARAM WHERE AGENT_TYPE_ID=2 AND PARAM_KIND='B' AND PARAM_NAME='env.ProgramData'
DELETE FROM AGENT_TYPE_PARAM WHERE AGENT_TYPE_ID=2 AND PARAM_KIND='B' AND PARAM_NAME='env.ProgramFiles'
DELETE FROM AGENT_TYPE_PARAM WHERE AGENT_TYPE_ID=2 AND PARAM_KIND='B' AND PARAM_NAME='env.ProgramFiles(x86)'
DELETE FROM AGENT_TYPE_PARAM WHERE AGENT_TYPE_ID=2 AND PARAM_KIND='B' AND PARAM_NAME='env.ProgramW6432'
DELETE FROM AGENT_TYPE_PARAM WHERE AGENT_TYPE_ID=2 AND PARAM_KIND='B' AND PARAM_NAME='env.SERVER_URL'
DELETE FROM AGENT_TYPE_PARAM WHERE AGENT_TYPE_ID=2 AND PARAM_KIND='B' AND PARAM_NAME='env.SystemDrive'
DELETE FROM AGENT_TYPE_PARAM WHERE AGENT_TYPE_ID=2 AND PARAM_KIND='B' AND PARAM_NAME='env.SystemRoot'
DELETE FROM AGENT_TYPE_PARAM WHERE AGENT_TYPE_ID=2 AND PARAM_KIND='B' AND PARAM_NAME='env.TEAMCITY_AGENT_CONFIG_FILE'
DELETE FROM AGENT_TYPE_PARAM WHERE AGENT_TYPE_ID=2 AND PARAM_KIND='B' AND PARAM_NAME='env.TEAMCITY_AGENT_CURRENT_DIR'
DELETE FROM AGENT_TYPE_PARAM WHERE AGENT_TYPE_ID=2 AND PARAM_KIND='B' AND PARAM_NAME='env.TEAMCITY_AGENT_JAVA_EXEC'
DELETE FROM AGENT_TYPE_PARAM WHERE AGENT_TYPE_ID=2 AND PARAM_KIND='B' AND PARAM_NAME='env.TEAMCITY_AGENT_LOG_DIR'
DELETE FROM AGENT_TYPE_PARAM WHERE AGENT_TYPE_ID=2 AND PARAM_KIND='B' AND PARAM_NAME='env.TEAMCITY_AGENT_MEM_OPTS_ACTUAL'
DELETE FROM AGENT_TYPE_PARAM WHERE AGENT_TYPE_ID=2 AND PARAM_KIND='B' AND PARAM_NAME='env.TEAMCITY_AGENT_OPTS_ACTUAL'
DELETE FROM AGENT_TYPE_PARAM WHERE AGENT_TYPE_ID=2 AND PARAM_KIND='B' AND PARAM_NAME='env.TEAMCITY_CAPTURE_ENV'
DELETE FROM AGENT_TYPE_PARAM WHERE AGENT_TYPE_ID=2 AND PARAM_KIND='B' AND PARAM_NAME='env.TEAMCITY_GIT_PATH'
DELETE FROM AGENT_TYPE_PARAM WHERE AGENT_TYPE_ID=2 AND PARAM_KIND='B' AND PARAM_NAME='env.TEAMCITY_LAUNCHER_CLASSPATH'
DELETE FROM AGENT_TYPE_PARAM WHERE AGENT_TYPE_ID=2 AND PARAM_KIND='B' AND PARAM_NAME='env.TEAMCITY_LAUNCHER_OPTS_ACTUAL'
DELETE FROM AGENT_TYPE_PARAM WHERE AGENT_TYPE_ID=2 AND PARAM_KIND='B' AND PARAM_NAME='env.TEAMCITY_SERVER_MEM_OPTS'
DELETE FROM AGENT_TYPE_PARAM WHERE AGENT_TYPE_ID=2 AND PARAM_KIND='B' AND PARAM_NAME='env.TEMP'
DELETE FROM AGENT_TYPE_PARAM WHERE AGENT_TYPE_ID=2 AND PARAM_KIND='B' AND PARAM_NAME='env.TMP'
DELETE FROM AGENT_TYPE_PARAM WHERE AGENT_TYPE_ID=2 AND PARAM_KIND='B' AND PARAM_NAME='env.USERDOMAIN'
DELETE FROM AGENT_TYPE_PARAM WHERE AGENT_TYPE_ID=2 AND PARAM_KIND='B' AND PARAM_NAME='env.USERNAME'
DELETE FROM AGENT_TYPE_PARAM WHERE AGENT_TYPE_ID=2 AND PARAM_KIND='B' AND PARAM_NAME='env.USERPROFILE'
DELETE FROM AGENT_TYPE_PARAM WHERE AGENT_TYPE_ID=2 AND PARAM_KIND='B' AND PARAM_NAME='env.java_hint'
DELETE FROM AGENT_TYPE_PARAM WHERE AGENT_TYPE_ID=2 AND PARAM_KIND='B' AND PARAM_NAME='env.windir'
DELETE FROM AGENT_TYPE_PARAM WHERE AGENT_TYPE_ID=2 AND PARAM_KIND='B' AND PARAM_NAME='system.agent.home.dir'
DELETE FROM AGENT_TYPE_PARAM WHERE AGENT_TYPE_ID=2 AND PARAM_KIND='B' AND PARAM_NAME='system.agent.name'
DELETE FROM AGENT_TYPE_PARAM WHERE AGENT_TYPE_ID=2 AND PARAM_KIND='B' AND PARAM_NAME='system.agent.work.dir'
DELETE FROM AGENT_TYPE_PARAM WHERE AGENT_TYPE_ID=2 AND PARAM_KIND='B' AND PARAM_NAME='system.teamcity.agent.cpuBenchmark'
DELETE FROM AGENT_TYPE_PARAM WHERE AGENT_TYPE_ID=2 AND PARAM_KIND='B' AND PARAM_NAME='system.teamcity.build.tempDir'
DELETE FROM AGENT_TYPE_PARAM WHERE AGENT_TYPE_ID=2 AND PARAM_KIND='B' AND PARAM_NAME='system.teamcity.dotnet.nunitaddin'
DELETE FROM AGENT_TYPE_PARAM WHERE AGENT_TYPE_ID=2 AND PARAM_KIND='B' AND PARAM_NAME='system.teamcity.dotnet.nunitlauncher'
DELETE FROM AGENT_TYPE_PARAM WHERE AGENT_TYPE_ID=2 AND PARAM_KIND='B' AND PARAM_NAME='system.teamcity.dotnet.nunitlauncher.msbuild.task'
DELETE FROM AGENT_TYPE_PARAM WHERE AGENT_TYPE_ID=2 AND PARAM_KIND='B' AND PARAM_NAME='system.teamcity.dotnet.nunitlauncher1.1'
DELETE FROM AGENT_TYPE_PARAM WHERE AGENT_TYPE_ID=2 AND PARAM_KIND='B' AND PARAM_NAME='system.teamcity.dotnet.nunitlauncher2.0'
DELETE FROM AGENT_TYPE_PARAM WHERE AGENT_TYPE_ID=2 AND PARAM_KIND='B' AND PARAM_NAME='system.teamcity.dotnet.nunitlauncher2.0.vsts'
DELETE FROM AGENT_TYPE_PARAM WHERE AGENT_TYPE_ID=2 AND PARAM_KIND='B' AND PARAM_NAME='system.teamcity.dotnet.platform'
DELETE FROM AGENT_TYPE_PARAM WHERE AGENT_TYPE_ID=2 AND PARAM_KIND='C' AND PARAM_NAME='teamcity.agent.hardware.cpuCount'
DELETE FROM AGENT_TYPE_PARAM WHERE AGENT_TYPE_ID=2 AND PARAM_KIND='C' AND PARAM_NAME='teamcity.agent.hardware.memorySizeMb'
DELETE FROM AGENT_TYPE_PARAM WHERE AGENT_TYPE_ID=2 AND PARAM_KIND='C' AND PARAM_NAME='teamcity.agent.home.dir'
DELETE FROM AGENT_TYPE_PARAM WHERE AGENT_TYPE_ID=2 AND PARAM_KIND='C' AND PARAM_NAME='teamcity.agent.hostname'
DELETE FROM AGENT_TYPE_PARAM WHERE AGENT_TYPE_ID=2 AND PARAM_KIND='C' AND PARAM_NAME='teamcity.agent.jvm.file.encoding'
DELETE FROM AGENT_TYPE_PARAM WHERE AGENT_TYPE_ID=2 AND PARAM_KIND='C' AND PARAM_NAME='teamcity.agent.jvm.file.separator'
DELETE FROM AGENT_TYPE_PARAM WHERE AGENT_TYPE_ID=2 AND PARAM_KIND='C' AND PARAM_NAME='teamcity.agent.jvm.java.home'
DELETE FROM AGENT_TYPE_PARAM WHERE AGENT_TYPE_ID=2 AND PARAM_KIND='C' AND PARAM_NAME='teamcity.agent.jvm.os.arch'
DELETE FROM AGENT_TYPE_PARAM WHERE AGENT_TYPE_ID=2 AND PARAM_KIND='C' AND PARAM_NAME='teamcity.agent.jvm.os.name'
DELETE FROM AGENT_TYPE_PARAM WHERE AGENT_TYPE_ID=2 AND PARAM_KIND='C' AND PARAM_NAME='teamcity.agent.jvm.os.version'
DELETE FROM AGENT_TYPE_PARAM WHERE AGENT_TYPE_ID=2 AND PARAM_KIND='C' AND PARAM_NAME='teamcity.agent.jvm.path.separator'
DELETE FROM AGENT_TYPE_PARAM WHERE AGENT_TYPE_ID=2 AND PARAM_KIND='C' AND PARAM_NAME='teamcity.agent.jvm.specification'
DELETE FROM AGENT_TYPE_PARAM WHERE AGENT_TYPE_ID=2 AND PARAM_KIND='C' AND PARAM_NAME='teamcity.agent.jvm.user.country'
DELETE FROM AGENT_TYPE_PARAM WHERE AGENT_TYPE_ID=2 AND PARAM_KIND='C' AND PARAM_NAME='teamcity.agent.jvm.user.home'
DELETE FROM AGENT_TYPE_PARAM WHERE AGENT_TYPE_ID=2 AND PARAM_KIND='C' AND PARAM_NAME='teamcity.agent.jvm.user.language'
DELETE FROM AGENT_TYPE_PARAM WHERE AGENT_TYPE_ID=2 AND PARAM_KIND='C' AND PARAM_NAME='teamcity.agent.jvm.user.name'
DELETE FROM AGENT_TYPE_PARAM WHERE AGENT_TYPE_ID=2 AND PARAM_KIND='C' AND PARAM_NAME='teamcity.agent.jvm.user.timezone'
DELETE FROM AGENT_TYPE_PARAM WHERE AGENT_TYPE_ID=2 AND PARAM_KIND='C' AND PARAM_NAME='teamcity.agent.jvm.version'
DELETE FROM AGENT_TYPE_PARAM WHERE AGENT_TYPE_ID=2 AND PARAM_KIND='C' AND PARAM_NAME='teamcity.agent.launcher.version'
DELETE FROM AGENT_TYPE_PARAM WHERE AGENT_TYPE_ID=2 AND PARAM_KIND='C' AND PARAM_NAME='teamcity.agent.name'
DELETE FROM AGENT_TYPE_PARAM WHERE AGENT_TYPE_ID=2 AND PARAM_KIND='C' AND PARAM_NAME='teamcity.agent.os.arch.bits'
DELETE FROM AGENT_TYPE_PARAM WHERE AGENT_TYPE_ID=2 AND PARAM_KIND='C' AND PARAM_NAME='teamcity.agent.ownPort'
DELETE FROM AGENT_TYPE_PARAM WHERE AGENT_TYPE_ID=2 AND PARAM_KIND='C' AND PARAM_NAME='teamcity.agent.protocol'
DELETE FROM AGENT_TYPE_PARAM WHERE AGENT_TYPE_ID=2 AND PARAM_KIND='C' AND PARAM_NAME='teamcity.agent.tools.dir'
DELETE FROM AGENT_TYPE_PARAM WHERE AGENT_TYPE_ID=2 AND PARAM_KIND='C' AND PARAM_NAME='teamcity.agent.work.dir'
DELETE FROM AGENT_TYPE_PARAM WHERE AGENT_TYPE_ID=2 AND PARAM_KIND='C' AND PARAM_NAME='teamcity.agent.work.dir.freeSpaceMb'
DELETE FROM AGENT_TYPE_PARAM WHERE AGENT_TYPE_ID=2 AND PARAM_KIND='C' AND PARAM_NAME='teamcity.dotCover.home'
DELETE FROM AGENT_TYPE_PARAM WHERE AGENT_TYPE_ID=2 AND PARAM_KIND='C' AND PARAM_NAME='teamcity.dotnet.msbuild.extensions2.0'
DELETE FROM AGENT_TYPE_PARAM WHERE AGENT_TYPE_ID=2 AND PARAM_KIND='C' AND PARAM_NAME='teamcity.dotnet.msbuild.extensions4.0'
DELETE FROM AGENT_TYPE_PARAM WHERE AGENT_TYPE_ID=2 AND PARAM_KIND='C' AND PARAM_NAME='teamcity.serverUrl'
DELETE FROM AGENT_TYPE_PARAM WHERE AGENT_TYPE_ID=2 AND PARAM_KIND='C' AND PARAM_NAME='teamcity.tool.JetBrains.dotCover.CommandLineTools.bundled'
DELETE FROM AGENT_TYPE_PARAM WHERE AGENT_TYPE_ID=2 AND PARAM_KIND='C' AND PARAM_NAME='teamcity.tool.ant-net-tasks'
DELETE FROM AGENT_TYPE_PARAM WHERE AGENT_TYPE_ID=2 AND PARAM_KIND='C' AND PARAM_NAME='teamcity.tool.dotCover'
DELETE FROM AGENT_TYPE_PARAM WHERE AGENT_TYPE_ID=2 AND PARAM_KIND='C' AND PARAM_NAME='teamcity.tool.gant'
DELETE FROM AGENT_TYPE_PARAM WHERE AGENT_TYPE_ID=2 AND PARAM_KIND='C' AND PARAM_NAME='teamcity.tool.idea'
DELETE FROM AGENT_TYPE_PARAM WHERE AGENT_TYPE_ID=2 AND PARAM_KIND='C' AND PARAM_NAME='teamcity.tool.jacoco'
DELETE FROM AGENT_TYPE_PARAM WHERE AGENT_TYPE_ID=2 AND PARAM_KIND='C' AND PARAM_NAME='teamcity.tool.jetbrains.resharper-clt.bundled'
DELETE FROM AGENT_TYPE_PARAM WHERE AGENT_TYPE_ID=2 AND PARAM_KIND='C' AND PARAM_NAME='teamcity.tool.jps'
DELETE FROM AGENT_TYPE_PARAM WHERE AGENT_TYPE_ID=2 AND PARAM_KIND='C' AND PARAM_NAME='teamcity.tool.maven'
DELETE FROM AGENT_TYPE_PARAM WHERE AGENT_TYPE_ID=2 AND PARAM_KIND='C' AND PARAM_NAME='teamcity.tool.maven3'
DELETE FROM AGENT_TYPE_PARAM WHERE AGENT_TYPE_ID=2 AND PARAM_KIND='C' AND PARAM_NAME='teamcity.tool.maven3_1'
DELETE FROM AGENT_TYPE_PARAM WHERE AGENT_TYPE_ID=2 AND PARAM_KIND='C' AND PARAM_NAME='teamcity.tool.maven3_2'
DELETE FROM AGENT_TYPE_PARAM WHERE AGENT_TYPE_ID=2 AND PARAM_KIND='C' AND PARAM_NAME='teamcity.tool.maven3_3'
INSERT INTO AGENT_TYPE_PARAM VALUES(2,'B','env.=C:','C:\BuildAgent\bin')
INSERT INTO AGENT_TYPE_PARAM VALUES(2,'B','env.=ExitCode','00000000')
INSERT INTO AGENT_TYPE_PARAM VALUES(2,'B','env.ALLUSERSPROFILE','C:\ProgramData')
INSERT INTO AGENT_TYPE_PARAM VALUES(2,'B','env.APPDATA','C:\Users\ContainerAdministrator\AppData\Roaming')
INSERT INTO AGENT_TYPE_PARAM VALUES(2,'B','env.COMPUTERNAME','D4D854C97FE2')
INSERT INTO AGENT_TYPE_PARAM VALUES(2,'B','env.CONFIG_FILE','C:/BuildAgent/conf/buildAgent.properties')
INSERT INTO AGENT_TYPE_PARAM VALUES(2,'B','env.ComSpec','C:\Windows\system32\cmd.exe')
INSERT INTO AGENT_TYPE_PARAM VALUES(2,'B','env.CommonProgramFiles','C:\Program Files\Common Files')
INSERT INTO AGENT_TYPE_PARAM VALUES(2,'B','env.CommonProgramFiles(x86)','C:\Program Files (x86)\Common Files')
INSERT INTO AGENT_TYPE_PARAM VALUES(2,'B','env.CommonProgramW6432','C:\Program Files\Common Files')
INSERT INTO AGENT_TYPE_PARAM VALUES(2,'B','env.DOTNET_CLI_TELEMETRY_OPTOUT','true')
INSERT INTO AGENT_TYPE_PARAM VALUES(2,'B','env.DOTNET_SKIP_FIRST_TIME_EXPERIENCE','true')
INSERT INTO AGENT_TYPE_PARAM VALUES(2,'B','env.FJ_JAVA_VERSION','1.8.0_151')
INSERT INTO AGENT_TYPE_PARAM VALUES(2,'B','env.FJ_MIN_UNSUPPORTED_JAVA_VERSION','9')
INSERT INTO AGENT_TYPE_PARAM VALUES(2,'B','env.JAVA_EXE','C:\Program Files\Java\Oracle\jre\bin\java.exe')
INSERT INTO AGENT_TYPE_PARAM VALUES(2,'B','env.JRE_18','C:\Program Files\Java\Oracle\jre')
INSERT INTO AGENT_TYPE_PARAM VALUES(2,'B','env.JRE_18_x64','C:\Program Files\Java\Oracle\jre')
INSERT INTO AGENT_TYPE_PARAM VALUES(2,'B','env.JRE_HOME','C:\Program Files\Java\Oracle\jre')
INSERT INTO AGENT_TYPE_PARAM VALUES(2,'B','env.LOCALAPPDATA','C:\Users\ContainerAdministrator\AppData\Local')
INSERT INTO AGENT_TYPE_PARAM VALUES(2,'B','env.NUGET_XMLDOC_MODE','skip')
INSERT INTO AGENT_TYPE_PARAM VALUES(2,'B','env.NUMBER_OF_PROCESSORS','2')
INSERT INTO AGENT_TYPE_PARAM VALUES(2,'B','env.OS','Windows_NT')
INSERT INTO AGENT_TYPE_PARAM VALUES(2,'B','env.PATHEXT','.COM;.EXE;.BAT;.CMD')
INSERT INTO AGENT_TYPE_PARAM VALUES(2,'B','env.PROCESSOR_ARCHITECTURE','AMD64')
INSERT INTO AGENT_TYPE_PARAM VALUES(2,'B','env.PROCESSOR_IDENTIFIER','Intel64 Family 6 Model 69 Stepping 1, GenuineIntel')
INSERT INTO AGENT_TYPE_PARAM VALUES(2,'B','env.PROCESSOR_LEVEL','6')
INSERT INTO AGENT_TYPE_PARAM VALUES(2,'B','env.PROCESSOR_REVISION','4501')
INSERT INTO AGENT_TYPE_PARAM VALUES(2,'B','env.PROMPT','$P$G')
INSERT INTO AGENT_TYPE_PARAM VALUES(2,'B','env.PSMODULEPATH','C:\Users\ContainerAdministrator\Documents\WindowsPowerShell\Modules;C:\Program Files\WindowsPowerShell\Modules;c:\windows\system32\windowspowershell\v1.0\Modules')
INSERT INTO AGENT_TYPE_PARAM VALUES(2,'B','env.PUBLIC','C:\Users\Public')
INSERT INTO AGENT_TYPE_PARAM VALUES(2,'B','env.Path','C:\Windows\system32;C:\Windows;C:\Windows\System32\Wbem;C:\Windows\System32\WindowsPowerShell\v1.0\;C:\Users\ContainerAdministrator\AppData\Local\Microsoft\WindowsApps;C:\Program Files\Java\Oracle\bin;C:\Program Files\Java\Oracle\jre\bin;;C:\Program Files\Git\cmd;C:\Program Files\Mercurial;C:\Program Files\dotnet;')
INSERT INTO AGENT_TYPE_PARAM VALUES(2,'B','env.ProgramData','C:\ProgramData')
INSERT INTO AGENT_TYPE_PARAM VALUES(2,'B','env.ProgramFiles','C:\Program Files')
INSERT INTO AGENT_TYPE_PARAM VALUES(2,'B','env.ProgramFiles(x86)','C:\Program Files (x86)')
INSERT INTO AGENT_TYPE_PARAM VALUES(2,'B','env.ProgramW6432','C:\Program Files')
INSERT INTO AGENT_TYPE_PARAM VALUES(2,'B','env.SERVER_URL','http://server:8111')
INSERT INTO AGENT_TYPE_PARAM VALUES(2,'B','env.SystemDrive','C:')
INSERT INTO AGENT_TYPE_PARAM VALUES(2,'B','env.SystemRoot','C:\Windows')
INSERT INTO AGENT_TYPE_PARAM VALUES(2,'B','env.TEAMCITY_AGENT_CONFIG_FILE','..\conf\buildAgent.properties')
INSERT INTO AGENT_TYPE_PARAM VALUES(2,'B','env.TEAMCITY_AGENT_CURRENT_DIR','C:\BuildAgent\bin')
INSERT INTO AGENT_TYPE_PARAM VALUES(2,'B','env.TEAMCITY_AGENT_JAVA_EXEC','C:\Program Files\Java\Oracle\jre\bin\java.exe')
INSERT INTO AGENT_TYPE_PARAM VALUES(2,'B','env.TEAMCITY_AGENT_LOG_DIR','../logs/')
INSERT INTO AGENT_TYPE_PARAM VALUES(2,'B','env.TEAMCITY_AGENT_MEM_OPTS_ACTUAL','-Xmx384m')
INSERT INTO AGENT_TYPE_PARAM VALUES(2,'B','env.TEAMCITY_AGENT_OPTS_ACTUAL',' -ea -Xmx384m -Dlog4j.configuration=file:../conf/teamcity-agent-log4j.xml -Dteamcity_logs=../logs/')
INSERT INTO AGENT_TYPE_PARAM VALUES(2,'B','env.TEAMCITY_CAPTURE_ENV','"C:\Program Files\Java\Oracle\jre\bin\java.exe" -jar "C:\BuildAgent\plugins\environment-fetcher\bin\env-fetcher.jar"')
INSERT INTO AGENT_TYPE_PARAM VALUES(2,'B','env.TEAMCITY_GIT_PATH','git.exe')
INSERT INTO AGENT_TYPE_PARAM VALUES(2,'B','env.TEAMCITY_LAUNCHER_CLASSPATH','..\launcher\lib\launcher.jar')
INSERT INTO AGENT_TYPE_PARAM VALUES(2,'B','env.TEAMCITY_LAUNCHER_OPTS_ACTUAL',' -ea')
INSERT INTO AGENT_TYPE_PARAM VALUES(2,'B','env.TEAMCITY_SERVER_MEM_OPTS','-Xmx2g -XX:ReservedCodeCacheSize=350m')
INSERT INTO AGENT_TYPE_PARAM VALUES(2,'B','env.TEMP','C:\Users\ContainerAdministrator\AppData\Local\Temp')
INSERT INTO AGENT_TYPE_PARAM VALUES(2,'B','env.TMP','C:\Users\ContainerAdministrator\AppData\Local\Temp')
INSERT INTO AGENT_TYPE_PARAM VALUES(2,'B','env.USERDOMAIN','User Manager')
INSERT INTO AGENT_TYPE_PARAM VALUES(2,'B','env.USERNAME','ContainerAdministrator')
INSERT INTO AGENT_TYPE_PARAM VALUES(2,'B','env.USERPROFILE','C:\Users\ContainerAdministrator')
INSERT INTO AGENT_TYPE_PARAM VALUES(2,'B','env.java_hint','C:\BuildAgent\bin\..\jre')
INSERT INTO AGENT_TYPE_PARAM VALUES(2,'B','env.windir','C:\Windows')
INSERT INTO AGENT_TYPE_PARAM VALUES(2,'B','system.agent.home.dir','C:\BuildAgent')
INSERT INTO AGENT_TYPE_PARAM VALUES(2,'B','system.agent.name','ip_172.17.231.177')
INSERT INTO AGENT_TYPE_PARAM VALUES(2,'B','system.agent.work.dir','C:\BuildAgent\work')
INSERT INTO AGENT_TYPE_PARAM VALUES(2,'B','system.teamcity.agent.cpuBenchmark','155')
INSERT INTO AGENT_TYPE_PARAM VALUES(2,'B','system.teamcity.build.tempDir','C:\BuildAgent\temp\buildTmp')
INSERT INTO AGENT_TYPE_PARAM VALUES(2,'B','system.teamcity.dotnet.nunitaddin','C:\BuildAgent\plugins\dotnetPlugin\bin\JetBrains.TeamCity.NUnitAddin-NUnit')
INSERT INTO AGENT_TYPE_PARAM VALUES(2,'B','system.teamcity.dotnet.nunitlauncher','C:\BuildAgent\plugins\dotnetPlugin\bin\JetBrains.BuildServer.NUnitLauncher.exe')
INSERT INTO AGENT_TYPE_PARAM VALUES(2,'B','system.teamcity.dotnet.nunitlauncher.msbuild.task','C:\BuildAgent\plugins\dotnetPlugin\bin\JetBrains.BuildServer.MSBuildLoggers.dll')
INSERT INTO AGENT_TYPE_PARAM VALUES(2,'B','system.teamcity.dotnet.nunitlauncher1.1','C:\BuildAgent\plugins\dotnetPlugin\bin\JetBrains.BuildServer.NUnitLauncher1.1.exe')
INSERT INTO AGENT_TYPE_PARAM VALUES(2,'B','system.teamcity.dotnet.nunitlauncher2.0','C:\BuildAgent\plugins\dotnetPlugin\bin\JetBrains.BuildServer.NUnitLauncher2.0.exe')
INSERT INTO AGENT_TYPE_PARAM VALUES(2,'B','system.teamcity.dotnet.nunitlauncher2.0.vsts','C:\BuildAgent\plugins\dotnetPlugin\bin\JetBrains.BuildServer.NUnitLauncher2.0.VSTS.exe')
INSERT INTO AGENT_TYPE_PARAM VALUES(2,'B','system.teamcity.dotnet.platform','C:\BuildAgent\plugins\dotnetPlugin\bin\JetBrains.TeamCity.PlatformProcessRunner.1.1.exe')
INSERT INTO AGENT_TYPE_PARAM VALUES(2,'C','teamcity.agent.hardware.cpuCount','2')
INSERT INTO AGENT_TYPE_PARAM VALUES(2,'C','teamcity.agent.hardware.memorySizeMb','1023')
INSERT INTO AGENT_TYPE_PARAM VALUES(2,'C','teamcity.agent.home.dir','C:\BuildAgent')
INSERT INTO AGENT_TYPE_PARAM VALUES(2,'C','teamcity.agent.hostname','d4d854c97fe2')
INSERT INTO AGENT_TYPE_PARAM VALUES(2,'C','teamcity.agent.jvm.file.encoding','Cp1252')
INSERT INTO AGENT_TYPE_PARAM VALUES(2,'C','teamcity.agent.jvm.file.separator','\')
INSERT INTO AGENT_TYPE_PARAM VALUES(2,'C','teamcity.agent.jvm.java.home','C:\Program Files\Java\Oracle\jre')
INSERT INTO AGENT_TYPE_PARAM VALUES(2,'C','teamcity.agent.jvm.os.arch','amd64')
INSERT INTO AGENT_TYPE_PARAM VALUES(2,'C','teamcity.agent.jvm.os.name','Windows Server 2016')
INSERT INTO AGENT_TYPE_PARAM VALUES(2,'C','teamcity.agent.jvm.os.version','10.0')
INSERT INTO AGENT_TYPE_PARAM VALUES(2,'C','teamcity.agent.jvm.path.separator',';')
INSERT INTO AGENT_TYPE_PARAM VALUES(2,'C','teamcity.agent.jvm.specification','1.8')
INSERT INTO AGENT_TYPE_PARAM VALUES(2,'C','teamcity.agent.jvm.user.country','US')
INSERT INTO AGENT_TYPE_PARAM VALUES(2,'C','teamcity.agent.jvm.user.home','C:\Users\ContainerAdministrator')
INSERT INTO AGENT_TYPE_PARAM VALUES(2,'C','teamcity.agent.jvm.user.language','en')
INSERT INTO AGENT_TYPE_PARAM VALUES(2,'C','teamcity.agent.jvm.user.name','ContainerAdministrator')
INSERT INTO AGENT_TYPE_PARAM VALUES(2,'C','teamcity.agent.jvm.user.timezone','GMT-05:00')
INSERT INTO AGENT_TYPE_PARAM VALUES(2,'C','teamcity.agent.jvm.version','1.8.0_151')
INSERT INTO AGENT_TYPE_PARAM VALUES(2,'C','teamcity.agent.launcher.version','47175')
INSERT INTO AGENT_TYPE_PARAM VALUES(2,'C','teamcity.agent.name','ip_172.17.231.177')
INSERT INTO AGENT_TYPE_PARAM VALUES(2,'C','teamcity.agent.os.arch.bits','64')
INSERT INTO AGENT_TYPE_PARAM VALUES(2,'C','teamcity.agent.ownPort','9090')
INSERT INTO AGENT_TYPE_PARAM VALUES(2,'C','teamcity.agent.protocol','polling')
INSERT INTO AGENT_TYPE_PARAM VALUES(2,'C','teamcity.agent.tools.dir','C:\BuildAgent\tools')
INSERT INTO AGENT_TYPE_PARAM VALUES(2,'C','teamcity.agent.work.dir','C:\BuildAgent\work')
INSERT INTO AGENT_TYPE_PARAM VALUES(2,'C','teamcity.agent.work.dir.freeSpaceMb','19021')
INSERT INTO AGENT_TYPE_PARAM VALUES(2,'C','teamcity.dotCover.home','C:\BuildAgent\tools\dotCover')
INSERT INTO AGENT_TYPE_PARAM VALUES(2,'C','teamcity.dotnet.msbuild.extensions2.0','C:\BuildAgent\plugins\dotnetPlugin\bin\JetBrains.BuildServer.MSBuildLoggers.dll')
INSERT INTO AGENT_TYPE_PARAM VALUES(2,'C','teamcity.dotnet.msbuild.extensions4.0','C:\BuildAgent\plugins\dotnetPlugin\bin\JetBrains.BuildServer.MSBuildLoggers.4.0.dll')
INSERT INTO AGENT_TYPE_PARAM VALUES(2,'C','teamcity.serverUrl','http://server:8111')
INSERT INTO AGENT_TYPE_PARAM VALUES(2,'C','teamcity.tool.JetBrains.dotCover.CommandLineTools.bundled','C:\BuildAgent\tools\dotCover')
INSERT INTO AGENT_TYPE_PARAM VALUES(2,'C','teamcity.tool.ant-net-tasks','C:\BuildAgent\tools\ant-net-tasks')
INSERT INTO AGENT_TYPE_PARAM VALUES(2,'C','teamcity.tool.dotCover','C:\BuildAgent\tools\dotCover')
INSERT INTO AGENT_TYPE_PARAM VALUES(2,'C','teamcity.tool.gant','C:\BuildAgent\tools\gant')
INSERT INTO AGENT_TYPE_PARAM VALUES(2,'C','teamcity.tool.idea','C:\BuildAgent\tools\idea')
INSERT INTO AGENT_TYPE_PARAM VALUES(2,'C','teamcity.tool.jacoco','C:\BuildAgent\tools\jacoco')
INSERT INTO AGENT_TYPE_PARAM VALUES(2,'C','teamcity.tool.jetbrains.resharper-clt.bundled','C:\BuildAgent\plugins\dotnet-tools\clt-bin')
INSERT INTO AGENT_TYPE_PARAM VALUES(2,'C','teamcity.tool.jps','C:\BuildAgent\tools\jps')
INSERT INTO AGENT_TYPE_PARAM VALUES(2,'C','teamcity.tool.maven','C:\BuildAgent\tools\maven')
INSERT INTO AGENT_TYPE_PARAM VALUES(2,'C','teamcity.tool.maven3','C:\BuildAgent\tools\maven3')
INSERT INTO AGENT_TYPE_PARAM VALUES(2,'C','teamcity.tool.maven3_1','C:\BuildAgent\tools\maven3_1')
INSERT INTO AGENT_TYPE_PARAM VALUES(2,'C','teamcity.tool.maven3_2','C:\BuildAgent\tools\maven3_2')
INSERT INTO AGENT_TYPE_PARAM VALUES(2,'C','teamcity.tool.maven3_3','C:\BuildAgent\tools\maven3_3')
COMMIT
DELETE FROM AGENT WHERE ID=2
INSERT INTO AGENT VALUES(2,'ip_172.17.231.177','172.17.231.177',9090,2,1,1,1,1523237904772,1523223973282,NULL,'e1d217ad876f097c2d1d240b303effdd',NULL,NULL)
COMMIT
DELETE FROM AGENT WHERE ID=2
INSERT INTO AGENT VALUES(2,'ip_172.17.231.177','172.17.231.177',9090,2,1,1,1,1523237904772,1523237905096,NULL,'e1d217ad876f097c2d1d240b303effdd',NULL,NULL)
COMMIT
INSERT INTO SERVER_STATISTICS VALUES(1,2,1523238115422)
COMMIT
INSERT INTO SERVER_STATISTICS VALUES(2,0,1523238115422)
COMMIT
DELETE FROM AGENT WHERE ID=2
INSERT INTO AGENT VALUES(2,'ip_172.17.231.177','172.17.231.177',9090,2,1,1,1,1523237904772,1523238215782,NULL,'e1d217ad876f097c2d1d240b303effdd',NULL,NULL)
COMMIT
DELETE FROM AGENT WHERE ID=2
INSERT INTO AGENT VALUES(2,'ip_172.17.231.177','172.17.231.177',9090,2,1,1,1,1523237904772,1523238531301,NULL,'e1d217ad876f097c2d1d240b303effdd',NULL,NULL)
COMMIT
