Apr 08, 2018 10:49:40 AM org.apache.catalina.startup.VersionLoggerListener log
INFO: Server version:        Apache Tomcat/7.0.82
Apr 08, 2018 10:49:40 AM org.apache.catalina.startup.VersionLoggerListener log
INFO: Server built:          Sep 29 2017 12:23:15 UTC
Apr 08, 2018 10:49:40 AM org.apache.catalina.startup.VersionLoggerListener log
INFO: Server number:         7.0.82.0
Apr 08, 2018 10:49:40 AM org.apache.catalina.startup.VersionLoggerListener log
INFO: OS Name:               Windows Server 2016
Apr 08, 2018 10:49:40 AM org.apache.catalina.startup.VersionLoggerListener log
INFO: OS Version:            10.0
Apr 08, 2018 10:49:40 AM org.apache.catalina.startup.VersionLoggerListener log
INFO: Architecture:          amd64
Apr 08, 2018 10:49:40 AM org.apache.catalina.startup.VersionLoggerListener log
INFO: Java Home:             C:\Program Files\Java\Oracle\jre
Apr 08, 2018 10:49:40 AM org.apache.catalina.startup.VersionLoggerListener log
INFO: JVM Version:           1.8.0_131-b11
Apr 08, 2018 10:49:40 AM org.apache.catalina.startup.VersionLoggerListener log
INFO: JVM Vendor:            Oracle Corporation
Apr 08, 2018 10:49:40 AM org.apache.catalina.startup.VersionLoggerListener log
INFO: CATALINA_BASE:         C:\TeamCity\bin\..
Apr 08, 2018 10:49:40 AM org.apache.catalina.startup.VersionLoggerListener log
INFO: CATALINA_HOME:         C:\TeamCity\bin\..
Apr 08, 2018 10:49:40 AM org.apache.catalina.startup.VersionLoggerListener log
INFO: Command line argument: -Djava.util.logging.config.file=C:\TeamCity\bin\..\conf\logging.properties
Apr 08, 2018 10:49:40 AM org.apache.catalina.startup.VersionLoggerListener log
INFO: Command line argument: -Djava.util.logging.manager=org.apache.juli.ClassLoaderLogManager
Apr 08, 2018 10:49:40 AM org.apache.catalina.startup.VersionLoggerListener log
INFO: Command line argument: -Djdk.tls.ephemeralDHKeySize=2048
Apr 08, 2018 10:49:40 AM org.apache.catalina.startup.VersionLoggerListener log
INFO: Command line argument: -Xmx512m
Apr 08, 2018 10:49:40 AM org.apache.catalina.startup.VersionLoggerListener log
INFO: Command line argument: -Dteamcity.configuration.path=../conf/teamcity-startup.properties
Apr 08, 2018 10:49:40 AM org.apache.catalina.startup.VersionLoggerListener log
INFO: Command line argument: -Dlog4j.configuration=file:../conf/teamcity-server-log4j.xml
Apr 08, 2018 10:49:40 AM org.apache.catalina.startup.VersionLoggerListener log
INFO: Command line argument: -Dteamcity_logs=../logs/
Apr 08, 2018 10:49:40 AM org.apache.catalina.startup.VersionLoggerListener log
INFO: Command line argument: -Dtomcat.util.http.parser.HttpParser.requestTargetAllow={}
Apr 08, 2018 10:49:40 AM org.apache.catalina.startup.VersionLoggerListener log
INFO: Command line argument: -Djava.endorsed.dirs=C:\TeamCity\bin\..\endorsed
Apr 08, 2018 10:49:40 AM org.apache.catalina.startup.VersionLoggerListener log
INFO: Command line argument: -Dcatalina.base=C:\TeamCity\bin\..
Apr 08, 2018 10:49:40 AM org.apache.catalina.startup.VersionLoggerListener log
INFO: Command line argument: -Dcatalina.home=C:\TeamCity\bin\..
Apr 08, 2018 10:49:40 AM org.apache.catalina.startup.VersionLoggerListener log
INFO: Command line argument: -Djava.io.tmpdir=C:\TeamCity\bin\..\temp
Apr 08, 2018 10:49:40 AM org.apache.catalina.core.AprLifecycleListener lifecycleEvent
INFO: The APR based Apache Tomcat Native library which allows optimal performance in production environments was not found on the java.library.path: C:\Program Files\Java\Oracle\jre\bin;C:\Windows\Sun\Java\bin;C:\Windows\system32;C:\Windows;C:\Windows\system32;C:\Windows;C:\Windows\System32\Wbem;C:\Windows\System32\WindowsPowerShell\v1.0\;C:\Users\ContainerAdministrator\AppData\Local\Microsoft\WindowsApps;C:\Program Files\Java\Oracle\bin;C:\Program Files\Java\Oracle\jre\bin;;C:\Program Files\Git\cmd;C:\Program Files\Mercurial;;.
Apr 08, 2018 10:49:52 AM org.apache.coyote.AbstractProtocol init
INFO: Initializing ProtocolHandler ["http-nio-8111"]
Apr 08, 2018 10:49:57 AM org.apache.tomcat.util.net.NioSelectorPool getSharedSelector
INFO: Using a shared selector for servlet write/read
Apr 08, 2018 10:49:57 AM org.apache.catalina.startup.Catalina load
INFO: Initialization processed in 39997 ms
Apr 08, 2018 10:49:58 AM org.apache.catalina.core.StandardService startInternal
INFO: Starting service Catalina
Apr 08, 2018 10:49:58 AM org.apache.catalina.core.StandardEngine startInternal
INFO: Starting Servlet Engine: Apache Tomcat/7.0.82
Apr 08, 2018 10:49:58 AM org.apache.catalina.startup.HostConfig deployDirectory
INFO: Deploying web application directory C:\TeamCity\webapps\ROOT
Apr 08, 2018 10:54:43 AM org.apache.catalina.startup.TldConfig execute
INFO: At least one JAR was scanned for TLDs yet contained no TLDs. Enable debug logging for this logger for a complete list of JARs that were scanned but no TLDs were found in them. Skipping unneeded JARs during scanning can improve startup time and JSP compilation time.
Apr 08, 2018 10:54:54 AM org.apache.catalina.startup.HostConfig deployDirectory
INFO: Deployment of web application directory C:\TeamCity\webapps\ROOT has finished in 295,963 ms
Apr 08, 2018 10:54:54 AM org.apache.coyote.AbstractProtocol start
INFO: Starting ProtocolHandler ["http-nio-8111"]
Apr 08, 2018 10:54:54 AM org.apache.catalina.startup.Catalina start
INFO: Server startup in 297541 ms
Apr 08, 2018 10:54:59 AM org.apache.coyote.http11.AbstractHttp11Processor process
INFO: Error parsing HTTP request header
 Note: further occurrences of HTTP header parsing errors will be logged at DEBUG level.
java.lang.IllegalArgumentException: Invalid character found in method name. HTTP method names must be tokens
	at org.apache.coyote.http11.InternalNioInputBuffer.parseRequestLine(InternalNioInputBuffer.java:269)
	at org.apache.coyote.http11.AbstractHttp11Processor.process(AbstractHttp11Processor.java:1028)
	at org.apache.coyote.AbstractProtocol$AbstractConnectionHandler.process(AbstractProtocol.java:637)
	at org.apache.tomcat.util.net.NioEndpoint$SocketProcessor.doRun(NioEndpoint.java:1775)
	at org.apache.tomcat.util.net.NioEndpoint$SocketProcessor.run(NioEndpoint.java:1734)
	at java.util.concurrent.ThreadPoolExecutor.runWorker(ThreadPoolExecutor.java:1142)
	at java.util.concurrent.ThreadPoolExecutor$Worker.run(ThreadPoolExecutor.java:617)
	at org.apache.tomcat.util.threads.TaskThread$WrappingRunnable.run(TaskThread.java:61)
	at java.lang.Thread.run(Thread.java:748)

Apr 08, 2018 10:54:59 AM org.apache.coyote.http11.AbstractHttp11Processor process
INFO: Error parsing HTTP request header
 Note: further occurrences of HTTP header parsing errors will be logged at DEBUG level.
java.lang.IllegalArgumentException: Invalid character found in method name. HTTP method names must be tokens
	at org.apache.coyote.http11.InternalNioInputBuffer.parseRequestLine(InternalNioInputBuffer.java:269)
	at org.apache.coyote.http11.AbstractHttp11Processor.process(AbstractHttp11Processor.java:1028)
	at org.apache.coyote.AbstractProtocol$AbstractConnectionHandler.process(AbstractProtocol.java:637)
	at org.apache.tomcat.util.net.NioEndpoint$SocketProcessor.doRun(NioEndpoint.java:1775)
	at org.apache.tomcat.util.net.NioEndpoint$SocketProcessor.run(NioEndpoint.java:1734)
	at java.util.concurrent.ThreadPoolExecutor.runWorker(ThreadPoolExecutor.java:1142)
	at java.util.concurrent.ThreadPoolExecutor$Worker.run(ThreadPoolExecutor.java:617)
	at org.apache.tomcat.util.threads.TaskThread$WrappingRunnable.run(TaskThread.java:61)
	at java.lang.Thread.run(Thread.java:748)

Apr 08, 2018 10:55:33 AM org.apache.coyote.http11.AbstractHttp11Processor process
INFO: Error parsing HTTP request header
 Note: further occurrences of HTTP header parsing errors will be logged at DEBUG level.
java.lang.IllegalArgumentException: Invalid character found in method name. HTTP method names must be tokens
	at org.apache.coyote.http11.InternalNioInputBuffer.parseRequestLine(InternalNioInputBuffer.java:269)
	at org.apache.coyote.http11.AbstractHttp11Processor.process(AbstractHttp11Processor.java:1028)
	at org.apache.coyote.AbstractProtocol$AbstractConnectionHandler.process(AbstractProtocol.java:637)
	at org.apache.tomcat.util.net.NioEndpoint$SocketProcessor.doRun(NioEndpoint.java:1775)
	at org.apache.tomcat.util.net.NioEndpoint$SocketProcessor.run(NioEndpoint.java:1734)
	at java.util.concurrent.ThreadPoolExecutor.runWorker(ThreadPoolExecutor.java:1142)
	at java.util.concurrent.ThreadPoolExecutor$Worker.run(ThreadPoolExecutor.java:617)
	at org.apache.tomcat.util.threads.TaskThread$WrappingRunnable.run(TaskThread.java:61)
	at java.lang.Thread.run(Thread.java:748)

Apr 08, 2018 10:55:33 AM org.apache.coyote.http11.AbstractHttp11Processor process
INFO: Error parsing HTTP request header
 Note: further occurrences of HTTP header parsing errors will be logged at DEBUG level.
java.lang.IllegalArgumentException: Invalid character found in method name. HTTP method names must be tokens
	at org.apache.coyote.http11.InternalNioInputBuffer.parseRequestLine(InternalNioInputBuffer.java:269)
	at org.apache.coyote.http11.AbstractHttp11Processor.process(AbstractHttp11Processor.java:1028)
	at org.apache.coyote.AbstractProtocol$AbstractConnectionHandler.process(AbstractProtocol.java:637)
	at org.apache.tomcat.util.net.NioEndpoint$SocketProcessor.doRun(NioEndpoint.java:1775)
	at org.apache.tomcat.util.net.NioEndpoint$SocketProcessor.run(NioEndpoint.java:1734)
	at java.util.concurrent.ThreadPoolExecutor.runWorker(ThreadPoolExecutor.java:1142)
	at java.util.concurrent.ThreadPoolExecutor$Worker.run(ThreadPoolExecutor.java:617)
	at org.apache.tomcat.util.threads.TaskThread$WrappingRunnable.run(TaskThread.java:61)
	at java.lang.Thread.run(Thread.java:748)

Apr 08, 2018 10:56:10 AM org.apache.coyote.http11.AbstractHttp11Processor process
INFO: Error parsing HTTP request header
 Note: further occurrences of HTTP header parsing errors will be logged at DEBUG level.
java.lang.IllegalArgumentException: Invalid character found in method name. HTTP method names must be tokens
	at org.apache.coyote.http11.InternalNioInputBuffer.parseRequestLine(InternalNioInputBuffer.java:269)
	at org.apache.coyote.http11.AbstractHttp11Processor.process(AbstractHttp11Processor.java:1028)
	at org.apache.coyote.AbstractProtocol$AbstractConnectionHandler.process(AbstractProtocol.java:637)
	at org.apache.tomcat.util.net.NioEndpoint$SocketProcessor.doRun(NioEndpoint.java:1775)
	at org.apache.tomcat.util.net.NioEndpoint$SocketProcessor.run(NioEndpoint.java:1734)
	at java.util.concurrent.ThreadPoolExecutor.runWorker(ThreadPoolExecutor.java:1142)
	at java.util.concurrent.ThreadPoolExecutor$Worker.run(ThreadPoolExecutor.java:617)
	at org.apache.tomcat.util.threads.TaskThread$WrappingRunnable.run(TaskThread.java:61)
	at java.lang.Thread.run(Thread.java:748)

Apr 08, 2018 10:56:10 AM org.apache.coyote.http11.AbstractHttp11Processor process
INFO: Error parsing HTTP request header
 Note: further occurrences of HTTP header parsing errors will be logged at DEBUG level.
java.lang.IllegalArgumentException: Invalid character found in method name. HTTP method names must be tokens
	at org.apache.coyote.http11.InternalNioInputBuffer.parseRequestLine(InternalNioInputBuffer.java:269)
	at org.apache.coyote.http11.AbstractHttp11Processor.process(AbstractHttp11Processor.java:1028)
	at org.apache.coyote.AbstractProtocol$AbstractConnectionHandler.process(AbstractProtocol.java:637)
	at org.apache.tomcat.util.net.NioEndpoint$SocketProcessor.doRun(NioEndpoint.java:1775)
	at org.apache.tomcat.util.net.NioEndpoint$SocketProcessor.run(NioEndpoint.java:1734)
	at java.util.concurrent.ThreadPoolExecutor.runWorker(ThreadPoolExecutor.java:1142)
	at java.util.concurrent.ThreadPoolExecutor$Worker.run(ThreadPoolExecutor.java:617)
	at org.apache.tomcat.util.threads.TaskThread$WrappingRunnable.run(TaskThread.java:61)
	at java.lang.Thread.run(Thread.java:748)

