[2018-04-08 11:01:55,850]   INFO [ssing plugins 1] - gers.vcs.git.MirrorManagerImpl - No mapping file found at C:\ProgramData\jetbrains\teamcity\system\caches\git\map, create a new one 
[2018-04-08 11:01:55,928]   INFO [ssing plugins 1] - gers.vcs.git.MirrorManagerImpl - Restore mapping from existing repositories 
[2018-04-08 11:01:55,928]   INFO [ssing plugins 1] - gers.vcs.git.MirrorManagerImpl - No existing repositories found 
[2018-04-08 11:01:59,147]   INFO [ssing plugins 3] -      jetbrains.buildServer.VCS - Server-wide hg path is not set, will use path from the VCS root settings 
[2018-04-08 11:02:43,395]   INFO [ssing plugins 1] - ache.fs.impl.MirrorManagerImpl - No mapping file found at C:\ProgramData\jetbrains\teamcity\system\caches\svn\map, create a new one 
[2018-04-08 11:02:43,694]   INFO [ssing plugins 1] - ache.fs.impl.MirrorManagerImpl - Restore mapping from existing repositories 
[2018-04-08 11:02:43,750]   INFO [ssing plugins 1] - ache.fs.impl.MirrorManagerImpl - No existing repositories found 
[2018-04-08 15:00:23,762]   WARN [nio-8111-exec-4] -      jetbrains.buildServer.VCS - Property with null value returned by VCS plugin: jetbrains.git, property name: username 
[2018-04-08 15:01:19,681]   INFO [9 Vcs Monitor 1] -      jetbrains.buildServer.VCS - Set first checking for changes at Sun Apr 08 15:01:49 GMT-05:00 2018 for "https://github.com/jquintus/spikes#refs/heads/master" {instance id=1, parent internal id=1, parent id=Spikes_HttpsGithubComJquintusSpikesRefsHeadsMaster, description: "https://github.com/jquintus/spikes#refs/heads/master"} 
[2018-04-08 15:39:52,026]   INFO [ssing plugins 3] -      jetbrains.buildServer.VCS - Server-wide hg path is not set, will use path from the VCS root settings 
[2018-04-08 15:43:18,294]   INFO [8 Vcs Monitor 1] -      jetbrains.buildServer.VCS - Set first checking for changes at Sun Apr 08 15:43:26 GMT-05:00 2018 for "https://github.com/jquintus/spikes#refs/heads/master" {instance id=1, parent internal id=1, parent id=Spikes_HttpsGithubComJquintusSpikesRefsHeadsMaster, description: "https://github.com/jquintus/spikes#refs/heads/master"} 
[2018-04-08 20:57:09,146]   INFO [9 Vcs Monitor 1] -      jetbrains.buildServer.VCS - Set first checking for changes at Sun Apr 08 20:57:36 GMT-05:00 2018 for "Sample Build" {instance id=2, parent internal id=1, parent id=Spikes_SampleBuild, description: "https://github.com/jquintus/DockerTeamCitySpike#refs/heads/master"} 
[2018-04-08 20:57:39,855]   INFO [ical executor 5] -      jetbrains.buildServer.VCS - VCS root changed, old root: "Sample Build" {instance id=1, parent internal id=1, parent id=Spikes_SampleBuild, description: "https://github.com/jquintus/spikes#refs/heads/master"}, new root: "Sample Build" {instance id=2, parent internal id=1, parent id=Spikes_SampleBuild, description: "https://github.com/jquintus/DockerTeamCitySpike#refs/heads/master"}, public properties diff: {url: 'https://github.com/jquintus/spikes'->'https://github.com/jquintus/DockerTeamCitySpike', }, affected build configurations: [Spikes :: Fun With Spikes {id=Spikes_Build, internal id=bt1}] 
[2018-04-08 20:57:39,926]   INFO [ical executor 5] -      jetbrains.buildServer.VCS - Collecting changes from VCS root "Sample Build" {instance id=1, parent internal id=1, parent id=Spikes_SampleBuild, description: "https://github.com/jquintus/spikes#refs/heads/master"}, state RepositoryState{defaultBranch='refs/heads/master', revisions={refs/heads/master: f51c5b357441ce23c2cfc023cccb06c2174579bc}} to VCS root "Sample Build" {instance id=2, parent internal id=1, parent id=Spikes_SampleBuild, description: "https://github.com/jquintus/DockerTeamCitySpike#refs/heads/master"}, state RepositoryState{defaultBranch='refs/heads/master', revisions={refs/heads/master: 1b9d4a9d2893a5e7ac35388b61020fc5568a6f7b}} 
[2018-04-08 20:57:50,817]   WARN [ical executor 5] - riggers.vcs.git.GitMapFullPath - Error while resetting commits cache for repository C:\ProgramData\jetbrains\teamcity\system\caches\git\git-12918B58.git 
org.eclipse.jgit.errors.MissingObjectException: Missing unknown 1b9d4a9d2893a5e7ac35388b61020fc5568a6f7b
	at org.eclipse.jgit.internal.storage.file.WindowCursor.open(WindowCursor.java:148)
	at org.eclipse.jgit.lib.ObjectReader.open(ObjectReader.java:229)
	at org.eclipse.jgit.revwalk.RevWalk.parseAny(RevWalk.java:840)
	at jetbrains.buildServer.buildTriggers.vcs.git.GitMapFullPath.getNewCommits(GitMapFullPath.java:199)
	at jetbrains.buildServer.buildTriggers.vcs.git.GitMapFullPath.invalidateRevisionsCache(GitMapFullPath.java:172)
	at jetbrains.buildServer.buildTriggers.vcs.git.CommitLoaderImpl.fetch(CommitLoaderImpl.java:101)
	at jetbrains.buildServer.buildTriggers.vcs.git.GitCollectChangesPolicy$FetchAllRefs.fetchTrackedRefs(GitCollectChangesPolicy.java:264)
	at jetbrains.buildServer.buildTriggers.vcs.git.GitCollectChangesPolicy.ensureRepositoryStateLoaded(GitCollectChangesPolicy.java:160)
	at jetbrains.buildServer.buildTriggers.vcs.git.GitCollectChangesPolicy.ensureRepositoryStateLoadedFor(GitCollectChangesPolicy.java:129)
	at jetbrains.buildServer.buildTriggers.vcs.git.GitCollectChangesPolicy.lambda$collectChanges$0(GitCollectChangesPolicy.java:84)
	at jetbrains.buildServer.buildTriggers.vcs.git.RepositoryManagerImpl.runWithDisabledRemove(RepositoryManagerImpl.java:254)
	at jetbrains.buildServer.buildTriggers.vcs.git.GitCollectChangesPolicy.collectChanges(GitCollectChangesPolicy.java:78)
	at jetbrains.buildServer.buildTriggers.vcs.git.GitCollectChangesPolicy.collectChanges(GitCollectChangesPolicy.java:68)
	at jetbrains.vcs.api.services.collectChanges.CollectRepositoryChangesPolicyFactory$3.collectChanges(CollectRepositoryChangesPolicyFactory.java:1)
	at jetbrains.vcs.api.services.collectChanges.CollectChangesServiceProvider$1.collectChanges(CollectChangesServiceProvider.java:7)
	at jetbrains.buildServer.buildTriggers.vcs.LoadChanges$CollectChangesForCheckoutRules.call(LoadChanges.java:12)
	at jetbrains.buildServer.buildTriggers.vcs.LoadChanges$CollectChangesForCheckoutRules.call(LoadChanges.java:5)
	at jetbrains.buildServer.vcs.VcsOperationProgressProviderImpl.runWithProgress(VcsOperationProgressProviderImpl.java:27)
	at jetbrains.buildServer.buildTriggers.vcs.LoadChanges.collectChangesWithProgress(LoadChanges.java:4)
	at jetbrains.buildServer.buildTriggers.vcs.LoadChanges.collectChangesForCheckoutRules(LoadChanges.java:32)
	at jetbrains.buildServer.buildTriggers.vcs.LoadChanges.collectChangesByCombinedRule(LoadChanges.java:24)
	at jetbrains.buildServer.buildTriggers.vcs.LoadChanges.collectChanges(LoadChanges.java:49)
	at jetbrains.buildServer.buildTriggers.vcs.VcsRootChangesLoader$RunLoadChanges.run(VcsRootChangesLoader.java:52)
	at jetbrains.buildServer.util.NamedThreadFactory.executeWithNewThreadName(NamedThreadFactory.java:71)
	at jetbrains.buildServer.buildTriggers.vcs.VcsRootChangesLoader.loadChanges(VcsRootChangesLoader.java:14)
	at jetbrains.buildServer.vcs.impl.VcsChangesFetcher$LoadChangesForRoot.run(VcsChangesFetcher.java:13)
	at jetbrains.buildServer.vcs.impl.VcsChangesLoaderImpl$ImmediateFutureExecService$1.call(VcsChangesLoaderImpl.java:3)
	at jetbrains.buildServer.serverSide.impl.ImmediateFuture.get(ImmediateFuture.java:59)
	at jetbrains.buildServer.serverSide.impl.ImmediateFuture.get(ImmediateFuture.java:68)
	at jetbrains.buildServer.vcs.impl.VcsChangesSyncFetcher.waitForTasksToComplete(VcsChangesSyncFetcher.java:109)
	at jetbrains.buildServer.vcs.impl.VcsChangesSyncFetcher.doLoadChanges(VcsChangesSyncFetcher.java:124)
	at jetbrains.buildServer.vcs.impl.VcsChangesSyncFetcher.tryLoadChanges(VcsChangesSyncFetcher.java:40)
	at jetbrains.buildServer.vcs.impl.VcsChangesLoaderImpl.tryLoadChanges(VcsChangesLoaderImpl.java:9)
	at jetbrains.buildServer.serverSide.impl.VcsModificationChecker$CollectChangesAction$1.run(VcsModificationChecker.java:27)
	at jetbrains.buildServer.util.NamedThreadFactory.executeWithNewThreadName(NamedThreadFactory.java:71)
	at jetbrains.buildServer.serverSide.impl.VcsModificationChecker$CollectChangesAction.run(VcsModificationChecker.java:1)
	at java.util.concurrent.Executors$RunnableAdapter.call(Executors.java:511)
	at java.util.concurrent.FutureTask.run(FutureTask.java:266)
	at java.util.concurrent.ThreadPoolExecutor.runWorker(ThreadPoolExecutor.java:1142)
	at java.util.concurrent.ThreadPoolExecutor$Worker.run(ThreadPoolExecutor.java:617)
	at java.lang.Thread.run(Thread.java:748)
[2018-04-08 20:57:54,544]   WARN [ical executor 5] - riggers.vcs.git.GitMapFullPath - Error while resetting commits cache for repository C:\ProgramData\jetbrains\teamcity\system\caches\git\git-12918B58.git 
org.eclipse.jgit.errors.MissingObjectException: Missing unknown 1b9d4a9d2893a5e7ac35388b61020fc5568a6f7b
	at org.eclipse.jgit.internal.storage.file.WindowCursor.open(WindowCursor.java:148)
	at org.eclipse.jgit.lib.ObjectReader.open(ObjectReader.java:229)
	at org.eclipse.jgit.revwalk.RevWalk.parseAny(RevWalk.java:840)
	at jetbrains.buildServer.buildTriggers.vcs.git.GitMapFullPath.getNewCommits(GitMapFullPath.java:204)
	at jetbrains.buildServer.buildTriggers.vcs.git.GitMapFullPath.invalidateRevisionsCache(GitMapFullPath.java:172)
	at jetbrains.buildServer.buildTriggers.vcs.git.CommitLoaderImpl.fetch(CommitLoaderImpl.java:101)
	at jetbrains.buildServer.buildTriggers.vcs.git.GitCollectChangesPolicy$FetchAllRefs.fetchAllRefs(GitCollectChangesPolicy.java:271)
	at jetbrains.buildServer.buildTriggers.vcs.git.GitCollectChangesPolicy.ensureRepositoryStateLoaded(GitCollectChangesPolicy.java:166)
	at jetbrains.buildServer.buildTriggers.vcs.git.GitCollectChangesPolicy.ensureRepositoryStateLoadedFor(GitCollectChangesPolicy.java:129)
	at jetbrains.buildServer.buildTriggers.vcs.git.GitCollectChangesPolicy.lambda$collectChanges$0(GitCollectChangesPolicy.java:84)
	at jetbrains.buildServer.buildTriggers.vcs.git.RepositoryManagerImpl.runWithDisabledRemove(RepositoryManagerImpl.java:254)
	at jetbrains.buildServer.buildTriggers.vcs.git.GitCollectChangesPolicy.collectChanges(GitCollectChangesPolicy.java:78)
	at jetbrains.buildServer.buildTriggers.vcs.git.GitCollectChangesPolicy.collectChanges(GitCollectChangesPolicy.java:68)
	at jetbrains.vcs.api.services.collectChanges.CollectRepositoryChangesPolicyFactory$3.collectChanges(CollectRepositoryChangesPolicyFactory.java:1)
	at jetbrains.vcs.api.services.collectChanges.CollectChangesServiceProvider$1.collectChanges(CollectChangesServiceProvider.java:7)
	at jetbrains.buildServer.buildTriggers.vcs.LoadChanges$CollectChangesForCheckoutRules.call(LoadChanges.java:12)
	at jetbrains.buildServer.buildTriggers.vcs.LoadChanges$CollectChangesForCheckoutRules.call(LoadChanges.java:5)
	at jetbrains.buildServer.vcs.VcsOperationProgressProviderImpl.runWithProgress(VcsOperationProgressProviderImpl.java:27)
	at jetbrains.buildServer.buildTriggers.vcs.LoadChanges.collectChangesWithProgress(LoadChanges.java:4)
	at jetbrains.buildServer.buildTriggers.vcs.LoadChanges.collectChangesForCheckoutRules(LoadChanges.java:32)
	at jetbrains.buildServer.buildTriggers.vcs.LoadChanges.collectChangesByCombinedRule(LoadChanges.java:24)
	at jetbrains.buildServer.buildTriggers.vcs.LoadChanges.collectChanges(LoadChanges.java:49)
	at jetbrains.buildServer.buildTriggers.vcs.VcsRootChangesLoader$RunLoadChanges.run(VcsRootChangesLoader.java:52)
	at jetbrains.buildServer.util.NamedThreadFactory.executeWithNewThreadName(NamedThreadFactory.java:71)
	at jetbrains.buildServer.buildTriggers.vcs.VcsRootChangesLoader.loadChanges(VcsRootChangesLoader.java:14)
	at jetbrains.buildServer.vcs.impl.VcsChangesFetcher$LoadChangesForRoot.run(VcsChangesFetcher.java:13)
	at jetbrains.buildServer.vcs.impl.VcsChangesLoaderImpl$ImmediateFutureExecService$1.call(VcsChangesLoaderImpl.java:3)
	at jetbrains.buildServer.serverSide.impl.ImmediateFuture.get(ImmediateFuture.java:59)
	at jetbrains.buildServer.serverSide.impl.ImmediateFuture.get(ImmediateFuture.java:68)
	at jetbrains.buildServer.vcs.impl.VcsChangesSyncFetcher.waitForTasksToComplete(VcsChangesSyncFetcher.java:109)
	at jetbrains.buildServer.vcs.impl.VcsChangesSyncFetcher.doLoadChanges(VcsChangesSyncFetcher.java:124)
	at jetbrains.buildServer.vcs.impl.VcsChangesSyncFetcher.tryLoadChanges(VcsChangesSyncFetcher.java:40)
	at jetbrains.buildServer.vcs.impl.VcsChangesLoaderImpl.tryLoadChanges(VcsChangesLoaderImpl.java:9)
	at jetbrains.buildServer.serverSide.impl.VcsModificationChecker$CollectChangesAction$1.run(VcsModificationChecker.java:27)
	at jetbrains.buildServer.util.NamedThreadFactory.executeWithNewThreadName(NamedThreadFactory.java:71)
	at jetbrains.buildServer.serverSide.impl.VcsModificationChecker$CollectChangesAction.run(VcsModificationChecker.java:1)
	at java.util.concurrent.Executors$RunnableAdapter.call(Executors.java:511)
	at java.util.concurrent.FutureTask.run(FutureTask.java:266)
	at java.util.concurrent.ThreadPoolExecutor.runWorker(ThreadPoolExecutor.java:1142)
	at java.util.concurrent.ThreadPoolExecutor$Worker.run(ThreadPoolExecutor.java:617)
	at java.lang.Thread.run(Thread.java:748)
[2018-04-08 20:57:54,553]   WARN [ical executor 5] - cs.ConnectionStateReporterImpl - Unable to collect changes for [Spikes :: Fun With Spikes {id=Spikes_Build, internal id=bt1}]: jetbrains.buildServer.vcs.VcsRootVcsException: Error collecting changes for VCS repository '"Sample Build" {instance id=2, parent internal id=1, parent id=Spikes_SampleBuild, description: "https://github.com/jquintus/DockerTeamCitySpike#refs/heads/master"}'
Cannot find revision 1b9d4a9d2893a5e7ac35388b61020fc5568a6f7b in branch refs/heads/master in VCS root Sample Build {internal id=2} 
[2018-04-08 21:17:27,110]   INFO [ssing plugins 3] -      jetbrains.buildServer.VCS - Server-wide hg path is not set, will use path from the VCS root settings 
[2018-04-08 21:34:09,317]   INFO [ssing plugins 2] -      jetbrains.buildServer.VCS - Server-wide hg path is not set, will use path from the VCS root settings 
[2018-04-08 21:50:38,470]   INFO [ssing plugins 1] -      jetbrains.buildServer.VCS - Server-wide hg path is not set, will use path from the VCS root settings 
[2018-04-08 21:56:36,103]   INFO [5 Vcs Monitor 1] -      jetbrains.buildServer.VCS - Set first checking for changes at Sun Apr 08 21:57:00 GMT-05:00 2018 for "Sample Build" {instance id=2, parent internal id=1, parent id=Spikes_SampleBuild, description: "https://github.com/jquintus/DockerTeamCitySpike#refs/heads/master"} 
