[2018-04-08 10:54:50,871]   INFO -  jetbrains.buildServer.STARTUP - Path to the startup configuration file: C:\TeamCity\bin\..\conf\teamcity-startup.properties 
[2018-04-08 10:54:52,108]   INFO -  jetbrains.buildServer.STARTUP - 





 
[2018-04-08 10:54:52,139]   INFO -  jetbrains.buildServer.STARTUP - =========================================================== 
[2018-04-08 10:54:52,139]   INFO -  jetbrains.buildServer.STARTUP - Starting TeamCity server 
[2018-04-08 10:54:58,014]   INFO -  jetbrains.buildServer.STARTUP - TeamCity version: 2017.1.5 (build 47175), data format version 812 
[2018-04-08 10:54:58,324]   INFO -  jetbrains.buildServer.STARTUP - OS: Windows Server 2016, version 10.0, amd64, Current user: ContainerAdministrator, Time zone: GMT-05:00 (UTC-05:00) 
[2018-04-08 10:54:58,340]   INFO -  jetbrains.buildServer.STARTUP - Java: 1.8.0_131, Java HotSpot(TM) 64-Bit Server VM (25.131-b11, mixed mode), Java(TM) SE Runtime Environment (1.8.0_131-b11), Oracle Corporation; JVM parameters: -Djava.util.logging.config.file=C:\TeamCity\bin\..\conf\logging.properties -Djava.util.logging.manager=org.apache.juli.ClassLoaderLogManager -Djdk.tls.ephemeralDHKeySize=2048 -Xmx512m -Dteamcity.configuration.path=../conf/teamcity-startup.properties -Dlog4j.configuration=file:../conf/teamcity-server-log4j.xml -Dteamcity_logs=../logs/ -Dtomcat.util.http.parser.HttpParser.requestTargetAllow={} -Djava.endorsed.dirs=C:\TeamCity\bin\..\endorsed -Dcatalina.base=C:\TeamCity\bin\.. -Dcatalina.home=C:\TeamCity\bin\.. -Djava.io.tmpdir=C:\TeamCity\bin\..\temp 
[2018-04-08 10:54:58,373]   INFO -  jetbrains.buildServer.STARTUP - Garbage collection: PS Scavenge, PS MarkSweep 
[2018-04-08 10:54:58,386]   INFO -  jetbrains.buildServer.STARTUP - Web server version: Apache Tomcat/7.0.82 
[2018-04-08 10:54:58,575]   INFO -  jetbrains.buildServer.STARTUP - Server IP address: 172.25.108.199 
[2018-04-08 10:54:58,636]   INFO -  jetbrains.buildServer.STARTUP - Web server ports: 8111 (protocol: org.apache.coyote.http11.Http11NioProtocol, scheme: http), 8105 (shutdown port) 
[2018-04-08 10:54:58,699]   INFO -  jetbrains.buildServer.STARTUP - Context path: "/", servlet real path: "C:\TeamCity\bin\..\webapps\ROOT\" 
[2018-04-08 10:54:58,730]   INFO -  jetbrains.buildServer.STARTUP - TeamCity server work mode: Main TeamCity Server 
[2018-04-08 10:54:59,183]   INFO - rocesses.ProcessTreeTerminator - Using jetbrains.buildServer.processes.ProcessTreeTerminatorWindows 
[2018-04-08 10:54:59,655]   INFO - .ProcessTreeTerminatorImplBase - Will use command 'C:\TeamCity\temp\TeamCity4529809886236448708ps\JetBrains.TeamCity.ps.x64.exe ps'. 
[2018-04-08 10:55:00,328]   INFO -  jetbrains.buildServer.STARTUP - TeamCity server process ID (1716) stored in: C:\TeamCity\logs\teamcity.pid 
[2018-04-08 10:55:00,574]   INFO -  jetbrains.buildServer.STARTUP - Version file lock was successfully obtained: C:\TeamCity\bin\..\webapps\ROOT\BUILD_47175 
[2018-04-08 10:55:04,560]   INFO -  jetbrains.buildServer.STARTUP - Current stage: Looking for the TeamCity Data Directory 
[2018-04-08 10:55:04,576]   INFO -  jetbrains.buildServer.STARTUP - The TeamCity Data Directory path is determined using the environment variable TEAMCITY_DATA_PATH 
[2018-04-08 10:55:04,918]   INFO -  jetbrains.buildServer.STARTUP - The TeamCity Data Directory "C:\ProgramData\jetbrains\teamcity" exists 
[2018-04-08 10:55:05,012]   INFO -  jetbrains.buildServer.STARTUP - Asking user to confirm first start with the predefined TeamCity Data Directory path 
[2018-04-08 10:55:05,012]   INFO -  jetbrains.buildServer.STARTUP - Startup confirmation is required. Open TeamCity web page in the browser. Server is running at http://localhost:8111 
[2018-04-08 10:55:05,012]   INFO -  jetbrains.buildServer.STARTUP - Current stage: Confirming TeamCity first start (administrator login is required to proceed) 
[2018-04-08 10:58:15,736]   INFO -  jetbrains.buildServer.STARTUP - Current stage: Initializing the TeamCity Data Directory 
[2018-04-08 10:58:20,305]   INFO -  jetbrains.buildServer.STARTUP - Current stage: Setting up database connection (administrator login is required to proceed) 
[2018-04-08 10:59:07,521]   INFO -  jetbrains.buildServer.STARTUP - Generated JDBC connection string: jdbc:hsqldb:file:$TEAMCITY_SYSTEM_PATH/buildserver 
[2018-04-08 10:59:07,521]   INFO -  jetbrains.buildServer.STARTUP - Current stage: Creating a new database 
[2018-04-08 10:59:07,521]   INFO -  jetbrains.buildServer.STARTUP - Creating a new database 
[2018-04-08 10:59:13,822]   INFO -  jetbrains.buildServer.STARTUP - JDBC driver version: 2.3 (HSQL Database Engine Driver) 
[2018-04-08 10:59:13,822]   INFO -  jetbrains.buildServer.STARTUP - Database system version: 2.3.2 (HSQL Database Engine) 
[2018-04-08 10:59:13,822]   INFO -  jetbrains.buildServer.STARTUP - Connected to the database successfully 
[2018-04-08 10:59:13,869]   INFO -  jetbrains.buildServer.STARTUP - Using schema: PUBLIC 
[2018-04-08 10:59:13,900]   INFO -  jetbrains.buildServer.STARTUP - Schema contains no tables. 
[2018-04-08 10:59:13,900]   INFO -  jetbrains.buildServer.STARTUP - Creating database schema 
[2018-04-08 10:59:17,184]   INFO -  jetbrains.buildServer.STARTUP - Using schema: PUBLIC 
[2018-04-08 10:59:17,262]   INFO -  jetbrains.buildServer.STARTUP - Schema contains 137 tables. 
[2018-04-08 10:59:17,284]   INFO -  jetbrains.buildServer.STARTUP - Database version is 812 
[2018-04-08 10:59:17,387]   INFO -  jetbrains.buildServer.STARTUP - Created a new database.properties file with settings specified from Web UI. 
[2018-04-08 10:59:17,402]   INFO -  jetbrains.buildServer.STARTUP - Current stage: Initializing TeamCity server components 
[2018-04-08 10:59:18,757]   INFO -  jetbrains.buildServer.STARTUP - Starting the main application 
[2018-04-08 10:59:20,337]   INFO - ebDispatcherApplicationContext - Refreshing jetbrains.buildServer.maintenance.WebDispatcherApplicationContext@2ba95d0f: startup date [Sun Apr 08 10:59:20 GMT-05:00 2018]; root of context hierarchy 
[2018-04-08 10:59:22,422]   INFO - MainTeamCityApplicationContext - Refreshing WebApplicationContext for namespace 'buildServer-servlet': startup date [Sun Apr 08 10:59:22 GMT-05:00 2018]; parent: jetbrains.buildServer.maintenance.WebDispatcherApplicationContext@2ba95d0f 
[2018-04-08 10:59:50,960]   INFO -   jetbrains.buildServer.SERVER - Loading history of VCS changes... 
[2018-04-08 10:59:51,053]   INFO -   jetbrains.buildServer.SERVER - Done loading history of VCS changes: 0 changes loaded in 72ms 
[2018-04-08 10:59:52,272]   INFO -   jetbrains.buildServer.SERVER - Build history cache size is set to 10000 entries 
[2018-04-08 10:59:52,682]   INFO -   jetbrains.buildServer.SERVER - Loading test names index from database... 
[2018-04-08 10:59:52,756]   INFO -   jetbrains.buildServer.SERVER - Finished loading test names index 
[2018-04-08 10:59:53,569]   INFO -   jetbrains.buildServer.SERVER - Start initializing build durations cache... 
[2018-04-08 10:59:53,616]   INFO -   jetbrains.buildServer.SERVER - Finished initializing build durations cache, time spent: 47 ms 
[2018-04-08 11:00:00,803]   INFO -   jetbrains.buildServer.SERVER - Loading roles from the configuration file: C:\ProgramData\jetbrains\teamcity\config\roles-config.xml 
[2018-04-08 11:00:08,256]   INFO -   jetbrains.buildServer.SERVER - Applying memory thresholds for Memory Usage Monitor: storing 100 last measurements; time between measurements: 3000ms. Thresholds: {TC_TOTAL_MEMORY_USAGE_KEY=90.0, PS Old Gen=90.0} 
[2018-04-08 11:00:25,991]   INFO - til.ChildSpringContextLoader$1 - Refreshing jetbrains.buildServer.util.ChildSpringContextLoader$1@f48c2ab: startup date [Sun Apr 08 11:00:25 GMT-05:00 2018]; parent: WebApplicationContext for namespace 'buildServer-servlet' 
[2018-04-08 11:00:26,475]   INFO -  jetbrains.buildServer.STARTUP - TeamCity Spring context contains 1364 beans 
[2018-04-08 11:00:33,634]   INFO -  jetbrains.buildServer.STARTUP - TeamCity Spring context created in: 71405 ms 
[2018-04-08 11:00:34,412]   INFO -   jetbrains.buildServer.SERVER - Root project configuration files created 
[2018-04-08 11:00:35,397]   INFO -   jetbrains.buildServer.SERVER - Start pre-compiling JSP files... 
[2018-04-08 11:00:38,741]   INFO - rver.plugins.PluginManagerImpl - =========================================================== 
[2018-04-08 11:00:38,756]   INFO - rver.plugins.PluginManagerImpl - Plugins initialization started... 
[2018-04-08 11:00:38,773]   INFO - rver.plugins.PluginManagerImpl - Scanning plugins folders 
[2018-04-08 11:00:38,823]   INFO - .plugins.files.JarSearcherBase - Scanning plugin folder: C:\TeamCity\webapps\ROOT\WEB-INF\plugins 
[2018-04-08 11:01:14,631]   INFO - .plugins.files.JarSearcherBase - Scanning plugin folder: C:\ProgramData\jetbrains\teamcity\plugins 
[2018-04-08 11:01:14,975]   INFO - rver.plugins.PluginManagerImpl - Found 88 bundled plugins: [agent-system-info (ver:47175), agent.push (ver:47175), Ant (ver:47175), ant-net-tasks (ver:47175), Apache Ant (ver:47175), artifactsSizeStatistics (ver:47175), bugzilla (ver:47175), buildDurationStatisticsPlugin (ver:47175), changeViewers (ver:47175), clearcase (ver:47175), cloud-amazon (ver:47175), commandLineRunner (ver:47175), commit-status-publisher (ver:47175), configs-dsl (ver:47175), coverage (ver:47175), cvs (ver:47175), data-dir-browse (ver:47175), deploy-runner (ver:47175), dotnet-tools (ver:47175), dotNetRunners (ver:47175), Duplicator (ver:47175), eclipse-plugin-distributor (ver:47175), email (ver:47175), environment-fetcher (ver:47175), feed (ver:47175), file-content-replacer (ver:47175), flaky-test-detector (ver:47175), FxCop (ver:47175), gant-tool (ver:47175), GAntRunner (ver:47175), gradle-runner (ver:47175), idea-tool (ver:47175), Inspection (ver:47175), intellij-plugin-distributor (ver:47175), Ipr (ver:47175), jabber (ver:47175), Java Crashed detector (ver:47175), java-dowser (ver:47175), jetbrains.git (ver:47175), jira (ver:47175), jps-tool (ver:47175), jvm-update (ver:47175), ldap (ver:47175), Maven2 (ver:47175), mercurial (ver:47175), metarunner (ver:47175), nt-domain-login (ver:47175), nuget (ver:47175), perfmon (ver:47175), perforce (ver:47175), powershell-runner (ver:47175), priority-queue (ver:47175), queue-pauser (ver:47175), rake-runner (ver:47175), remoteAccess (ver:47175), reset-password (ver:47175), rest-api (ver:47175), rest-api-6.0 (ver:47175), rest-api-7.0 (ver:47175), rest-api-8.1 (ver:47175), rest-api-9.0 (ver:47175), rest-api-9.1 (ver:47175), rest-api-contrib (ver:47175), rest-api-contrib-9.0 (ver:47175), rest-api-contrib-9.1 (ver:47175), sbt-runner (ver:47175), searchBuildByNumber (ver:47175), ssh-manager (ver:47175), stacktraces (ver:47175), starteam (ver:47175), svn (ver:47175), swabra (ver:47175), TeamCity.BitBucketIssues (ver:47175), TeamCity.GitHubIssues (ver:47175), TeamCity.SharedResources (ver:47175), tfs (ver:47175), unified-ui (ver:47175), usage-statistics (ver:47175), vault-vcs (ver:47175), visualstudiotest (ver:47175), vs-addin-distributor (ver:47175), vsphere (ver:47175), vss (ver:47175), WindowsTray (ver:47175), WindowsTray-distributor (ver:47175), xcode-runner (ver:47175), xml-report-plugin (ver:47175), youtrack (ver:47175)] 
[2018-04-08 11:01:21,319]   INFO - rver.plugins.PluginsCollection - Load shared classloader for 33 plugins [Ant, ant-net-tasks, Apache Ant, artifactsSizeStatistics, buildDurationStatisticsPlugin, changeViewers, clearcase, commandLineRunner, coverage, cvs, email, environment-fetcher, feed, gant-tool, GAntRunner, gradle-runner, intellij-plugin-distributor, Ipr, jabber, Java Crashed detector, jps-tool, ldap, perfmon, priority-queue, remoteAccess, sbt-runner, searchBuildByNumber, stacktraces, starteam, swabra, WindowsTray, xml-report-plugin, youtrack] 
[2018-04-08 11:01:23,491]   INFO - rver.plugins.PluginsCollection - Load standalone classloaders for 55 plugins [agent-system-info, agent.push, bugzilla, cloud-amazon, commit-status-publisher, configs-dsl, data-dir-browse, deploy-runner, dotnet-tools, dotNetRunners, Duplicator, eclipse-plugin-distributor, file-content-replacer, flaky-test-detector, FxCop, idea-tool, Inspection, java-dowser, jetbrains.git, jira, jvm-update, Maven2, mercurial, metarunner, nt-domain-login, nuget, perforce, powershell-runner, queue-pauser, rake-runner, reset-password, rest-api, rest-api-6.0, rest-api-7.0, rest-api-8.1, rest-api-9.0, rest-api-9.1, rest-api-contrib, rest-api-contrib-9.0, rest-api-contrib-9.1, ssh-manager, svn, TeamCity.BitBucketIssues, TeamCity.GitHubIssues, TeamCity.SharedResources, tfs, unified-ui, usage-statistics, vault-vcs, visualstudiotest, vs-addin-distributor, vsphere, vss, WindowsTray-distributor, xcode-runner] 
[2018-04-08 11:01:44,084]   INFO - ServerDistributionTypeProvider - TeamCity distribution type: docker 
[2018-04-08 11:02:04,475]   INFO - e.RemoteMavenServerManagerImpl - Starting external maven service 
[2018-04-08 11:02:12,709]   INFO - e.RemoteMavenServerManagerImpl - Remote server is connected. 
[2018-04-08 11:02:39,375]   INFO -   jetbrains.buildServer.SERVER - Creating new Lucene index (version.24): org.apache.lucene.store.SimpleFSDirectory@C:\ProgramData\jetbrains\teamcity\system\caches\search lockFactory=org.apache.lucene.store.NativeFSLockFactory@42ebdb78 
[2018-04-08 11:02:50,191]   INFO - rver.plugins.PluginManagerImpl - Plugins initialization completed (88 plugins loaded): [agent-system-info (ver:47175), agent.push (ver:47175), Ant (ver:47175), ant-net-tasks (ver:47175), Apache Ant (ver:47175), artifactsSizeStatistics (ver:47175), bugzilla (ver:47175), buildDurationStatisticsPlugin (ver:47175), changeViewers (ver:47175), clearcase (ver:47175), cloud-amazon (ver:47175), commandLineRunner (ver:47175), commit-status-publisher (ver:47175), configs-dsl (ver:47175), coverage (ver:47175), cvs (ver:47175), data-dir-browse (ver:47175), deploy-runner (ver:47175), dotnet-tools (ver:47175), dotNetRunners (ver:47175), Duplicator (ver:47175), eclipse-plugin-distributor (ver:47175), email (ver:47175), environment-fetcher (ver:47175), feed (ver:47175), file-content-replacer (ver:47175), flaky-test-detector (ver:47175), FxCop (ver:47175), gant-tool (ver:47175), GAntRunner (ver:47175), gradle-runner (ver:47175), idea-tool (ver:47175), Inspection (ver:47175), intellij-plugin-distributor (ver:47175), Ipr (ver:47175), jabber (ver:47175), Java Crashed detector (ver:47175), java-dowser (ver:47175), jetbrains.git (ver:47175), jira (ver:47175), jps-tool (ver:47175), jvm-update (ver:47175), ldap (ver:47175), Maven2 (ver:47175), mercurial (ver:47175), metarunner (ver:47175), nt-domain-login (ver:47175), nuget (ver:47175), perfmon (ver:47175), perforce (ver:47175), powershell-runner (ver:47175), priority-queue (ver:47175), queue-pauser (ver:47175), rake-runner (ver:47175), remoteAccess (ver:47175), reset-password (ver:47175), rest-api (ver:47175), rest-api-6.0 (ver:47175), rest-api-7.0 (ver:47175), rest-api-8.1 (ver:47175), rest-api-9.0 (ver:47175), rest-api-9.1 (ver:47175), rest-api-contrib (ver:47175), rest-api-contrib-9.0 (ver:47175), rest-api-contrib-9.1 (ver:47175), sbt-runner (ver:47175), searchBuildByNumber (ver:47175), ssh-manager (ver:47175), stacktraces (ver:47175), starteam (ver:47175), svn (ver:47175), swabra (ver:47175), TeamCity.BitBucketIssues (ver:47175), TeamCity.GitHubIssues (ver:47175), TeamCity.SharedResources (ver:47175), tfs (ver:47175), unified-ui (ver:47175), usage-statistics (ver:47175), vault-vcs (ver:47175), visualstudiotest (ver:47175), vs-addin-distributor (ver:47175), vsphere (ver:47175), vss (ver:47175), WindowsTray (ver:47175), WindowsTray-distributor (ver:47175), xcode-runner (ver:47175), xml-report-plugin (ver:47175), youtrack (ver:47175)] 
[2018-04-08 11:02:50,280]   INFO - rver.plugins.PluginManagerImpl - =========================================================== 
[2018-04-08 11:02:50,297]   INFO -   jetbrains.buildServer.SERVER - TeamCity plugins loaded in: 131542 ms 
[2018-04-08 11:03:15,455]   INFO -   jetbrains.buildServer.SERVER - Start loading server configuration... 
[2018-04-08 11:03:16,308]   INFO -  jetbrains.buildServer.CLEANUP - Max cleanup duration is set to 0 seconds 
[2018-04-08 11:03:16,330]   INFO -  jetbrains.buildServer.CLEANUP - Cleanup time has been set to 03:00:00 daily 
[2018-04-08 11:03:16,333]   INFO -  jetbrains.buildServer.CLEANUP - Cleanup is enabled 
[2018-04-08 11:03:16,521]   INFO -   jetbrains.buildServer.SERVER - Parsing 2 configuration files... 
[2018-04-08 11:03:16,768]   INFO -   jetbrains.buildServer.SERVER - Loading data from parsed configuration files... 
[2018-04-08 11:03:17,802]   INFO -   jetbrains.buildServer.SERVER - Server configuration loaded in: 2347 ms 
[2018-04-08 11:03:18,982]   INFO - r.configs.dsl.DslPluginManager - Plugin sources are packed in 361ms 
[2018-04-08 11:03:37,452]   INFO -   jetbrains.buildServer.SERVER - TeamCity initialized, server UUID: 2dfdc805-1386-4b57-aa10-f6b39253239e, URL: http://localhost 
[2018-04-08 11:03:37,453]   INFO -   jetbrains.buildServer.SERVER - TeamCity is running in professional mode 
[2018-04-08 11:03:37,468]   INFO - utors.DeferringExecutorService - 3 commands sent to execution 
[2018-04-08 11:03:37,482]   INFO - utors.DeferringExecutorService - 3 commands sent to execution 
[2018-04-08 11:03:37,483]   INFO - utors.DeferringExecutorService - 0 commands sent to execution 
[2018-04-08 11:03:37,483]   INFO - utors.DeferringExecutorService - 0 commands sent to execution 
[2018-04-08 11:03:37,548]   INFO - utors.DeferringExecutorService - 0 commands sent to execution 
[2018-04-08 11:03:37,722]   INFO -   jetbrains.buildServer.SERVER - Start pre-fetching changes for 0 build configurations... 
[2018-04-08 11:03:37,934]   INFO -   jetbrains.buildServer.SERVER - Done pre-fetching changes 
[2018-04-08 11:03:38,359]   INFO -   jetbrains.buildServer.SERVER - Start calculating branches for 0 build configurations... 
[2018-04-08 11:03:38,365]   INFO -   jetbrains.buildServer.SERVER - Done calculating branches 
[2018-04-08 11:03:38,402]   INFO -   jetbrains.buildServer.SERVER - Start calculating status for 0 build configurations... 
[2018-04-08 11:03:38,425]   INFO -   jetbrains.buildServer.SERVER - Done calculating status 
[2018-04-08 11:03:38,454]   INFO -   jetbrains.buildServer.SERVER - Start loading cache of build committers... 
[2018-04-08 11:03:38,446]   INFO -   jetbrains.buildServer.SERVER - Super user authentication token: "4088468751088911116". To login as Super user use an empty username and this token as a password on the login page. 
[2018-04-08 11:03:38,534]   INFO -   jetbrains.buildServer.SERVER - Done loading cache of build committers 
[2018-04-08 11:03:38,535]   INFO -   jetbrains.buildServer.SERVER - Start prefetching build statistic metrics for 0 build configurations... 
[2018-04-08 11:03:38,633]   INFO -   jetbrains.buildServer.SERVER - Done prefetching build statistic metrics 
[2018-04-08 11:03:39,161]   INFO -   jetbrains.buildServer.SERVER - Start loading "failed to start" build configuration errors in background 
[2018-04-08 11:03:39,198]   INFO -   jetbrains.buildServer.SERVER - Done loading "failed to start" build configuration errors: loaded 0 problems 
[2018-04-08 11:03:39,192]   INFO -   jetbrains.buildServer.SERVER - Start loading test runs for investigations and mutes into cache... 
[2018-04-08 11:03:39,204]   INFO - .agent.AgentZipVersionProvider - Build agent distribution 'C:\TeamCity\webapps\ROOT\update\buildAgent.zip' state initialized. Last modified: 16.10.2017 01:26:06, size: 18352272 
[2018-04-08 11:03:39,511]   INFO - ority.PriorityClassManagerImpl - Loading priority classes from the configuration file: C:\ProgramData\jetbrains\teamcity\config\build-queue-priorities.xml 
[2018-04-08 11:03:39,879]   INFO -   jetbrains.buildServer.SERVER - Ordering strategy changed to jetbrains.buildServer.serverSide.priority.BuildQueuePriorityOrdering 
[2018-04-08 11:03:40,811]   INFO -   jetbrains.buildServer.SERVER - Done loading test runs. Loaded 0 tests in 1s,583ms, cache size: 0 
[2018-04-08 11:03:42,728]   INFO - .agent.AgentZipVersionProvider - Build agent distribution version is set to 47175, hash=SHA-17XquI05/V4aDUUZAAokPBf+uIrM= 
[2018-04-08 11:04:29,190]   INFO - nt.AgentPluginsVersionProvider - State of agent plugin packages is initialized in 45418 ms: new plugin 'agentSystemInfo.zip' file: 'C:\TeamCity\webapps\ROOT\WEB-INF\plugins\.unpacked\agentSystemInfo\agent\agentSystemInfo.zip', hash: 'SHA-14CifYnojzNSh3k0Qw0UnXqr1DwU='; new plugin 'amazonEC2.zip' file: 'C:\TeamCity\webapps\ROOT\WEB-INF\plugins\cloud-amazon\agent\amazonEC2.zip', hash: 'SHA-1iYa2bOdKxkDKgQ0wyJyoTbbuWis='; new plugin 'ant-net-tasks.zip' file: 'C:\TeamCity\webapps\ROOT\WEB-INF\plugins\ant-net-tasks\agent\ant-net-tasks.zip', hash: 'SHA-1ceYRV/MKsLLiyCYj8Mbdculofks='; new plugin 'ant.zip' file: 'C:\TeamCity\webapps\ROOT\WEB-INF\plugins\ant-tool\agent\ant.zip', hash: 'SHA-1X1yYSTkzxLS1GO+jbQnI6lOZHm0='; new plugin 'antPlugin.zip' file: 'C:\TeamCity\webapps\ROOT\WEB-INF\plugins\ant\agent\antPlugin.zip', hash: 'SHA-1+YZs5GLWM76VkPQgjZXDO1wrts8='; new plugin 'clearcase-agent.zip' file: 'C:\TeamCity\webapps\ROOT\WEB-INF\plugins\.unpacked\clearcase\agent\clearcase-agent.zip', hash: 'SHA-1B4H1EqqFLJWfk2yf36CLu5g/LcY='; new plugin 'cloud-vmware-agent.zip' file: 'C:\TeamCity\webapps\ROOT\WEB-INF\plugins\.unpacked\cloud-vmware\agent\cloud-vmware-agent.zip', hash: 'SHA-1PczB7Lan0Hi7PGyKmcESq1tlLqw='; new plugin 'commandLineRunner.jar' file: 'C:\TeamCity\webapps\ROOT\WEB-INF\plugins\commandLineRunner\agent\commandLineRunner.jar', hash: 'SHA-1a/lyiaBgxBLi2nUKQAjRXX5j8aY='; new plugin 'coveragePlugin.zip' file: 'C:\TeamCity\webapps\ROOT\WEB-INF\plugins\coverage\agent\coveragePlugin.zip', hash: 'SHA-1A9GlmAkyk0YRyRBPeu/+A4TQyOg='; new plugin 'crashDetector.zip' file: 'C:\TeamCity\webapps\ROOT\WEB-INF\plugins\crash-detector\agent\crashDetector.zip', hash: 'SHA-1oROOMFwEbXi932ZzQ45q4xq1Ags='; new plugin 'cvsAgent.zip' file: 'C:\TeamCity\webapps\ROOT\WEB-INF\plugins\cvs\agent\cvsAgent.zip', hash: 'SHA-1jW3PyvzVykfuTpWRR4AN9dR009k='; new plugin 'deploy-runner-agent.zip' file: 'C:\TeamCity\webapps\ROOT\WEB-INF\plugins\.unpacked\deploy-runner\agent\deploy-runner-agent.zip', hash: 'SHA-1E+LVPXuyym9+aJUL31nHirEYRfQ='; new plugin 'dotCover.zip' file: 'C:\TeamCity\webapps\ROOT\WEB-INF\plugins\dotNetRunners\bundled-tools\dotCover.zip', hash: 'SHA-13dsNv6gn24QKG7Lrvo71zb0A/IE='; new plugin 'dotNetPlugin.zip' file: 'C:\TeamCity\webapps\ROOT\WEB-INF\plugins\dotNetRunners\agent\dotNetPlugin.zip', hash: 'SHA-1XeGsWxpxrhUwjQmJvTg6ThBK+sM='; new plugin 'dotNetRunners.zip' file: 'C:\TeamCity\webapps\ROOT\WEB-INF\plugins\dotNetRunners\agent\dotNetRunners.zip', hash: 'SHA-1wh8IcR/455UJvWZjq3S4lgFek2c='; new plugin 'dotnet-tools-agent.zip' file: 'C:\TeamCity\webapps\ROOT\WEB-INF\plugins\.unpacked\dotnet-tools\agent\dotnet-tools-agent.zip', hash: 'SHA-1vnLzqoJBB3P4ebhAJSBDh8abOHo='; new plugin 'duplicatePlugin.zip' file: 'C:\TeamCity\webapps\ROOT\WEB-INF\plugins\Duplicator\agent\duplicatePlugin.zip', hash: 'SHA-1/1hX0cooRdF3P/z4DUwSiieLiwI='; new plugin 'environment-fetcher-agent.jar' file: 'C:\TeamCity\webapps\ROOT\WEB-INF\plugins\environment-fetcher\agent\environment-fetcher-agent.jar', hash: 'SHA-11/oyxNPpqiE7+weNjxmFMc432uY='; new plugin 'file-content-replacer.zip' file: 'C:\TeamCity\webapps\ROOT\WEB-INF\plugins\file-content-replacer\agent\file-content-replacer.zip', hash: 'SHA-1301LYW38THtkULfBJI/98yMcgv0='; new plugin 'fxcop.zip' file: 'C:\TeamCity\webapps\ROOT\WEB-INF\plugins\.unpacked\fxcop\agent\fxcop.zip', hash: 'SHA-1P7HxSa7y/3DIimEY9RV/cpnJHwI='; new plugin 'gant.zip' file: 'C:\TeamCity\webapps\ROOT\WEB-INF\plugins\gant-tool\agent\gant.zip', hash: 'SHA-15UnOPu5MXdZSnHZ16ZqGfXELHVE='; new plugin 'gantPlugin.zip' file: 'C:\TeamCity\webapps\ROOT\WEB-INF\plugins\gantRunner\agent\gantPlugin.zip', hash: 'SHA-1q2hE5ngAFb6FfTBmdxfO0ldLOp0='; new plugin 'gradle-runner.zip' file: 'C:\TeamCity\webapps\ROOT\WEB-INF\plugins\gradle\agent\gradle-runner.zip', hash: 'SHA-1uyKauql2+FbtVspSWkZBAfmWgn4='; new plugin 'idea-runner.zip' file: 'C:\TeamCity\webapps\ROOT\WEB-INF\plugins\ipr-runner\agent\idea-runner.zip', hash: 'SHA-1nhnNZE4MNjziHIIg8lIytT2Egm0='; new plugin 'idea.zip' file: 'C:\TeamCity\webapps\ROOT\WEB-INF\plugins\idea-tool\bundled\idea.zip', hash: 'SHA-14w7BWfxG0+slajbxu1Ywz4kB9Y4='; new plugin 'inspectionPlugin.zip' file: 'C:\TeamCity\webapps\ROOT\WEB-INF\plugins\server-side-inspections\agent\inspectionPlugin.zip', hash: 'SHA-1O5ednMg4m7drI11aMhQfaMErDRg='; new plugin 'jacoco.zip' file: 'C:\TeamCity\webapps\ROOT\WEB-INF\plugins\coverage\agent\jacoco.zip', hash: 'SHA-1HqKFwjV89t2OW/URvX7rp48O7zw='; new plugin 'java-dowser.zip' file: 'C:\TeamCity\webapps\ROOT\WEB-INF\plugins\java-dowser\agent\java-dowser.zip', hash: 'SHA-1LNCvwTnys+iviO3FM6+cvuzd6yo='; new plugin 'jetbrains.git.zip' file: 'C:\TeamCity\webapps\ROOT\WEB-INF\plugins\.unpacked\jetbrains.git\agent\jetbrains.git.zip', hash: 'SHA-1/clP17FgVDP2zOI+NR4jUhvU7aA='; new plugin 'jps.zip' file: 'C:\TeamCity\webapps\ROOT\WEB-INF\plugins\jps-tool\agent\jps.zip', hash: 'SHA-1f/DylYjoUGE7o/h0tJcQuefTXW0='; new plugin 'junitPlugin.zip' file: 'C:\TeamCity\webapps\ROOT\WEB-INF\plugins\ant\agent\junitPlugin.zip', hash: 'SHA-1qGV1DAcpmL3ge5CIWiqUonvpK2U='; new plugin 'jvm-update.zip' file: 'C:\TeamCity\webapps\ROOT\WEB-INF\plugins\jvm-update\agent\jvm-update.zip', hash: 'SHA-1NgpgIFSflvILyzUJDw/qUwsjsuY='; new plugin 'maven.zip' file: 'C:\TeamCity\webapps\ROOT\WEB-INF\plugins\Maven2\bundled-tools\maven.zip', hash: 'SHA-1SkLE37N3QsfIfj2wmDZOE1uJIg4='; new plugin 'maven3.zip' file: 'C:\TeamCity\webapps\ROOT\WEB-INF\plugins\Maven2\bundled-tools\maven3.zip', hash: 'SHA-1t1b4I3PlWsJH0k1ovjI4hOBXqk4='; new plugin 'maven3_1.zip' file: 'C:\TeamCity\webapps\ROOT\WEB-INF\plugins\Maven2\bundled-tools\maven3_1.zip', hash: 'SHA-1cew3XB0bGc4zhQIZ+PMoGiser+A='; new plugin 'maven3_2.zip' file: 'C:\TeamCity\webapps\ROOT\WEB-INF\plugins\Maven2\bundled-tools\maven3_2.zip', hash: 'SHA-1p3k1LkL8zxhj1t4Uk647S9zE71A='; new plugin 'maven3_3.zip' file: 'C:\TeamCity\webapps\ROOT\WEB-INF\plugins\Maven2\bundled-tools\maven3_3.zip', hash: 'SHA-1uMxjJOa8uxaTS52TUGk48WWnN14='; new plugin 'mavenPlugin.zip' file: 'C:\TeamCity\webapps\ROOT\WEB-INF\plugins\Maven2\agent\mavenPlugin.zip', hash: 'SHA-1wZrBvqjnU3XWFEJg/B9kxJHRi/U='; new plugin 'mercurial.zip' file: 'C:\TeamCity\webapps\ROOT\WEB-INF\plugins\.unpacked\mercurial\agent\mercurial.zip', hash: 'SHA-1zADfxwQ+WCxOr61UCLheRYQiEoA='; new plugin 'meta-runner.zip' file: 'C:\TeamCity\webapps\ROOT\WEB-INF\plugins\meta-runner\agent\meta-runner.zip', hash: 'SHA-1iFhoDgSeHL/K3J4sKRQEPx6/iPM='; new plugin 'nuget-agent.zip' file: 'C:\TeamCity\webapps\ROOT\WEB-INF\plugins\.unpacked\dotNetPackagesSupport\agent\nuget-agent.zip', hash: 'SHA-1e17Lt14F0Le/6A043FTrnDGoPQ0='; new plugin 'perfmon-agent.zip' file: 'C:\TeamCity\webapps\ROOT\WEB-INF\plugins\.unpacked\perfmon\agent\perfmon-agent.zip', hash: 'SHA-1zFzIUTZlIMvEjch6GU4X0Ib1Kf8='; new plugin 'perforce-agent.zip' file: 'C:\TeamCity\webapps\ROOT\WEB-INF\plugins\perforce\agent\perforce-agent.zip', hash: 'SHA-1eWYBLKJy7k4JXmN9n29nB9PoD5c='; new plugin 'powershell-agent.zip' file: 'C:\TeamCity\webapps\ROOT\WEB-INF\plugins\.unpacked\powershell\agent\powershell-agent.zip', hash: 'SHA-11b6o7o4JBt6rd44r9l0HmO9iVbc='; new plugin 'rake-runner.zip' file: 'C:\TeamCity\webapps\ROOT\WEB-INF\plugins\.unpacked\rake-runner\agent\rake-runner.zip', hash: 'SHA-1Yob7uHcwcUNfHjmmlxngCe2vTlU='; new plugin 'remoteAccess.zip' file: 'C:\TeamCity\webapps\ROOT\WEB-INF\plugins\remoteAccess\agent\remoteAccess.zip', hash: 'SHA-1G/RfpEBTCD07d6A/IoLc051z4Pw='; new plugin 'sbt-runner-agent.zip' file: 'C:\TeamCity\webapps\ROOT\WEB-INF\plugins\.unpacked\sbt-runner\agent\sbt-runner-agent.zip', hash: 'SHA-1mxFBQEITcIsvvWW0hUls7oHBk0E='; new plugin 'ssh-manager.jar' file: 'C:\TeamCity\webapps\ROOT\WEB-INF\plugins\ssh-manager\agent\ssh-manager.jar', hash: 'SHA-1RAhEQkczhxxW1Gwzn2s34kmrbL0='; new plugin 'stacktracesPlugin.zip' file: 'C:\TeamCity\webapps\ROOT\WEB-INF\plugins\stacktraces\agent\stacktracesPlugin.zip', hash: 'SHA-1xqkKVtj/7nx0z8XQDhY380T0cq0='; new plugin 'svnAgent.zip' file: 'C:\TeamCity\webapps\ROOT\WEB-INF\plugins\svn\agent\svnAgent.zip', hash: 'SHA-1vbg7V7ZcwVFC1mi5KcnyMHdZdEE='; new plugin 'swabra.zip' file: 'C:\TeamCity\webapps\ROOT\WEB-INF\plugins\.unpacked\swabra\agent\swabra.zip', hash: 'SHA-1Cj9WeRsRRX0dNVXsiVlAbLTgucU='; new plugin 'testNGPlugin.zip' file: 'C:\TeamCity\webapps\ROOT\WEB-INF\plugins\ant\agent\testNGPlugin.zip', hash: 'SHA-1GlepR7selaSxmGQmIOvehgN/+N4='; new plugin 'tfs-agent.zip' file: 'C:\TeamCity\webapps\ROOT\WEB-INF\plugins\tfs\agent\tfs-agent.zip', hash: 'SHA-1aDlFbk8OHV5US+y3C6r/O4qwX/Q='; new plugin 'visualstudiotest-agent.zip' file: 'C:\TeamCity\webapps\ROOT\WEB-INF\plugins\visualstudiotest\agent\visualstudiotest-agent.zip', hash: 'SHA-1wfcSFneYyEjmIDCX5gytfk3ny50='; new plugin 'xcode-runner.zip' file: 'C:\TeamCity\webapps\ROOT\WEB-INF\plugins\.unpacked\xcode-runner\agent\xcode-runner.zip', hash: 'SHA-121JCgzy2u1ltIxCaIMFpIWjT/+w='; new plugin 'xml-report-plugin.zip' file: 'C:\TeamCity\webapps\ROOT\WEB-INF\plugins\.unpacked\xml-report-plugin\agent\xml-report-plugin.zip', hash: 'SHA-1BlLsAsPQvhJU1n9N54Tyc3SZWv4=' 
[2018-04-08 11:05:31,634]   INFO -   jetbrains.buildServer.SERVER - JSP pre-compilation failed: http://127.0.0.1:8111/overviewProjects.jsp?jsp_precompile=true, error: java.net.SocketTimeoutException: Read timed out 
[2018-04-08 11:05:31,635]   INFO -   jetbrains.buildServer.SERVER - JSP pre-compilation failed: http://127.0.0.1:8111/overview.jsp?jsp_precompile=true, error: java.net.SocketTimeoutException: Read timed out 
[2018-04-08 11:07:33,492]   INFO - r.configs.dsl.DslPluginManager - Plugins dsl compiled in 254498ms 
[2018-04-08 11:07:34,399]   INFO - verSide.impl.BuildServerRunner - Start daemons 
[2018-04-08 11:07:34,401]   INFO - tbrains.buildServer.ACTIVITIES - Server Started 
[2018-04-08 11:07:34,460]   INFO -  jetbrains.buildServer.STARTUP - Startup duration: 12m:40s 
[2018-04-08 11:07:34,461]   INFO -  jetbrains.buildServer.STARTUP - Current stage: System is ready 
[2018-04-08 11:07:41,796]   INFO -    jetbrains.buildServer.AGENT - Removing authorization token '' from agent with no name: "" {id=0, protocol=unidirectional, host=172.25.106.248:9090, agentTypeId=0, registered since 2018-04-08 11:07:41.697} 
[2018-04-08 11:07:41,815]   INFO -    jetbrains.buildServer.AGENT - Did not find agent by its authorization token '' and will search by name, agent details: "" {id=0}. 
[2018-04-08 11:07:41,824]   INFO -    jetbrains.buildServer.AGENT - Did not find agent by name, agent details: "" {id=0} 
[2018-04-08 11:07:42,259]   INFO -    jetbrains.buildServer.AGENT - Setting generated name "ip_172.25.106.248" to agent "" {id=1} as it had no name defined. 
[2018-04-08 11:07:42,365]   INFO -    jetbrains.buildServer.AGENT - New agent authorization token "f831b33ea10d50becc2ab2811e09498c" was generated for agent "ip_172.25.106.248" {id=1} 
[2018-04-08 11:07:43,152]   INFO -    jetbrains.buildServer.AGENT - Upgrade of agent "ip_172.25.106.248" {id=1} has been scheduled, agent version: 50732, plugins signature: NA. Current version: 47175, plugins signature: 47175-md5-cf0818f798cbc120c8a9133fdc117413 
[2018-04-08 11:07:43,739]   INFO -    jetbrains.buildServer.AGENT - Agent has been registered: "ip_172.25.106.248" {id=1, protocol=unidirectional, host=172.25.106.248:9090, agentTypeId=1, pool=Default, registered since 2018-04-08 11:07:41.697}, not running a build 
[2018-04-08 11:07:43,868]   INFO - ldServer.AGENT.PollingProtocol - Polling Agent session 'IGN0RWp...' was created, agent: "ip_172.25.106.248" {id=1} 
[2018-04-08 11:07:45,823]   WARN -    jetbrains.buildServer.AGENT - Agent "ip_172.25.106.248" {id=1} is unauthorized on registration 
[2018-04-08 11:07:46,329]   INFO -    jetbrains.buildServer.AGENT - Agent "ip_172.25.106.248" {id=1} has confirmed upgrade. 
[2018-04-08 11:08:00,936]   INFO - ldServer.AGENT.PollingProtocol - Polling Agent session 'IGN0RWp...' was closed, agent: "ip_172.25.106.248" {id=1} 
[2018-04-08 11:08:01,181]   INFO -    jetbrains.buildServer.AGENT - Agent "ip_172.25.106.248" {id=1} has been unregistered. Reason: Agent has unregistered (will upgrade) 
[2018-04-08 11:09:31,713]   INFO -   jetbrains.buildServer.SERVER - JSP pre-compilation failed: http://127.0.0.1:8111/license/acceptLicenseAgreement.jsp?jsp_precompile=true, error: java.net.SocketTimeoutException: Read timed out 
[2018-04-08 11:09:31,728]   INFO -   jetbrains.buildServer.SERVER - JSP pre-compilation failed: http://127.0.0.1:8111/projectBuildTypes.jsp?jsp_precompile=true, error: java.net.SocketTimeoutException: Read timed out 
[2018-04-08 11:15:52,344]   INFO -   jetbrains.buildServer.SERVER - JSP pre-compilation failed: http://127.0.0.1:8111/footer.jsp?jsp_precompile=true, error: java.net.SocketTimeoutException: Read timed out 
[2018-04-08 11:15:58,478]   INFO -   jetbrains.buildServer.SERVER - JSP pre-compilation failed: http://127.0.0.1:8111/agent/agentAuditLink.jsp?jsp_precompile=true, error: java.net.SocketTimeoutException: Read timed out 
[2018-04-08 11:20:49,975]   INFO -    jetbrains.buildServer.AGENT - Agent has been registered: "ip_172.25.106.248" {id=1, protocol=unidirectional, host=172.25.106.248:9090, agentTypeId=1, pool=Default, registered since 2018-04-08 11:20:47.697}, not running a build 
[2018-04-08 11:20:50,065]   INFO - ldServer.AGENT.PollingProtocol - Polling Agent session 'huFaRhO...' was created, agent: "ip_172.25.106.248" {id=1} 
[2018-04-08 11:20:50,745]   WARN -    jetbrains.buildServer.AGENT - Agent "ip_172.25.106.248" {id=1} is unauthorized on registration 
[2018-04-08 11:25:51,437]   WARN -   jetbrains.buildServer.SERVER - GC usage exceeded 50% threshold and is now 52%. GC was fired 112 times since server start and consumed total 63579ms. Current memory usage: 153.93 MB. 
[2018-04-08 11:25:51,986]   INFO -   jetbrains.buildServer.SERVER - Thread dump automatically saved to file "C:\TeamCity\logs\threadDumps-2018-04-08\2018-04-08_11.25.51-memoryMonitor.txt" with summary: GC usage exceeded 50% threshold and is now 52%. GC was fired 112 times since server start and consumed total 63579ms. Current memory usage: 153.93 MB. 
[2018-04-08 11:29:26,329]   INFO -   jetbrains.buildServer.SERVER - JSP pre-compilation finished, pre-compiled 194 files in 1730910ms 
[2018-04-08 11:50:13,791]   INFO - tbrains.buildServer.ACTIVITIES - New user created: 'username' {id=1} 
[2018-04-08 11:59:18,683]   INFO - l.UsageStatisticsCollectorImpl - Starting usage statistics collection... 
[2018-04-08 12:00:25,236]   INFO - l.UsageStatisticsCollectorImpl - Finish usage statistics collection, collected in 66551 ms 
[2018-04-08 12:26:44,413]   WARN -   jetbrains.buildServer.SERVER - GC usage exceeded 50% threshold and is now 65%. GC was fired 141 times since server start and consumed total 124066ms. Current memory usage: 163.46 MB. 
[2018-04-08 12:26:45,841]   INFO -   jetbrains.buildServer.SERVER - Thread dump automatically saved to file "C:\TeamCity\logs\threadDumps-2018-04-08\2018-04-08_12.26.44-memoryMonitor.txt" with summary: GC usage exceeded 50% threshold and is now 65%. GC was fired 141 times since server start and consumed total 124066ms. Current memory usage: 163.46 MB. 
[2018-04-08 15:01:17,904]   INFO - s.buildServer.ACTIVITIES.AUDIT - project_create: Project "Spikes {internalId=project1, externalId=Spikes}" was created by "'username' (josh) {id=1}" 
[2018-04-08 15:01:17,990]   INFO - s.buildServer.ACTIVITIES.AUDIT - vcs_root_create: VCS root ""https://github.com/jquintus/spikes#refs/heads/master" {internal id=1, id=Spikes_HttpsGithubComJquintusSpikesRefsHeadsMaster, description: "https://github.com/jquintus/spikes#refs/heads/master"}" was created by "'username' (josh) {id=1}" with comment "In project: Spikes" 
[2018-04-08 15:01:18,421]   INFO - s.buildServer.ACTIVITIES.AUDIT - build_type_create: "Spikes :: Build {id=Spikes_Build, internal id=bt1}" was created by "'username' (josh) {id=1}" 
[2018-04-08 15:05:06,491]   INFO - s.buildServer.ACTIVITIES.AUDIT - build_type_edit_settings: "Spikes :: Build {id=Spikes_Build, internal id=bt1}" build configuration settings were edited ("version before: 1, version after: 2") by "'username' (josh) {id=1}" with comment "runners of 'Build' build configuration were updated" 
[2018-04-08 15:06:00,127]   INFO - s.buildServer.ACTIVITIES.AUDIT - build_type_edit_settings: "Spikes :: Build {id=Spikes_Build, internal id=bt1}" build configuration settings were edited ("version before: 2, version after: 3") by "'username' (josh) {id=1}" with comment "build features of 'Build' build configuration were updated" 
[2018-04-08 15:07:37,121]   INFO - s.buildServer.ACTIVITIES.AUDIT - build_type_edit_settings: "Spikes :: Fun With Spikes {id=Spikes_Build, internal id=bt1}" build configuration settings were edited ("version before: 3, version after: 4") by "'username' (josh) {id=1}" with comment "general settings of 'Fun With Spikes' build configuration were updated" 
[2018-04-08 15:08:10,164]   INFO - s.buildServer.ACTIVITIES.AUDIT - build_type_edit_settings: "Spikes :: Fun With Spikes {id=Spikes_Build, internal id=bt1}" build configuration settings were edited ("version before: 4, version after: 5") by "'username' (josh) {id=1}" with comment "general settings of 'Fun With Spikes' build configuration were updated" 
[2018-04-08 15:23:48,790]   INFO - s.buildServer.ACTIVITIES.AUDIT - health_status_item_hide: Server health item HEALTH_STATUS_ITEM{id=1} was hidden by "'username' (josh) {id=1}" by "'username' (josh) {id=1}" 
[2018-04-08 15:24:01,614]   INFO - ity.BuildQueuePriorityOrdering - New item Queued build {Build promotion {promotion id=1, configuration={id=Spikes_Build, internal id=bt1}}, item id=1} with weight 0.00 inserted at the default position 0 in the end of the queue 
[2018-04-08 15:24:01,657]   INFO - s.buildServer.ACTIVITIES.AUDIT - build_add_to_queue: Build BUILD_PROMOTION{id=1} was added to queue by "'username' (josh) {id=1}" 
[2018-04-08 15:24:01,720]   INFO - tbrains.buildServer.ACTIVITIES - Build added to queue; Queued build {Build promotion {promotion id=1, configuration={id=Spikes_Build, internal id=bt1}, queued}, triggered by "josh"} 
[2018-04-08 15:24:21,418]   INFO - s.buildServer.ACTIVITIES.AUDIT - agent_authorize: Agent ""ip_172.25.106.248" {id=1}" was authorized by "'username' (josh) {id=1}" 
[2018-04-08 15:34:41,608]   INFO -  jetbrains.buildServer.STARTUP - Path to the startup configuration file: C:\TeamCity\bin\..\conf\teamcity-startup.properties 
[2018-04-08 15:34:43,375]   INFO -  jetbrains.buildServer.STARTUP - 





 
[2018-04-08 15:34:43,530]   INFO -  jetbrains.buildServer.STARTUP - =========================================================== 
[2018-04-08 15:34:43,530]   INFO -  jetbrains.buildServer.STARTUP - Starting TeamCity server 
[2018-04-08 15:34:51,905]   INFO -  jetbrains.buildServer.STARTUP - TeamCity version: 2017.1.5 (build 47175), data format version 812 
[2018-04-08 15:34:52,578]   INFO -  jetbrains.buildServer.STARTUP - OS: Windows Server 2016, version 10.0, amd64, Current user: ContainerAdministrator, Time zone: GMT-05:00 (UTC-05:00) 
[2018-04-08 15:34:52,593]   INFO -  jetbrains.buildServer.STARTUP - Java: 1.8.0_131, Java HotSpot(TM) 64-Bit Server VM (25.131-b11, mixed mode), Java(TM) SE Runtime Environment (1.8.0_131-b11), Oracle Corporation; JVM parameters: -Djava.util.logging.config.file=C:\TeamCity\bin\..\conf\logging.properties -Djava.util.logging.manager=org.apache.juli.ClassLoaderLogManager -Djdk.tls.ephemeralDHKeySize=2048 -Xmx512m -Dteamcity.configuration.path=../conf/teamcity-startup.properties -Dlog4j.configuration=file:../conf/teamcity-server-log4j.xml -Dteamcity_logs=../logs/ -Dtomcat.util.http.parser.HttpParser.requestTargetAllow={} -Djava.endorsed.dirs=C:\TeamCity\bin\..\endorsed -Dcatalina.base=C:\TeamCity\bin\.. -Dcatalina.home=C:\TeamCity\bin\.. -Djava.io.tmpdir=C:\TeamCity\bin\..\temp 
[2018-04-08 15:34:52,626]   INFO -  jetbrains.buildServer.STARTUP - Garbage collection: PS Scavenge, PS MarkSweep 
[2018-04-08 15:34:52,698]   INFO -  jetbrains.buildServer.STARTUP - Web server version: Apache Tomcat/7.0.82 
[2018-04-08 15:34:52,813]   INFO -  jetbrains.buildServer.STARTUP - Server IP address: 172.17.233.2 
[2018-04-08 15:34:52,890]   INFO -  jetbrains.buildServer.STARTUP - Web server ports: 8111 (protocol: org.apache.coyote.http11.Http11NioProtocol, scheme: http), 8105 (shutdown port) 
[2018-04-08 15:34:52,937]   INFO -  jetbrains.buildServer.STARTUP - Context path: "/", servlet real path: "C:\TeamCity\bin\..\webapps\ROOT\" 
[2018-04-08 15:34:53,034]   INFO -  jetbrains.buildServer.STARTUP - TeamCity server work mode: Main TeamCity Server 
[2018-04-08 15:34:53,359]   INFO - rocesses.ProcessTreeTerminator - Using jetbrains.buildServer.processes.ProcessTreeTerminatorWindows 
[2018-04-08 15:34:53,955]   INFO - .ProcessTreeTerminatorImplBase - Will use command 'C:\TeamCity\temp\TeamCity741104622067872673ps\JetBrains.TeamCity.ps.x64.exe ps'. 
[2018-04-08 15:34:55,679]   INFO -  jetbrains.buildServer.STARTUP - TeamCity server process ID (1628) stored in: C:\TeamCity\logs\teamcity.pid 
[2018-04-08 15:34:56,481]   INFO -  jetbrains.buildServer.STARTUP - Version file lock was successfully obtained: C:\TeamCity\bin\..\webapps\ROOT\BUILD_47175 
[2018-04-08 15:35:04,451]   INFO -  jetbrains.buildServer.STARTUP - Current stage: Looking for the TeamCity Data Directory 
[2018-04-08 15:35:04,467]   INFO -  jetbrains.buildServer.STARTUP - The TeamCity Data Directory path is determined using the environment variable TEAMCITY_DATA_PATH 
[2018-04-08 15:35:04,575]   INFO -  jetbrains.buildServer.STARTUP - The TeamCity Data Directory "C:\ProgramData\jetbrains\teamcity" exists 
[2018-04-08 15:35:04,817]   INFO -  jetbrains.buildServer.STARTUP - The main configuration file "C:\ProgramData\jetbrains\teamcity\config\main-config.xml" exists 
[2018-04-08 15:35:04,872]   INFO -  jetbrains.buildServer.STARTUP - The database properties file "C:\ProgramData\jetbrains\teamcity\config\database.properties" exists 
[2018-04-08 15:35:04,890]   INFO -  jetbrains.buildServer.STARTUP - The internal database data file "C:\ProgramData\jetbrains\teamcity\system\buildserver.data" exists 
[2018-04-08 15:35:05,044]   INFO -  jetbrains.buildServer.STARTUP - Data Directory version: 812 
[2018-04-08 15:35:05,177]   INFO -  jetbrains.buildServer.STARTUP - Current stage: Looking for the database configuration 
[2018-04-08 15:35:05,187]   INFO -  jetbrains.buildServer.STARTUP - Database properties file "C:\ProgramData\jetbrains\teamcity\config\database.properties" exists 
[2018-04-08 15:35:05,187]   INFO -  jetbrains.buildServer.STARTUP - Internal HSQL database file (C:\ProgramData\jetbrains\teamcity\system\buildserver.data) exists, version: 2.3.2 
[2018-04-08 15:35:05,187]   INFO -  jetbrains.buildServer.STARTUP - Database connection URL: jdbc:hsqldb:file:$TEAMCITY_SYSTEM_PATH/buildserver 
[2018-04-08 15:35:05,201]   INFO -  jetbrains.buildServer.STARTUP - Using database connection URL from the database properties file. The URL is: jdbc:hsqldb:file:$TEAMCITY_SYSTEM_PATH/buildserver 
[2018-04-08 15:35:05,201]   INFO -  jetbrains.buildServer.STARTUP - Using internal (HSQL) database 
[2018-04-08 15:35:05,219]   INFO -  jetbrains.buildServer.STARTUP - Current stage: Connecting to the database 
[2018-04-08 15:35:30,664]   INFO -  jetbrains.buildServer.STARTUP - JDBC driver version: 2.3 (HSQL Database Engine Driver) 
[2018-04-08 15:35:30,677]   INFO -  jetbrains.buildServer.STARTUP - Database system version: 2.3.2 (HSQL Database Engine) 
[2018-04-08 15:35:30,677]   INFO -  jetbrains.buildServer.STARTUP - Connected to the database successfully 
[2018-04-08 15:35:30,692]   INFO -  jetbrains.buildServer.STARTUP - Current stage: Checking the database 
[2018-04-08 15:35:31,021]   INFO -  jetbrains.buildServer.STARTUP - Using schema: PUBLIC 
[2018-04-08 15:35:31,226]   INFO -  jetbrains.buildServer.STARTUP - Schema contains 137 tables. 
[2018-04-08 15:35:31,301]   INFO -  jetbrains.buildServer.STARTUP - Database version is 812 
[2018-04-08 15:35:31,426]   INFO -  jetbrains.buildServer.STARTUP - Current stage: Initializing TeamCity server components 
[2018-04-08 15:35:43,921]   INFO -  jetbrains.buildServer.STARTUP - Starting the main application 
[2018-04-08 15:35:47,185]   INFO - ebDispatcherApplicationContext - Refreshing jetbrains.buildServer.maintenance.WebDispatcherApplicationContext@61dafb9a: startup date [Sun Apr 08 15:35:47 GMT-05:00 2018]; root of context hierarchy 
[2018-04-08 15:35:47,577]   INFO - MainTeamCityApplicationContext - Refreshing WebApplicationContext for namespace 'buildServer-servlet': startup date [Sun Apr 08 15:35:47 GMT-05:00 2018]; parent: jetbrains.buildServer.maintenance.WebDispatcherApplicationContext@61dafb9a 
[2018-04-08 15:36:58,919]   INFO -   jetbrains.buildServer.SERVER - Loading history of VCS changes... 
[2018-04-08 15:36:59,041]   INFO -   jetbrains.buildServer.SERVER - Done loading history of VCS changes: 0 changes loaded in 110ms 
[2018-04-08 15:37:02,781]   INFO -   jetbrains.buildServer.SERVER - Build history cache size is set to 10000 entries 
[2018-04-08 15:37:03,760]   INFO -   jetbrains.buildServer.SERVER - Loading test names index from database... 
[2018-04-08 15:37:03,854]   INFO -   jetbrains.buildServer.SERVER - Finished loading test names index 
[2018-04-08 15:37:05,245]   INFO -   jetbrains.buildServer.SERVER - Start initializing build durations cache... 
[2018-04-08 15:37:05,385]   INFO -   jetbrains.buildServer.SERVER - Finished initializing build durations cache, time spent: 140 ms 
[2018-04-08 15:37:23,088]   INFO -   jetbrains.buildServer.SERVER - Loading roles from the configuration file: C:\ProgramData\jetbrains\teamcity\config\roles-config.xml 
[2018-04-08 15:37:43,619]   INFO -   jetbrains.buildServer.SERVER - Applying memory thresholds for Memory Usage Monitor: storing 100 last measurements; time between measurements: 3000ms. Thresholds: {TC_TOTAL_MEMORY_USAGE_KEY=90.0, PS Old Gen=90.0} 
[2018-04-08 15:38:37,419]   INFO - til.ChildSpringContextLoader$1 - Refreshing jetbrains.buildServer.util.ChildSpringContextLoader$1@5d5fc556: startup date [Sun Apr 08 15:38:37 GMT-05:00 2018]; parent: WebApplicationContext for namespace 'buildServer-servlet' 
[2018-04-08 15:38:37,854]   INFO -  jetbrains.buildServer.STARTUP - TeamCity Spring context contains 1364 beans 
[2018-04-08 15:38:44,623]   INFO -  jetbrains.buildServer.STARTUP - TeamCity Spring context created in: 177117 ms 
[2018-04-08 15:38:45,072]   INFO -   jetbrains.buildServer.SERVER - Start pre-compiling JSP files... 
[2018-04-08 15:38:49,916]   INFO - rver.plugins.PluginManagerImpl - =========================================================== 
[2018-04-08 15:38:49,932]   INFO - rver.plugins.PluginManagerImpl - Plugins initialization started... 
[2018-04-08 15:38:49,966]   INFO - rver.plugins.PluginManagerImpl - Scanning plugins folders 
[2018-04-08 15:38:49,994]   INFO - .plugins.files.JarSearcherBase - Scanning plugin folder: C:\TeamCity\webapps\ROOT\WEB-INF\plugins 
[2018-04-08 15:39:32,323]   INFO - .plugins.files.JarSearcherBase - Scanning plugin folder: C:\ProgramData\jetbrains\teamcity\plugins 
[2018-04-08 15:39:32,432]   INFO - rver.plugins.PluginManagerImpl - Found 88 bundled plugins: [agent-system-info (ver:47175), agent.push (ver:47175), Ant (ver:47175), ant-net-tasks (ver:47175), Apache Ant (ver:47175), artifactsSizeStatistics (ver:47175), bugzilla (ver:47175), buildDurationStatisticsPlugin (ver:47175), changeViewers (ver:47175), clearcase (ver:47175), cloud-amazon (ver:47175), commandLineRunner (ver:47175), commit-status-publisher (ver:47175), configs-dsl (ver:47175), coverage (ver:47175), cvs (ver:47175), data-dir-browse (ver:47175), deploy-runner (ver:47175), dotnet-tools (ver:47175), dotNetRunners (ver:47175), Duplicator (ver:47175), eclipse-plugin-distributor (ver:47175), email (ver:47175), environment-fetcher (ver:47175), feed (ver:47175), file-content-replacer (ver:47175), flaky-test-detector (ver:47175), FxCop (ver:47175), gant-tool (ver:47175), GAntRunner (ver:47175), gradle-runner (ver:47175), idea-tool (ver:47175), Inspection (ver:47175), intellij-plugin-distributor (ver:47175), Ipr (ver:47175), jabber (ver:47175), Java Crashed detector (ver:47175), java-dowser (ver:47175), jetbrains.git (ver:47175), jira (ver:47175), jps-tool (ver:47175), jvm-update (ver:47175), ldap (ver:47175), Maven2 (ver:47175), mercurial (ver:47175), metarunner (ver:47175), nt-domain-login (ver:47175), nuget (ver:47175), perfmon (ver:47175), perforce (ver:47175), powershell-runner (ver:47175), priority-queue (ver:47175), queue-pauser (ver:47175), rake-runner (ver:47175), remoteAccess (ver:47175), reset-password (ver:47175), rest-api (ver:47175), rest-api-6.0 (ver:47175), rest-api-7.0 (ver:47175), rest-api-8.1 (ver:47175), rest-api-9.0 (ver:47175), rest-api-9.1 (ver:47175), rest-api-contrib (ver:47175), rest-api-contrib-9.0 (ver:47175), rest-api-contrib-9.1 (ver:47175), sbt-runner (ver:47175), searchBuildByNumber (ver:47175), ssh-manager (ver:47175), stacktraces (ver:47175), starteam (ver:47175), svn (ver:47175), swabra (ver:47175), TeamCity.BitBucketIssues (ver:47175), TeamCity.GitHubIssues (ver:47175), TeamCity.SharedResources (ver:47175), tfs (ver:47175), unified-ui (ver:47175), usage-statistics (ver:47175), vault-vcs (ver:47175), visualstudiotest (ver:47175), vs-addin-distributor (ver:47175), vsphere (ver:47175), vss (ver:47175), WindowsTray (ver:47175), WindowsTray-distributor (ver:47175), xcode-runner (ver:47175), xml-report-plugin (ver:47175), youtrack (ver:47175)] 
[2018-04-08 15:39:36,526]   INFO - rver.plugins.PluginsCollection - Load shared classloader for 33 plugins [Ant, ant-net-tasks, Apache Ant, artifactsSizeStatistics, buildDurationStatisticsPlugin, changeViewers, clearcase, commandLineRunner, coverage, cvs, email, environment-fetcher, feed, gant-tool, GAntRunner, gradle-runner, intellij-plugin-distributor, Ipr, jabber, Java Crashed detector, jps-tool, ldap, perfmon, priority-queue, remoteAccess, sbt-runner, searchBuildByNumber, stacktraces, starteam, swabra, WindowsTray, xml-report-plugin, youtrack] 
[2018-04-08 15:39:37,744]   INFO - rver.plugins.PluginsCollection - Load standalone classloaders for 55 plugins [agent-system-info, agent.push, bugzilla, cloud-amazon, commit-status-publisher, configs-dsl, data-dir-browse, deploy-runner, dotnet-tools, dotNetRunners, Duplicator, eclipse-plugin-distributor, file-content-replacer, flaky-test-detector, FxCop, idea-tool, Inspection, java-dowser, jetbrains.git, jira, jvm-update, Maven2, mercurial, metarunner, nt-domain-login, nuget, perforce, powershell-runner, queue-pauser, rake-runner, reset-password, rest-api, rest-api-6.0, rest-api-7.0, rest-api-8.1, rest-api-9.0, rest-api-9.1, rest-api-contrib, rest-api-contrib-9.0, rest-api-contrib-9.1, ssh-manager, svn, TeamCity.BitBucketIssues, TeamCity.GitHubIssues, TeamCity.SharedResources, tfs, unified-ui, usage-statistics, vault-vcs, visualstudiotest, vs-addin-distributor, vsphere, vss, WindowsTray-distributor, xcode-runner] 
[2018-04-08 15:39:52,558]   INFO - e.RemoteMavenServerManagerImpl - Starting external maven service 
[2018-04-08 15:40:02,425]   INFO - e.RemoteMavenServerManagerImpl - Remote server is connected. 
[2018-04-08 15:40:15,036]   INFO - ServerDistributionTypeProvider - TeamCity distribution type: docker 
[2018-04-08 15:40:27,333]   INFO - rver.plugins.PluginManagerImpl - Plugins initialization completed (88 plugins loaded): [agent-system-info (ver:47175), agent.push (ver:47175), Ant (ver:47175), ant-net-tasks (ver:47175), Apache Ant (ver:47175), artifactsSizeStatistics (ver:47175), bugzilla (ver:47175), buildDurationStatisticsPlugin (ver:47175), changeViewers (ver:47175), clearcase (ver:47175), cloud-amazon (ver:47175), commandLineRunner (ver:47175), commit-status-publisher (ver:47175), configs-dsl (ver:47175), coverage (ver:47175), cvs (ver:47175), data-dir-browse (ver:47175), deploy-runner (ver:47175), dotnet-tools (ver:47175), dotNetRunners (ver:47175), Duplicator (ver:47175), eclipse-plugin-distributor (ver:47175), email (ver:47175), environment-fetcher (ver:47175), feed (ver:47175), file-content-replacer (ver:47175), flaky-test-detector (ver:47175), FxCop (ver:47175), gant-tool (ver:47175), GAntRunner (ver:47175), gradle-runner (ver:47175), idea-tool (ver:47175), Inspection (ver:47175), intellij-plugin-distributor (ver:47175), Ipr (ver:47175), jabber (ver:47175), Java Crashed detector (ver:47175), java-dowser (ver:47175), jetbrains.git (ver:47175), jira (ver:47175), jps-tool (ver:47175), jvm-update (ver:47175), ldap (ver:47175), Maven2 (ver:47175), mercurial (ver:47175), metarunner (ver:47175), nt-domain-login (ver:47175), nuget (ver:47175), perfmon (ver:47175), perforce (ver:47175), powershell-runner (ver:47175), priority-queue (ver:47175), queue-pauser (ver:47175), rake-runner (ver:47175), remoteAccess (ver:47175), reset-password (ver:47175), rest-api (ver:47175), rest-api-6.0 (ver:47175), rest-api-7.0 (ver:47175), rest-api-8.1 (ver:47175), rest-api-9.0 (ver:47175), rest-api-9.1 (ver:47175), rest-api-contrib (ver:47175), rest-api-contrib-9.0 (ver:47175), rest-api-contrib-9.1 (ver:47175), sbt-runner (ver:47175), searchBuildByNumber (ver:47175), ssh-manager (ver:47175), stacktraces (ver:47175), starteam (ver:47175), svn (ver:47175), swabra (ver:47175), TeamCity.BitBucketIssues (ver:47175), TeamCity.GitHubIssues (ver:47175), TeamCity.SharedResources (ver:47175), tfs (ver:47175), unified-ui (ver:47175), usage-statistics (ver:47175), vault-vcs (ver:47175), visualstudiotest (ver:47175), vs-addin-distributor (ver:47175), vsphere (ver:47175), vss (ver:47175), WindowsTray (ver:47175), WindowsTray-distributor (ver:47175), xcode-runner (ver:47175), xml-report-plugin (ver:47175), youtrack (ver:47175)] 
[2018-04-08 15:40:27,347]   INFO - rver.plugins.PluginManagerImpl - =========================================================== 
[2018-04-08 15:40:27,348]   INFO -   jetbrains.buildServer.SERVER - TeamCity plugins loaded in: 97418 ms 
[2018-04-08 15:40:37,756]   INFO -   jetbrains.buildServer.SERVER - Start loading server configuration... 
[2018-04-08 15:40:38,165]   INFO -  jetbrains.buildServer.CLEANUP - Max cleanup duration is set to 0 seconds 
[2018-04-08 15:40:38,170]   INFO -  jetbrains.buildServer.CLEANUP - Cleanup time has been set to 03:00:00 daily 
[2018-04-08 15:40:38,171]   INFO -  jetbrains.buildServer.CLEANUP - Cleanup is enabled 
[2018-04-08 15:40:38,268]   INFO -   jetbrains.buildServer.SERVER - Parsing 6 configuration files... 
[2018-04-08 15:40:38,387]   INFO -   jetbrains.buildServer.SERVER - Loading data from parsed configuration files... 
[2018-04-08 15:40:40,630]   INFO -   jetbrains.buildServer.SERVER - Server configuration loaded in: 2874 ms 
[2018-04-08 15:40:41,954]   INFO - r.configs.dsl.DslPluginManager - Plugin sources are packed in 462ms 
[2018-04-08 15:40:53,917]   INFO -   jetbrains.buildServer.SERVER - TeamCity initialized, server UUID: 2dfdc805-1386-4b57-aa10-f6b39253239e, URL: http://127.0.0.1:8111 
[2018-04-08 15:40:53,928]   INFO -   jetbrains.buildServer.SERVER - TeamCity is running in professional mode 
[2018-04-08 15:40:53,934]   INFO - utors.DeferringExecutorService - 3 commands sent to execution 
[2018-04-08 15:40:53,951]   INFO - utors.DeferringExecutorService - 3 commands sent to execution 
[2018-04-08 15:40:53,968]   INFO - utors.DeferringExecutorService - 0 commands sent to execution 
[2018-04-08 15:40:53,974]   INFO - utors.DeferringExecutorService - 0 commands sent to execution 
[2018-04-08 15:40:53,984]   INFO - utors.DeferringExecutorService - 0 commands sent to execution 
[2018-04-08 15:40:55,498]   INFO -   jetbrains.buildServer.SERVER - Super user authentication token: "8325697423575682744". To login as Super user use an empty username and this token as a password on the login page. 
[2018-04-08 15:40:55,685]   INFO - .agent.AgentZipVersionProvider - Build agent distribution 'C:\TeamCity\webapps\ROOT\update\buildAgent.zip' state initialized. Last modified: 16.10.2017 01:26:06, size: 18352272 
[2018-04-08 15:40:56,023]   INFO -   jetbrains.buildServer.SERVER - Start loading "failed to start" build configuration errors in background 
[2018-04-08 15:40:56,241]   INFO -   jetbrains.buildServer.SERVER - Start loading test runs for investigations and mutes into cache... 
[2018-04-08 15:40:56,986]   INFO -   jetbrains.buildServer.SERVER - Start pre-fetching changes for 0 build configurations... 
[2018-04-08 15:40:57,408]   INFO -   jetbrains.buildServer.SERVER - Done pre-fetching changes 
[2018-04-08 15:40:57,409]   INFO -   jetbrains.buildServer.SERVER - Done loading "failed to start" build configuration errors: loaded 0 problems 
[2018-04-08 15:40:57,491]   INFO -   jetbrains.buildServer.SERVER - Start calculating branches for 0 build configurations... 
[2018-04-08 15:40:57,564]   INFO -   jetbrains.buildServer.SERVER - Done calculating branches 
[2018-04-08 15:40:57,576]   INFO -   jetbrains.buildServer.SERVER - Start calculating status for 0 build configurations... 
[2018-04-08 15:40:57,599]   INFO -   jetbrains.buildServer.SERVER - Done calculating status 
[2018-04-08 15:40:57,618]   INFO -   jetbrains.buildServer.SERVER - Start prefetching build statistic metrics for 0 build configurations... 
[2018-04-08 15:40:57,631]   INFO -   jetbrains.buildServer.SERVER - Done prefetching build statistic metrics 
[2018-04-08 15:40:57,563]   INFO -   jetbrains.buildServer.SERVER - Done loading test runs. Loaded 0 tests in 1s,297ms, cache size: 0 
[2018-04-08 15:40:57,903]   INFO - .agent.AgentZipVersionProvider - Build agent distribution version is set to 47175, hash=SHA-17XquI05/V4aDUUZAAokPBf+uIrM= 
[2018-04-08 15:41:15,450]   INFO - nt.AgentPluginsVersionProvider - State of agent plugin packages is initialized in 16252 ms: new plugin 'agentSystemInfo.zip' file: 'C:\TeamCity\webapps\ROOT\WEB-INF\plugins\.unpacked\agentSystemInfo\agent\agentSystemInfo.zip', hash: 'SHA-14CifYnojzNSh3k0Qw0UnXqr1DwU='; new plugin 'amazonEC2.zip' file: 'C:\TeamCity\webapps\ROOT\WEB-INF\plugins\cloud-amazon\agent\amazonEC2.zip', hash: 'SHA-1iYa2bOdKxkDKgQ0wyJyoTbbuWis='; new plugin 'ant-net-tasks.zip' file: 'C:\TeamCity\webapps\ROOT\WEB-INF\plugins\ant-net-tasks\agent\ant-net-tasks.zip', hash: 'SHA-1ceYRV/MKsLLiyCYj8Mbdculofks='; new plugin 'ant.zip' file: 'C:\TeamCity\webapps\ROOT\WEB-INF\plugins\ant-tool\agent\ant.zip', hash: 'SHA-1X1yYSTkzxLS1GO+jbQnI6lOZHm0='; new plugin 'antPlugin.zip' file: 'C:\TeamCity\webapps\ROOT\WEB-INF\plugins\ant\agent\antPlugin.zip', hash: 'SHA-1+YZs5GLWM76VkPQgjZXDO1wrts8='; new plugin 'clearcase-agent.zip' file: 'C:\TeamCity\webapps\ROOT\WEB-INF\plugins\.unpacked\clearcase\agent\clearcase-agent.zip', hash: 'SHA-1B4H1EqqFLJWfk2yf36CLu5g/LcY='; new plugin 'cloud-vmware-agent.zip' file: 'C:\TeamCity\webapps\ROOT\WEB-INF\plugins\.unpacked\cloud-vmware\agent\cloud-vmware-agent.zip', hash: 'SHA-1PczB7Lan0Hi7PGyKmcESq1tlLqw='; new plugin 'commandLineRunner.jar' file: 'C:\TeamCity\webapps\ROOT\WEB-INF\plugins\commandLineRunner\agent\commandLineRunner.jar', hash: 'SHA-1a/lyiaBgxBLi2nUKQAjRXX5j8aY='; new plugin 'coveragePlugin.zip' file: 'C:\TeamCity\webapps\ROOT\WEB-INF\plugins\coverage\agent\coveragePlugin.zip', hash: 'SHA-1A9GlmAkyk0YRyRBPeu/+A4TQyOg='; new plugin 'crashDetector.zip' file: 'C:\TeamCity\webapps\ROOT\WEB-INF\plugins\crash-detector\agent\crashDetector.zip', hash: 'SHA-1oROOMFwEbXi932ZzQ45q4xq1Ags='; new plugin 'cvsAgent.zip' file: 'C:\TeamCity\webapps\ROOT\WEB-INF\plugins\cvs\agent\cvsAgent.zip', hash: 'SHA-1jW3PyvzVykfuTpWRR4AN9dR009k='; new plugin 'deploy-runner-agent.zip' file: 'C:\TeamCity\webapps\ROOT\WEB-INF\plugins\.unpacked\deploy-runner\agent\deploy-runner-agent.zip', hash: 'SHA-1E+LVPXuyym9+aJUL31nHirEYRfQ='; new plugin 'dotCover.zip' file: 'C:\TeamCity\webapps\ROOT\WEB-INF\plugins\dotNetRunners\bundled-tools\dotCover.zip', hash: 'SHA-13dsNv6gn24QKG7Lrvo71zb0A/IE='; new plugin 'dotNetPlugin.zip' file: 'C:\TeamCity\webapps\ROOT\WEB-INF\plugins\dotNetRunners\agent\dotNetPlugin.zip', hash: 'SHA-1XeGsWxpxrhUwjQmJvTg6ThBK+sM='; new plugin 'dotNetRunners.zip' file: 'C:\TeamCity\webapps\ROOT\WEB-INF\plugins\dotNetRunners\agent\dotNetRunners.zip', hash: 'SHA-1wh8IcR/455UJvWZjq3S4lgFek2c='; new plugin 'dotnet-tools-agent.zip' file: 'C:\TeamCity\webapps\ROOT\WEB-INF\plugins\.unpacked\dotnet-tools\agent\dotnet-tools-agent.zip', hash: 'SHA-1vnLzqoJBB3P4ebhAJSBDh8abOHo='; new plugin 'duplicatePlugin.zip' file: 'C:\TeamCity\webapps\ROOT\WEB-INF\plugins\Duplicator\agent\duplicatePlugin.zip', hash: 'SHA-1/1hX0cooRdF3P/z4DUwSiieLiwI='; new plugin 'environment-fetcher-agent.jar' file: 'C:\TeamCity\webapps\ROOT\WEB-INF\plugins\environment-fetcher\agent\environment-fetcher-agent.jar', hash: 'SHA-11/oyxNPpqiE7+weNjxmFMc432uY='; new plugin 'file-content-replacer.zip' file: 'C:\TeamCity\webapps\ROOT\WEB-INF\plugins\file-content-replacer\agent\file-content-replacer.zip', hash: 'SHA-1301LYW38THtkULfBJI/98yMcgv0='; new plugin 'fxcop.zip' file: 'C:\TeamCity\webapps\ROOT\WEB-INF\plugins\.unpacked\fxcop\agent\fxcop.zip', hash: 'SHA-1P7HxSa7y/3DIimEY9RV/cpnJHwI='; new plugin 'gant.zip' file: 'C:\TeamCity\webapps\ROOT\WEB-INF\plugins\gant-tool\agent\gant.zip', hash: 'SHA-15UnOPu5MXdZSnHZ16ZqGfXELHVE='; new plugin 'gantPlugin.zip' file: 'C:\TeamCity\webapps\ROOT\WEB-INF\plugins\gantRunner\agent\gantPlugin.zip', hash: 'SHA-1q2hE5ngAFb6FfTBmdxfO0ldLOp0='; new plugin 'gradle-runner.zip' file: 'C:\TeamCity\webapps\ROOT\WEB-INF\plugins\gradle\agent\gradle-runner.zip', hash: 'SHA-1uyKauql2+FbtVspSWkZBAfmWgn4='; new plugin 'idea-runner.zip' file: 'C:\TeamCity\webapps\ROOT\WEB-INF\plugins\ipr-runner\agent\idea-runner.zip', hash: 'SHA-1nhnNZE4MNjziHIIg8lIytT2Egm0='; new plugin 'idea.zip' file: 'C:\TeamCity\webapps\ROOT\WEB-INF\plugins\idea-tool\bundled\idea.zip', hash: 'SHA-14w7BWfxG0+slajbxu1Ywz4kB9Y4='; new plugin 'inspectionPlugin.zip' file: 'C:\TeamCity\webapps\ROOT\WEB-INF\plugins\server-side-inspections\agent\inspectionPlugin.zip', hash: 'SHA-1O5ednMg4m7drI11aMhQfaMErDRg='; new plugin 'jacoco.zip' file: 'C:\TeamCity\webapps\ROOT\WEB-INF\plugins\coverage\agent\jacoco.zip', hash: 'SHA-1HqKFwjV89t2OW/URvX7rp48O7zw='; new plugin 'java-dowser.zip' file: 'C:\TeamCity\webapps\ROOT\WEB-INF\plugins\java-dowser\agent\java-dowser.zip', hash: 'SHA-1LNCvwTnys+iviO3FM6+cvuzd6yo='; new plugin 'jetbrains.git.zip' file: 'C:\TeamCity\webapps\ROOT\WEB-INF\plugins\.unpacked\jetbrains.git\agent\jetbrains.git.zip', hash: 'SHA-1/clP17FgVDP2zOI+NR4jUhvU7aA='; new plugin 'jps.zip' file: 'C:\TeamCity\webapps\ROOT\WEB-INF\plugins\jps-tool\agent\jps.zip', hash: 'SHA-1f/DylYjoUGE7o/h0tJcQuefTXW0='; new plugin 'junitPlugin.zip' file: 'C:\TeamCity\webapps\ROOT\WEB-INF\plugins\ant\agent\junitPlugin.zip', hash: 'SHA-1qGV1DAcpmL3ge5CIWiqUonvpK2U='; new plugin 'jvm-update.zip' file: 'C:\TeamCity\webapps\ROOT\WEB-INF\plugins\jvm-update\agent\jvm-update.zip', hash: 'SHA-1NgpgIFSflvILyzUJDw/qUwsjsuY='; new plugin 'maven.zip' file: 'C:\TeamCity\webapps\ROOT\WEB-INF\plugins\Maven2\bundled-tools\maven.zip', hash: 'SHA-1SkLE37N3QsfIfj2wmDZOE1uJIg4='; new plugin 'maven3.zip' file: 'C:\TeamCity\webapps\ROOT\WEB-INF\plugins\Maven2\bundled-tools\maven3.zip', hash: 'SHA-1t1b4I3PlWsJH0k1ovjI4hOBXqk4='; new plugin 'maven3_1.zip' file: 'C:\TeamCity\webapps\ROOT\WEB-INF\plugins\Maven2\bundled-tools\maven3_1.zip', hash: 'SHA-1cew3XB0bGc4zhQIZ+PMoGiser+A='; new plugin 'maven3_2.zip' file: 'C:\TeamCity\webapps\ROOT\WEB-INF\plugins\Maven2\bundled-tools\maven3_2.zip', hash: 'SHA-1p3k1LkL8zxhj1t4Uk647S9zE71A='; new plugin 'maven3_3.zip' file: 'C:\TeamCity\webapps\ROOT\WEB-INF\plugins\Maven2\bundled-tools\maven3_3.zip', hash: 'SHA-1uMxjJOa8uxaTS52TUGk48WWnN14='; new plugin 'mavenPlugin.zip' file: 'C:\TeamCity\webapps\ROOT\WEB-INF\plugins\Maven2\agent\mavenPlugin.zip', hash: 'SHA-1wZrBvqjnU3XWFEJg/B9kxJHRi/U='; new plugin 'mercurial.zip' file: 'C:\TeamCity\webapps\ROOT\WEB-INF\plugins\.unpacked\mercurial\agent\mercurial.zip', hash: 'SHA-1zADfxwQ+WCxOr61UCLheRYQiEoA='; new plugin 'meta-runner.zip' file: 'C:\TeamCity\webapps\ROOT\WEB-INF\plugins\meta-runner\agent\meta-runner.zip', hash: 'SHA-1iFhoDgSeHL/K3J4sKRQEPx6/iPM='; new plugin 'nuget-agent.zip' file: 'C:\TeamCity\webapps\ROOT\WEB-INF\plugins\.unpacked\dotNetPackagesSupport\agent\nuget-agent.zip', hash: 'SHA-1e17Lt14F0Le/6A043FTrnDGoPQ0='; new plugin 'perfmon-agent.zip' file: 'C:\TeamCity\webapps\ROOT\WEB-INF\plugins\.unpacked\perfmon\agent\perfmon-agent.zip', hash: 'SHA-1zFzIUTZlIMvEjch6GU4X0Ib1Kf8='; new plugin 'perforce-agent.zip' file: 'C:\TeamCity\webapps\ROOT\WEB-INF\plugins\perforce\agent\perforce-agent.zip', hash: 'SHA-1eWYBLKJy7k4JXmN9n29nB9PoD5c='; new plugin 'powershell-agent.zip' file: 'C:\TeamCity\webapps\ROOT\WEB-INF\plugins\.unpacked\powershell\agent\powershell-agent.zip', hash: 'SHA-11b6o7o4JBt6rd44r9l0HmO9iVbc='; new plugin 'rake-runner.zip' file: 'C:\TeamCity\webapps\ROOT\WEB-INF\plugins\.unpacked\rake-runner\agent\rake-runner.zip', hash: 'SHA-1Yob7uHcwcUNfHjmmlxngCe2vTlU='; new plugin 'remoteAccess.zip' file: 'C:\TeamCity\webapps\ROOT\WEB-INF\plugins\remoteAccess\agent\remoteAccess.zip', hash: 'SHA-1G/RfpEBTCD07d6A/IoLc051z4Pw='; new plugin 'sbt-runner-agent.zip' file: 'C:\TeamCity\webapps\ROOT\WEB-INF\plugins\.unpacked\sbt-runner\agent\sbt-runner-agent.zip', hash: 'SHA-1mxFBQEITcIsvvWW0hUls7oHBk0E='; new plugin 'ssh-manager.jar' file: 'C:\TeamCity\webapps\ROOT\WEB-INF\plugins\ssh-manager\agent\ssh-manager.jar', hash: 'SHA-1RAhEQkczhxxW1Gwzn2s34kmrbL0='; new plugin 'stacktracesPlugin.zip' file: 'C:\TeamCity\webapps\ROOT\WEB-INF\plugins\stacktraces\agent\stacktracesPlugin.zip', hash: 'SHA-1xqkKVtj/7nx0z8XQDhY380T0cq0='; new plugin 'svnAgent.zip' file: 'C:\TeamCity\webapps\ROOT\WEB-INF\plugins\svn\agent\svnAgent.zip', hash: 'SHA-1vbg7V7ZcwVFC1mi5KcnyMHdZdEE='; new plugin 'swabra.zip' file: 'C:\TeamCity\webapps\ROOT\WEB-INF\plugins\.unpacked\swabra\agent\swabra.zip', hash: 'SHA-1Cj9WeRsRRX0dNVXsiVlAbLTgucU='; new plugin 'testNGPlugin.zip' file: 'C:\TeamCity\webapps\ROOT\WEB-INF\plugins\ant\agent\testNGPlugin.zip', hash: 'SHA-1GlepR7selaSxmGQmIOvehgN/+N4='; new plugin 'tfs-agent.zip' file: 'C:\TeamCity\webapps\ROOT\WEB-INF\plugins\tfs\agent\tfs-agent.zip', hash: 'SHA-1aDlFbk8OHV5US+y3C6r/O4qwX/Q='; new plugin 'visualstudiotest-agent.zip' file: 'C:\TeamCity\webapps\ROOT\WEB-INF\plugins\visualstudiotest\agent\visualstudiotest-agent.zip', hash: 'SHA-1wfcSFneYyEjmIDCX5gytfk3ny50='; new plugin 'xcode-runner.zip' file: 'C:\TeamCity\webapps\ROOT\WEB-INF\plugins\.unpacked\xcode-runner\agent\xcode-runner.zip', hash: 'SHA-121JCgzy2u1ltIxCaIMFpIWjT/+w='; new plugin 'xml-report-plugin.zip' file: 'C:\TeamCity\webapps\ROOT\WEB-INF\plugins\.unpacked\xml-report-plugin\agent\xml-report-plugin.zip', hash: 'SHA-1BlLsAsPQvhJU1n9N54Tyc3SZWv4=' 
[2018-04-08 15:43:17,413]   INFO - r.configs.dsl.DslPluginManager - Plugins dsl compiled in 155443ms 
[2018-04-08 15:43:18,006]   INFO - ority.PriorityClassManagerImpl - Loading priority classes from the configuration file: C:\ProgramData\jetbrains\teamcity\config\build-queue-priorities.xml 
[2018-04-08 15:43:18,053]   INFO - ity.BuildQueuePriorityOrdering - New item Queued build {Build promotion {promotion id=1, configuration={id=Spikes_Build, internal id=bt1}}, item id=1} with weight 0.00 inserted at the default position 0 in the end of the queue 
[2018-04-08 15:43:18,055]   INFO -   jetbrains.buildServer.SERVER - Ordering strategy changed to jetbrains.buildServer.serverSide.priority.BuildQueuePriorityOrdering 
[2018-04-08 15:43:18,103]   INFO - verSide.impl.BuildServerRunner - Start daemons 
[2018-04-08 15:43:18,105]   INFO - tbrains.buildServer.ACTIVITIES - Server Started 
[2018-04-08 15:43:18,155]   INFO -  jetbrains.buildServer.STARTUP - Startup duration: 8m:31s 
[2018-04-08 15:43:18,166]   INFO -  jetbrains.buildServer.STARTUP - Current stage: System is ready 
[2018-04-08 15:43:22,938]   INFO -    jetbrains.buildServer.AGENT - Removing authorization token '' from agent with no name: "" {id=0, protocol=unidirectional, host=172.17.231.177:9090, agentTypeId=0, registered since 2018-04-08 15:43:22.670} 
[2018-04-08 15:43:22,944]   INFO -    jetbrains.buildServer.AGENT - Did not find agent by its authorization token '' and will search by name, agent details: "" {id=0}. 
[2018-04-08 15:43:22,948]   INFO -    jetbrains.buildServer.AGENT - Did not find agent by name, agent details: "" {id=0} 
[2018-04-08 15:43:22,991]   INFO -    jetbrains.buildServer.AGENT - Setting generated name "ip_172.17.231.177" to agent "" {id=2} as it had no name defined. 
[2018-04-08 15:43:23,013]   INFO -    jetbrains.buildServer.AGENT - New agent authorization token "e1d217ad876f097c2d1d240b303effdd" was generated for agent "ip_172.17.231.177" {id=2} 
[2018-04-08 15:43:23,120]   INFO -    jetbrains.buildServer.AGENT - Upgrade of agent "ip_172.17.231.177" {id=2} has been scheduled, agent version: 50732, plugins signature: NA. Current version: 47175, plugins signature: 47175-md5-cf0818f798cbc120c8a9133fdc117413 
[2018-04-08 15:43:23,165]   INFO -    jetbrains.buildServer.AGENT - Agent has been registered: "ip_172.17.231.177" {id=2, protocol=unidirectional, host=172.17.231.177:9090, agentTypeId=2, pool=Default, registered since 2018-04-08 15:43:22.670}, not running a build 
[2018-04-08 15:43:23,197]   INFO - ldServer.AGENT.PollingProtocol - Polling Agent session 'WsHoV3R...' was created, agent: "ip_172.17.231.177" {id=2} 
[2018-04-08 15:43:23,538]   WARN -    jetbrains.buildServer.AGENT - Agent "ip_172.17.231.177" {id=2} is unauthorized on registration 
[2018-04-08 15:43:24,185]   INFO -    jetbrains.buildServer.AGENT - Agent "ip_172.17.231.177" {id=2} has confirmed upgrade. 
[2018-04-08 15:43:25,698]   INFO - ldServer.AGENT.PollingProtocol - Polling Agent session 'WsHoV3R...' was closed, agent: "ip_172.17.231.177" {id=2} 
[2018-04-08 15:43:25,755]   INFO -    jetbrains.buildServer.AGENT - Agent "ip_172.17.231.177" {id=2} has been unregistered. Reason: Agent has unregistered (will upgrade) 
[2018-04-08 15:47:44,061]   INFO -   jetbrains.buildServer.SERVER - JSP pre-compilation failed: http://127.0.0.1:8111/projectBuildTypes.jsp?jsp_precompile=true, error: java.net.SocketTimeoutException: Read timed out 
[2018-04-08 15:49:31,735]   INFO -   jetbrains.buildServer.SERVER - JSP pre-compilation failed: http://127.0.0.1:8111/footer.jsp?jsp_precompile=true, error: java.net.SocketTimeoutException: Read timed out 
[2018-04-08 15:53:34,818]   INFO -    jetbrains.buildServer.AGENT - Agent has been registered: "ip_172.17.231.177" {id=2, protocol=unidirectional, host=172.17.231.177:9090, agentTypeId=2, pool=Default, registered since 2018-04-08 15:53:32.762}, not running a build 
[2018-04-08 15:53:35,079]   INFO - ldServer.AGENT.PollingProtocol - Polling Agent session 'lmNBac6...' was created, agent: "ip_172.17.231.177" {id=2} 
[2018-04-08 15:53:35,929]   WARN -    jetbrains.buildServer.AGENT - Agent "ip_172.17.231.177" {id=2} is unauthorized on registration 
[2018-04-08 15:54:38,495]   INFO - l.UsageStatisticsCollectorImpl - Starting usage statistics collection... 
[2018-04-08 15:55:48,223]   INFO - l.UsageStatisticsCollectorImpl - Finish usage statistics collection, collected in 69719 ms 
[2018-04-08 16:01:34,465]   WARN -   jetbrains.buildServer.SERVER - GC usage exceeded 50% threshold and is now 65%. GC was fired 135 times since server start and consumed total 86879ms. Current memory usage: 169.95 MB. 
[2018-04-08 16:01:35,567]   INFO -   jetbrains.buildServer.SERVER - Thread dump automatically saved to file "C:\TeamCity\logs\threadDumps-2018-04-08\2018-04-08_16.01.34-memoryMonitor.txt" with summary: GC usage exceeded 50% threshold and is now 65%. GC was fired 135 times since server start and consumed total 86879ms. Current memory usage: 169.95 MB. 
[2018-04-08 16:02:35,876]   INFO -   jetbrains.buildServer.SERVER - JSP pre-compilation finished, pre-compiled 198 files in 1430762ms 
[2018-04-08 16:29:53,741]   INFO - s.buildServer.ACTIVITIES.AUDIT - agent_authorize: Agent ""ip_172.17.231.177" {id=2}" was authorized by "'username' (josh) {id=1}" 
[2018-04-08 16:52:10,343]   INFO -    jetbrains.buildServer.AGENT - Agent "ip_172.17.231.177" {id=2, protocol=unidirectional, host=172.17.231.177:9090, agentTypeId=2, pool=Default, registered since 2018-04-08 15:53:32.762} can't be pinged. 
[2018-04-08 16:52:10,353]   INFO - ldServer.AGENT.PollingProtocol - Polling Agent session 'lmNBac6...' was closed, agent: "ip_172.17.231.177" {id=2} 
[2018-04-08 16:52:10,456]   INFO -    jetbrains.buildServer.AGENT - Agent "ip_172.17.231.177" {id=2} has been unregistered. Reason: Cannot access agent 
[2018-04-08 20:38:25,173]   INFO -    jetbrains.buildServer.AGENT - Agent has been registered: "ip_172.17.231.177" {id=2, protocol=unidirectional, host=172.17.231.177:9090, agentTypeId=2, pool=Default, registered since 2018-04-08 20:38:24.772}, not running a build 
[2018-04-08 20:38:25,258]   INFO - ldServer.AGENT.PollingProtocol - Polling Agent session '8gLWN5J...' was created, agent: "ip_172.17.231.177" {id=2} 
