Apr 08, 2018 10:54:44 AM org.apache.catalina.core.ApplicationContext log
INFO: Initializing AtmosphereFramework
Apr 08, 2018 10:54:50 AM org.apache.catalina.core.ApplicationContext log
INFO: No Spring WebApplicationInitializer types detected on classpath
Apr 08, 2018 10:59:19 AM org.apache.catalina.core.ApplicationContext log
INFO: Initializing Spring FrameworkServlet 'buildServer'
Apr 08, 2018 11:01:43 AM com.sun.jersey.server.impl.application.WebApplicationImpl _initiate
INFO: Initiating Jersey application, version 'Jersey: 1.11 12/09/2011 10:27 AM'
Apr 08, 2018 11:02:42 AM org.apache.jasper.compiler.TldLocationsCache tldScanJar
INFO: At least one JAR was scanned for TLDs yet contained no TLDs. Enable debug logging for this logger for a complete list of JARs that were scanned but no TLDs were found in them. Skipping unneeded JARs during scanning can improve startup time and JSP compilation time.
Apr 08, 2018 11:03:18 AM com.sun.jersey.server.impl.application.WebApplicationImpl _initiate
INFO: Initiating Jersey application, version 'Jersey: 1.19 02/11/2015 03:25 AM'
Apr 08, 2018 11:03:18 AM com.sun.jersey.server.impl.application.DeferredResourceConfig$ApplicationHolder <init>
INFO: Instantiated the Application class jetbrains.buildServer.server.rest.jersey.ExtensionsAwareResourceConfig
Apr 08, 2018 11:03:22 AM com.sun.jersey.api.wadl.config.WadlGeneratorLoader loadWadlGenerator
INFO: Loading wadlGenerator com.sun.jersey.server.wadl.generators.WadlGeneratorApplicationDoc
Apr 08, 2018 11:03:22 AM com.sun.jersey.api.wadl.config.WadlGeneratorLoader loadWadlGenerator
INFO: Loading wadlGenerator jetbrains.buildServer.server.rest.jersey.WadlGenerator$PatchedWadlGenerator
Apr 08, 2018 11:03:22 AM com.sun.jersey.api.wadl.config.WadlGeneratorLoader loadWadlGenerator
INFO: Loading wadlGenerator com.sun.jersey.server.wadl.generators.resourcedoc.WadlGeneratorResourceDocSupport
Apr 08, 2018 3:34:34 PM org.apache.catalina.core.ApplicationContext log
INFO: Initializing AtmosphereFramework
Apr 08, 2018 3:34:41 PM org.apache.catalina.core.ApplicationContext log
INFO: No Spring WebApplicationInitializer types detected on classpath
Apr 08, 2018 3:35:46 PM org.apache.catalina.core.ApplicationContext log
INFO: Initializing Spring FrameworkServlet 'buildServer'
Apr 08, 2018 3:40:00 PM com.sun.jersey.server.impl.application.WebApplicationImpl _initiate
INFO: Initiating Jersey application, version 'Jersey: 1.11 12/09/2011 10:27 AM'
Apr 08, 2018 3:40:22 PM org.apache.jasper.compiler.TldLocationsCache tldScanJar
INFO: At least one JAR was scanned for TLDs yet contained no TLDs. Enable debug logging for this logger for a complete list of JARs that were scanned but no TLDs were found in them. Skipping unneeded JARs during scanning can improve startup time and JSP compilation time.
Apr 08, 2018 3:40:40 PM com.sun.jersey.server.impl.application.WebApplicationImpl _initiate
INFO: Initiating Jersey application, version 'Jersey: 1.19 02/11/2015 03:25 AM'
Apr 08, 2018 3:40:41 PM com.sun.jersey.server.impl.application.DeferredResourceConfig$ApplicationHolder <init>
INFO: Instantiated the Application class jetbrains.buildServer.server.rest.jersey.ExtensionsAwareResourceConfig
Apr 08, 2018 3:40:43 PM com.sun.jersey.api.wadl.config.WadlGeneratorLoader loadWadlGenerator
INFO: Loading wadlGenerator com.sun.jersey.server.wadl.generators.WadlGeneratorApplicationDoc
Apr 08, 2018 3:40:44 PM com.sun.jersey.api.wadl.config.WadlGeneratorLoader loadWadlGenerator
INFO: Loading wadlGenerator jetbrains.buildServer.server.rest.jersey.WadlGenerator$PatchedWadlGenerator
Apr 08, 2018 3:40:44 PM com.sun.jersey.api.wadl.config.WadlGeneratorLoader loadWadlGenerator
INFO: Loading wadlGenerator com.sun.jersey.server.wadl.generators.resourcedoc.WadlGeneratorResourceDocSupport
Apr 08, 2018 9:14:33 PM org.apache.catalina.core.ApplicationContext log
INFO: Initializing AtmosphereFramework
Apr 08, 2018 9:14:33 PM org.apache.catalina.core.ApplicationContext log
INFO: No Spring WebApplicationInitializer types detected on classpath
Apr 08, 2018 9:14:41 PM org.apache.catalina.core.ApplicationContext log
INFO: Initializing Spring FrameworkServlet 'buildServer'
Apr 08, 2018 9:16:44 PM com.sun.jersey.server.impl.application.WebApplicationImpl _initiate
INFO: Initiating Jersey application, version 'Jersey: 1.11 12/09/2011 10:27 AM'
Apr 08, 2018 9:33:08 PM org.apache.catalina.core.ApplicationContext log
INFO: Initializing AtmosphereFramework
Apr 08, 2018 9:33:08 PM org.apache.catalina.core.ApplicationContext log
INFO: No Spring WebApplicationInitializer types detected on classpath
Apr 08, 2018 9:33:14 PM org.apache.catalina.core.ApplicationContext log
INFO: Initializing Spring FrameworkServlet 'buildServer'
Apr 08, 2018 9:34:12 PM com.sun.jersey.server.impl.application.WebApplicationImpl _initiate
INFO: Initiating Jersey application, version 'Jersey: 1.11 12/09/2011 10:27 AM'
Apr 08, 2018 9:34:29 PM com.sun.jersey.server.impl.application.WebApplicationImpl _initiate
INFO: Initiating Jersey application, version 'Jersey: 1.19 02/11/2015 03:25 AM'
Apr 08, 2018 9:34:30 PM com.sun.jersey.server.impl.application.DeferredResourceConfig$ApplicationHolder <init>
INFO: Instantiated the Application class jetbrains.buildServer.server.rest.jersey.ExtensionsAwareResourceConfig
Apr 08, 2018 9:34:32 PM com.sun.jersey.api.wadl.config.WadlGeneratorLoader loadWadlGenerator
INFO: Loading wadlGenerator com.sun.jersey.server.wadl.generators.WadlGeneratorApplicationDoc
Apr 08, 2018 9:34:32 PM com.sun.jersey.api.wadl.config.WadlGeneratorLoader loadWadlGenerator
INFO: Loading wadlGenerator jetbrains.buildServer.server.rest.jersey.WadlGenerator$PatchedWadlGenerator
Apr 08, 2018 9:34:32 PM com.sun.jersey.api.wadl.config.WadlGeneratorLoader loadWadlGenerator
INFO: Loading wadlGenerator com.sun.jersey.server.wadl.generators.resourcedoc.WadlGeneratorResourceDocSupport
Apr 08, 2018 9:37:59 PM org.apache.catalina.core.ApplicationContext log
INFO: Initializing AtmosphereFramework
Apr 08, 2018 9:38:04 PM org.apache.catalina.core.ApplicationContext log
INFO: No Spring WebApplicationInitializer types detected on classpath
Apr 08, 2018 9:39:02 PM org.apache.catalina.core.ApplicationContext log
INFO: Initializing Spring FrameworkServlet 'buildServer'
Apr 08, 2018 9:50:26 PM com.sun.jersey.server.impl.application.WebApplicationImpl _initiate
INFO: Initiating Jersey application, version 'Jersey: 1.11 12/09/2011 10:27 AM'
Apr 08, 2018 9:50:57 PM org.apache.jasper.compiler.TldLocationsCache tldScanJar
INFO: At least one JAR was scanned for TLDs yet contained no TLDs. Enable debug logging for this logger for a complete list of JARs that were scanned but no TLDs were found in them. Skipping unneeded JARs during scanning can improve startup time and JSP compilation time.
Apr 08, 2018 9:51:17 PM com.sun.jersey.server.impl.application.WebApplicationImpl _initiate
INFO: Initiating Jersey application, version 'Jersey: 1.19 02/11/2015 03:25 AM'
Apr 08, 2018 9:51:19 PM com.sun.jersey.server.impl.application.DeferredResourceConfig$ApplicationHolder <init>
INFO: Instantiated the Application class jetbrains.buildServer.server.rest.jersey.ExtensionsAwareResourceConfig
Apr 08, 2018 9:51:27 PM com.sun.jersey.api.wadl.config.WadlGeneratorLoader loadWadlGenerator
INFO: Loading wadlGenerator com.sun.jersey.server.wadl.generators.WadlGeneratorApplicationDoc
Apr 08, 2018 9:51:27 PM com.sun.jersey.api.wadl.config.WadlGeneratorLoader loadWadlGenerator
INFO: Loading wadlGenerator jetbrains.buildServer.server.rest.jersey.WadlGenerator$PatchedWadlGenerator
Apr 08, 2018 9:51:27 PM com.sun.jersey.api.wadl.config.WadlGeneratorLoader loadWadlGenerator
INFO: Loading wadlGenerator com.sun.jersey.server.wadl.generators.resourcedoc.WadlGeneratorResourceDocSupport
