[2018-04-08 11:02:07,229]   INFO - r.maven.remote.MavenServerImpl - Starting maven server with following arguments: [teamcity-mavenServer] 
[2018-04-08 11:02:10,309]   INFO - r.maven.remote.MavenServerImpl - Successfully created registry using port [50185] 
[2018-04-08 11:02:10,321]   INFO - r.maven.remote.MavenServerImpl - Successfully bound Maven Server to name: [teamcity-mavenServer] 
[2018-04-08 11:02:10,374]   INFO - r.maven.remote.MavenServerImpl - using name of running JVM: [1908@c6292e787196] 
[2018-04-08 11:02:10,375]   INFO - r.maven.remote.MavenServerImpl - Printed following string to output: [1908/50185] 
[2018-04-08 15:29:14,728]   INFO - r.maven.remote.MavenServerImpl - Suicide Watcher: shutting down server due to activity on system.in stream 
[2018-04-08 15:29:14,743]   WARN - r.maven.remote.MavenServerImpl - Forced shutdown due to: [Suicide Watcher: shutting down server due to activity on system.in stream] 
[2018-04-08 15:29:14,790]   INFO - r.maven.remote.MavenServerImpl - Shutdown sequence complete 
[2018-04-08 15:29:14,806]   INFO - r.maven.remote.MavenServerImpl - The JVM is shutting down. 
[2018-04-08 15:39:55,192]   INFO - r.maven.remote.MavenServerImpl - Starting maven server with following arguments: [teamcity-mavenServer] 
[2018-04-08 15:39:56,719]   INFO - r.maven.remote.MavenServerImpl - Successfully created registry using port [55339] 
[2018-04-08 15:39:56,720]   INFO - r.maven.remote.MavenServerImpl - Successfully bound Maven Server to name: [teamcity-mavenServer] 
[2018-04-08 15:39:56,738]   INFO - r.maven.remote.MavenServerImpl - using name of running JVM: [912@57992b8f0f31] 
[2018-04-08 15:39:56,739]   INFO - r.maven.remote.MavenServerImpl - Printed following string to output: [912/55339] 
[2018-04-08 21:13:35,372]   INFO - r.maven.remote.MavenServerImpl - Suicide Watcher: shutting down server due to activity on system.in stream 
[2018-04-08 21:13:35,403]   WARN - r.maven.remote.MavenServerImpl - Forced shutdown due to: [Suicide Watcher: shutting down server due to activity on system.in stream] 
[2018-04-08 21:13:35,497]   INFO - r.maven.remote.MavenServerImpl - Shutdown sequence complete 
[2018-04-08 21:13:35,560]   INFO - r.maven.remote.MavenServerImpl - The JVM is shutting down. 
[2018-04-08 21:16:31,801]   INFO - r.maven.remote.MavenServerImpl - Starting maven server with following arguments: [teamcity-mavenServer] 
[2018-04-08 21:16:34,724]   INFO - r.maven.remote.MavenServerImpl - Successfully created registry using port [53428] 
[2018-04-08 21:16:34,733]   INFO - r.maven.remote.MavenServerImpl - Successfully bound Maven Server to name: [teamcity-mavenServer] 
[2018-04-08 21:16:34,876]   INFO - r.maven.remote.MavenServerImpl - using name of running JVM: [1256@57992b8f0f31] 
[2018-04-08 21:16:34,877]   INFO - r.maven.remote.MavenServerImpl - Printed following string to output: [1256/53428] 
[2018-04-08 21:18:36,583]   INFO - r.maven.remote.MavenServerImpl - Suicide Watcher: shutting down server due to activity on system.in stream 
[2018-04-08 21:18:36,602]   WARN - r.maven.remote.MavenServerImpl - Forced shutdown due to: [Suicide Watcher: shutting down server due to activity on system.in stream] 
[2018-04-08 21:18:36,632]   INFO - r.maven.remote.MavenServerImpl - Shutdown sequence complete 
[2018-04-08 21:18:36,646]   INFO - r.maven.remote.MavenServerImpl - The JVM is shutting down. 
[2018-04-08 21:34:17,336]   INFO - r.maven.remote.MavenServerImpl - Starting maven server with following arguments: [teamcity-mavenServer] 
[2018-04-08 21:34:17,641]   INFO - r.maven.remote.MavenServerImpl - Successfully created registry using port [53094] 
[2018-04-08 21:34:17,643]   INFO - r.maven.remote.MavenServerImpl - Successfully bound Maven Server to name: [teamcity-mavenServer] 
[2018-04-08 21:34:17,648]   INFO - r.maven.remote.MavenServerImpl - using name of running JVM: [788@e44603919ce2] 
[2018-04-08 21:34:17,650]   INFO - r.maven.remote.MavenServerImpl - Printed following string to output: [788/53094] 
[2018-04-08 21:34:52,305]   INFO - r.maven.remote.MavenServerImpl - Suicide Watcher: shutting down server due to activity on system.in stream 
[2018-04-08 21:34:52,320]   WARN - r.maven.remote.MavenServerImpl - Forced shutdown due to: [Suicide Watcher: shutting down server due to activity on system.in stream] 
[2018-04-08 21:34:52,333]   INFO - r.maven.remote.MavenServerImpl - Shutdown sequence complete 
[2018-04-08 21:34:52,416]   INFO - r.maven.remote.MavenServerImpl - The JVM is shutting down. 
[2018-04-08 21:50:37,287]   INFO - r.maven.remote.MavenServerImpl - Starting maven server with following arguments: [teamcity-mavenServer] 
[2018-04-08 21:50:38,672]   INFO - r.maven.remote.MavenServerImpl - Successfully created registry using port [51791] 
[2018-04-08 21:50:38,672]   INFO - r.maven.remote.MavenServerImpl - Successfully bound Maven Server to name: [teamcity-mavenServer] 
[2018-04-08 21:50:38,672]   INFO - r.maven.remote.MavenServerImpl - using name of running JVM: [2020@3269133d9a59] 
[2018-04-08 21:50:38,687]   INFO - r.maven.remote.MavenServerImpl - Printed following string to output: [2020/51791] 
[2018-04-08 22:23:05,573]   INFO - r.maven.remote.MavenServerImpl - Suicide Watcher: shutting down server due to activity on system.in stream 
[2018-04-08 22:23:05,656]   WARN - r.maven.remote.MavenServerImpl - Forced shutdown due to: [Suicide Watcher: shutting down server due to activity on system.in stream] 
[2018-04-08 22:23:05,776]   INFO - r.maven.remote.MavenServerImpl - Shutdown sequence complete 
[2018-04-08 22:23:05,965]   INFO - r.maven.remote.MavenServerImpl - The JVM is shutting down. 
